[0.027s] Invoking command in '/home/yubinkim/workspace/common_packages/build_jazzy/dynamixel_sdk': CMAKE_PREFIX_PATH=${CMAKE_PREFIX_PATH}:/home/yubinkim/workspace/hexa_teleoperation/install_jazzy/dynamixel_test_ctrl:/home/yubinkim/workspace/omni_hexa/install_jazzy/dynamixel_test_ctrl:/opt/ros/jazzy DEBUGINFOD_URLS=https://debuginfod.ubuntu.com /usr/bin/cmake /home/yubinkim/workspace/common_packages/src/DynamixelSDK/ros/dynamixel_sdk -DAMENT_CMAKE_SYMLINK_INSTALL=1 -DCMAKE_INSTALL_PREFIX=/home/yubinkim/workspace/common_packages/install_jazzy/dynamixel_sdk
[0.148s] -- The C compiler identification is GNU 13.3.0
[0.249s] -- The CXX compiler identification is GNU 13.3.0
[0.280s] -- Detecting C compiler ABI info
[0.429s] -- Detecting C compiler ABI info - done
[0.444s] -- Check for working C compiler: /usr/bin/cc - skipped
[0.445s] -- Detecting C compile features
[0.445s] -- Detecting C compile features - done
[0.462s] -- Detecting CXX compiler ABI info
[0.623s] -- Detecting CXX compiler ABI info - done
[0.653s] -- Check for working CXX compiler: /usr/bin/c++ - skipped
[0.654s] -- Detecting CXX compile features
[0.656s] -- Detecting CXX compile features - done
[0.664s] -- Found ament_cmake: 2.5.4 (/opt/ros/jazzy/share/ament_cmake/cmake)
[0.927s] -- Found Python3: /usr/bin/python3 (found version "3.12.3") found components: Interpreter 
[1.049s] -- Override CMake install command with custom implementation using symlinks instead of copying resources
[1.568s] -- Configuring done (1.5s)
[1.578s] -- Generating done (0.0s)
[1.582s] -- Build files have been written to: /home/yubinkim/workspace/common_packages/build_jazzy/dynamixel_sdk
[1.589s] Invoked command in '/home/yubinkim/workspace/common_packages/build_jazzy/dynamixel_sdk' returned '0': CMAKE_PREFIX_PATH=${CMAKE_PREFIX_PATH}:/home/yubinkim/workspace/hexa_teleoperation/install_jazzy/dynamixel_test_ctrl:/home/yubinkim/workspace/omni_hexa/install_jazzy/dynamixel_test_ctrl:/opt/ros/jazzy DEBUGINFOD_URLS=https://debuginfod.ubuntu.com /usr/bin/cmake /home/yubinkim/workspace/common_packages/src/DynamixelSDK/ros/dynamixel_sdk -DAMENT_CMAKE_SYMLINK_INSTALL=1 -DCMAKE_INSTALL_PREFIX=/home/yubinkim/workspace/common_packages/install_jazzy/dynamixel_sdk
[1.593s] Invoking command in '/home/yubinkim/workspace/common_packages/build_jazzy/dynamixel_sdk': CMAKE_PREFIX_PATH=${CMAKE_PREFIX_PATH}:/home/yubinkim/workspace/hexa_teleoperation/install_jazzy/dynamixel_test_ctrl:/home/yubinkim/workspace/omni_hexa/install_jazzy/dynamixel_test_ctrl:/opt/ros/jazzy DEBUGINFOD_URLS=https://debuginfod.ubuntu.com /usr/bin/cmake --build /home/yubinkim/workspace/common_packages/build_jazzy/dynamixel_sdk -- -j16 -l16
[1.679s] [ 22%] [32mBuilding CXX object CMakeFiles/dynamixel_sdk.dir/src/dynamixel_sdk/group_sync_read.cpp.o[0m
[1.679s] [ 22%] [32mBuilding CXX object CMakeFiles/dynamixel_sdk.dir/src/dynamixel_sdk/protocol2_packet_handler.cpp.o[0m
[1.679s] [ 22%] [32mBuilding CXX object CMakeFiles/dynamixel_sdk.dir/src/dynamixel_sdk/packet_handler.cpp.o[0m
[1.680s] [ 22%] [32mBuilding CXX object CMakeFiles/dynamixel_sdk.dir/src/dynamixel_sdk/protocol1_packet_handler.cpp.o[0m
[1.680s] [ 27%] [32mBuilding CXX object CMakeFiles/dynamixel_sdk.dir/src/dynamixel_sdk/group_bulk_read.cpp.o[0m
[1.680s] [ 33%] [32mBuilding CXX object CMakeFiles/dynamixel_sdk.dir/src/dynamixel_sdk/group_bulk_write.cpp.o[0m
[1.680s] [ 38%] [32mBuilding CXX object CMakeFiles/dynamixel_sdk.dir/src/dynamixel_sdk/group_fast_bulk_read.cpp.o[0m
[1.682s] [ 44%] [32mBuilding CXX object CMakeFiles/dynamixel_sdk.dir/src/dynamixel_sdk/port_handler.cpp.o[0m
[1.685s] [ 50%] [32mBuilding CXX object CMakeFiles/dynamixel_sdk.dir/src/dynamixel_easy_sdk/connector.cpp.o[0m
[1.685s] [ 55%] [32mBuilding CXX object CMakeFiles/dynamixel_sdk.dir/src/dynamixel_sdk/group_sync_write.cpp.o[0m
[1.686s] [ 61%] [32mBuilding CXX object CMakeFiles/dynamixel_sdk.dir/src/dynamixel_sdk/group_handler.cpp.o[0m
[1.688s] [ 66%] [32mBuilding CXX object CMakeFiles/dynamixel_sdk.dir/src/dynamixel_easy_sdk/control_table.cpp.o[0m
[1.691s] [ 72%] [32mBuilding CXX object CMakeFiles/dynamixel_sdk.dir/src/dynamixel_easy_sdk/dynamixel_error.cpp.o[0m
[1.693s] [ 77%] [32mBuilding CXX object CMakeFiles/dynamixel_sdk.dir/src/dynamixel_sdk/group_fast_sync_read.cpp.o[0m
[1.693s] [ 77%] Built target ament_cmake_python_symlink_dynamixel_sdk
[1.695s] [ 77%] Built target ament_cmake_python_symlink_dynamixel_easy_sdk
[1.711s] [ 83%] [32mBuilding CXX object CMakeFiles/dynamixel_sdk.dir/src/dynamixel_easy_sdk/motor.cpp.o[0m
[1.720s] [ 88%] [32mBuilding CXX object CMakeFiles/dynamixel_sdk.dir/src/dynamixel_easy_sdk/group_executor.cpp.o[0m
[1.764s] [ 94%] [32mBuilding CXX object CMakeFiles/dynamixel_sdk.dir/src/dynamixel_sdk/port_handler_linux.cpp.o[0m
[2.173s] running egg_info
[2.174s] creating dynamixel_sdk.egg-info
[2.192s] writing dynamixel_sdk.egg-info/PKG-INFO
[2.193s] writing dependency_links to dynamixel_sdk.egg-info/dependency_links.txt
[2.193s] writing top-level names to dynamixel_sdk.egg-info/top_level.txt
[2.193s] writing manifest file 'dynamixel_sdk.egg-info/SOURCES.txt'
[2.239s] running egg_info
[2.240s] creating dynamixel_easy_sdk.egg-info
[2.247s] reading manifest file 'dynamixel_sdk.egg-info/SOURCES.txt'
[2.248s] writing manifest file 'dynamixel_sdk.egg-info/SOURCES.txt'
[2.259s] writing dynamixel_easy_sdk.egg-info/PKG-INFO
[2.260s] writing dependency_links to dynamixel_easy_sdk.egg-info/dependency_links.txt
[2.260s] writing top-level names to dynamixel_easy_sdk.egg-info/top_level.txt
[2.260s] writing manifest file 'dynamixel_easy_sdk.egg-info/SOURCES.txt'
[2.284s] [ 94%] Built target ament_cmake_python_build_dynamixel_sdk_egg
[2.314s] reading manifest file 'dynamixel_easy_sdk.egg-info/SOURCES.txt'
[2.315s] writing manifest file 'dynamixel_easy_sdk.egg-info/SOURCES.txt'
[2.355s] [ 94%] Built target ament_cmake_python_build_dynamixel_easy_sdk_egg
[2.984s] [100%] [32m[1mLinking CXX shared library libdynamixel_sdk.so[0m
[3.179s] [100%] Built target dynamixel_sdk
