[0.024s] Invoking command in '/home/yubinkim/workspace/common_packages/build_jazzy/ros2_optitrack_bridge': CMAKE_PREFIX_PATH=${CMAKE_PREFIX_PATH}:/home/yubinkim/workspace/hexa_teleoperation/install_jazzy/dynamixel_test_ctrl:/home/yubinkim/workspace/omni_hexa/install_jazzy/dynamixel_test_ctrl:/opt/ros/jazzy DEBUGINFOD_URLS=https://debuginfod.ubuntu.com /usr/bin/cmake /home/yubinkim/workspace/common_packages/src/ros2_optitrack_bridge -DAMENT_CMAKE_SYMLINK_INSTALL=1 -DCMAKE_INSTALL_PREFIX=/home/yubinkim/workspace/common_packages/install_jazzy/ros2_optitrack_bridge
[0.141s] -- The C compiler identification is GNU 13.3.0
[0.241s] -- The CXX compiler identification is GNU 13.3.0
[0.273s] -- Detecting C compiler ABI info
[0.411s] -- Detecting C compiler ABI info - done
[0.424s] -- Check for working C compiler: /usr/bin/cc - skipped
[0.424s] -- Detecting C compile features
[0.425s] -- Detecting C compile features - done
[0.443s] -- Detecting CXX compiler ABI info
[0.610s] -- Detecting CXX compiler ABI info - done
[0.626s] -- Check for working CXX compiler: /usr/bin/c++ - skipped
[0.627s] -- Detecting CXX compile features
[0.628s] -- Detecting CXX compile features - done
[0.631s] -- Found ament_cmake: 2.5.4 (/opt/ros/jazzy/share/ament_cmake/cmake)
[0.896s] -- Found Python3: /usr/bin/python3 (found version "3.12.3") found components: Interpreter 
[1.015s] -- Override CMake install command with custom implementation using symlinks instead of copying resources
[1.096s] -- Found rclcpp: 28.1.12 (/opt/ros/jazzy/share/rclcpp/cmake)
[1.183s] -- Found rosidl_generator_c: 4.6.6 (/opt/ros/jazzy/share/rosidl_generator_c/cmake)
[1.197s] -- Found rosidl_generator_cpp: 4.6.6 (/opt/ros/jazzy/share/rosidl_generator_cpp/cmake)
[1.213s] -- Using all available rosidl_typesupport_c: rosidl_typesupport_fastrtps_c;rosidl_typesupport_introspection_c
[1.233s] -- Using all available rosidl_typesupport_cpp: rosidl_typesupport_fastrtps_cpp;rosidl_typesupport_introspection_cpp
[1.314s] -- Found rmw_implementation_cmake: 7.3.2 (/opt/ros/jazzy/share/rmw_implementation_cmake/cmake)
[1.317s] -- Found rmw_fastrtps_cpp: 8.4.3 (/opt/ros/jazzy/share/rmw_fastrtps_cpp/cmake)
[1.430s] -- Found OpenSSL: /usr/lib/x86_64-linux-gnu/libcrypto.so (found version "3.0.13")  
[1.471s] -- Found FastRTPS: /opt/ros/jazzy/include (Required is at least version "2.13") 
[1.516s] -- Using RMW implementation 'rmw_fastrtps_cpp' as default
[1.654s] -- Found std_msgs: 5.3.6 (/opt/ros/jazzy/share/std_msgs/cmake)
[1.670s] -- Found geometry_msgs: 5.3.6 (/opt/ros/jazzy/share/geometry_msgs/cmake)
[1.693s] -- Found nav_msgs: 5.3.6 (/opt/ros/jazzy/share/nav_msgs/cmake)
[1.742s] [31mCMake Error at CMakeLists.txt:20 (find_package):
[1.742s]   By not providing "Findpx4_msgs.cmake" in CMAKE_MODULE_PATH this project has
[1.742s]   asked CMake to find a package configuration file provided by "px4_msgs",
[1.742s]   but CMake did not find one.
[1.742s] 
[1.742s]   Could not find a package configuration file provided by "px4_msgs" with any
[1.742s]   of the following names:
[1.742s] 
[1.743s]     px4_msgsConfig.cmake
[1.743s]     px4_msgs-config.cmake
[1.743s] 
[1.743s]   Add the installation prefix of "px4_msgs" to CMAKE_PREFIX_PATH or set
[1.743s]   "px4_msgs_DIR" to a directory containing one of the above files.  If
[1.743s]   "px4_msgs" provides a separate development package or SDK, be sure it has
[1.743s]   been installed.
[1.743s] 
[1.743s] [0m
[1.746s] -- Configuring incomplete, errors occurred!
[1.758s] Invoked command in '/home/yubinkim/workspace/common_packages/build_jazzy/ros2_optitrack_bridge' returned '1': CMAKE_PREFIX_PATH=${CMAKE_PREFIX_PATH}:/home/yubinkim/workspace/hexa_teleoperation/install_jazzy/dynamixel_test_ctrl:/home/yubinkim/workspace/omni_hexa/install_jazzy/dynamixel_test_ctrl:/opt/ros/jazzy DEBUGINFOD_URLS=https://debuginfod.ubuntu.com /usr/bin/cmake /home/yubinkim/workspace/common_packages/src/ros2_optitrack_bridge -DAMENT_CMAKE_SYMLINK_INSTALL=1 -DCMAKE_INSTALL_PREFIX=/home/yubinkim/workspace/common_packages/install_jazzy/ros2_optitrack_bridge
