[0.022s] Invoking command in '/home/yubinkim/workspace/common_packages/build_jazzy/px4_ros_com': CMAKE_PREFIX_PATH=/home/yubinkim/workspace/common_packages/install_jazzy/px4_msgs:/home/yubinkim/workspace/hexa_teleoperation/install_jazzy/ui_teleop:/home/yubinkim/workspace/hexa_teleoperation/install_jazzy/ui_controller:/home/yubinkim/workspace/hexa_teleoperation/install_jazzy/tiltrotor_pid_controller:/home/yubinkim/workspace/hexa_teleoperation/install_jazzy/tiltrotor_nmpc_controller:/home/yubinkim/workspace/hexa_teleoperation/install_jazzy/tiltrotor_grite_controller:/home/yubinkim/workspace/hexa_teleoperation/install_jazzy/tiltrotor_da_grite_controller:/home/yubinkim/workspace/hexa_teleoperation/install_jazzy/tiltrotor_bs_pid_controller:/home/yubinkim/workspace/hexa_teleoperation/install_jazzy/tiltrotor_bs_grite_controller:/home/yubinkim/workspace/omni_hexa/install_jazzy/ui_controller:/home/yubinkim/workspace/omni_hexa/install_jazzy/geometric_controller_decoupled:/home/yubinkim/workspace/common_packages/install_jazzy/ros2_optitrack_bridge:/home/yubinkim/workspace/common_packages/install_jazzy/px4_ros_com:/home/yubinkim/workspace/common_packages/install_jazzy/dynamixel_workbench:/home/yubinkim/workspace/common_packages/install_jazzy/dynamixel_workbench_toolbox:/home/yubinkim/workspace/common_packages/install_jazzy/dynamixel_sdk_examples:/home/yubinkim/workspace/common_packages/install_jazzy/dynamixel_sdk_custom_interfaces:/home/yubinkim/workspace/common_packages/install_jazzy/dynamixel_sdk:/opt/ros/jazzy/opt/gz_math_vendor:/opt/ros/jazzy/opt/gz_utils_vendor:/opt/ros/jazzy/opt/gz_cmake_vendor:/home/yubinkim/workspace/hexa_teleoperation/install_jazzy/dynamixel_test_ctrl:/home/yubinkim/workspace/omni_hexa/install_jazzy/dynamixel_test_ctrl:/opt/ros/jazzy DEBUGINFOD_URLS=https://debuginfod.ubuntu.com LD_LIBRARY_PATH=/home/yubinkim/workspace/common_packages/install_jazzy/px4_msgs/lib:/home/yubinkim/workspace/common_packages/install_jazzy/ros2_optitrack_bridge/lib:/home/yubinkim/workspace/common_packages/install_jazzy/px4_ros_com/lib:/home/yubinkim/workspace/common_packages/install_jazzy/dynamixel_workbench_toolbox/lib:/home/yubinkim/workspace/common_packages/install_jazzy/dynamixel_sdk_custom_interfaces/lib:/home/yubinkim/workspace/common_packages/install_jazzy/dynamixel_sdk/lib:/opt/ros/jazzy/opt/rviz_ogre_vendor/lib:/opt/ros/jazzy/lib/x86_64-linux-gnu:/opt/ros/jazzy/opt/gz_math_vendor/lib:/opt/ros/jazzy/opt/gz_utils_vendor/lib:/opt/ros/jazzy/opt/gz_cmake_vendor/lib:/opt/ros/jazzy/lib PYTHONPATH=/home/yubinkim/workspace/common_packages/install_jazzy/px4_msgs/lib/python3.12/site-packages:/home/yubinkim/workspace/hexa_teleoperation/build_jazzy/dynamixel_test_ctrl:/home/yubinkim/workspace/hexa_teleoperation/install_jazzy/dynamixel_test_ctrl/lib/python3.12/site-packages:/home/yubinkim/workspace/omni_hexa/build_jazzy/dynamixel_test_ctrl:/home/yubinkim/workspace/omni_hexa/install_jazzy/dynamixel_test_ctrl/lib/python3.12/site-packages:/home/yubinkim/workspace/common_packages/install_jazzy/px4_ros_com/lib/python3.12/site-packages:/home/yubinkim/workspace/common_packages/install_jazzy/dynamixel_sdk_custom_interfaces/lib/python3.12/site-packages:/home/yubinkim/workspace/common_packages/install_jazzy/dynamixel_sdk/lib/python3.12/site-packages:/opt/ros/jazzy/lib/python3.12/site-packages /usr/bin/cmake /home/yubinkim/workspace/common_packages/src/px4_ros_com -DAMENT_CMAKE_SYMLINK_INSTALL=1 -DCMAKE_INSTALL_PREFIX=/home/yubinkim/workspace/common_packages/install_jazzy/px4_ros_com
[0.148s] -- The C compiler identification is GNU 13.3.0
[0.252s] -- The CXX compiler identification is GNU 13.3.0
[0.291s] -- Detecting C compiler ABI info
[0.483s] -- Detecting C compiler ABI info - done
[0.499s] -- Check for working C compiler: /usr/bin/cc - skipped
[0.499s] -- Detecting C compile features
[0.500s] -- Detecting C compile features - done
[0.516s] -- Detecting CXX compiler ABI info
[0.764s] -- Detecting CXX compiler ABI info - done
[0.781s] -- Check for working CXX compiler: /usr/bin/c++ - skipped
[0.781s] -- Detecting CXX compile features
[0.782s] -- Detecting CXX compile features - done
[0.788s] -- Found ament_cmake: 2.5.4 (/opt/ros/jazzy/share/ament_cmake/cmake)
[1.121s] -- Found Python3: /usr/bin/python3 (found version "3.12.3") found components: Interpreter 
[1.269s] -- Override CMake install command with custom implementation using symlinks instead of copying resources
[1.327s] -- Found builtin_interfaces: 2.0.3 (/opt/ros/jazzy/share/builtin_interfaces/cmake)
[1.396s] -- Found rosidl_generator_c: 4.6.6 (/opt/ros/jazzy/share/rosidl_generator_c/cmake)
[1.419s] -- Found rosidl_generator_cpp: 4.6.6 (/opt/ros/jazzy/share/rosidl_generator_cpp/cmake)
[1.448s] -- Using all available rosidl_typesupport_c: rosidl_typesupport_fastrtps_c;rosidl_typesupport_introspection_c
[1.481s] -- Using all available rosidl_typesupport_cpp: rosidl_typesupport_fastrtps_cpp;rosidl_typesupport_introspection_cpp
[1.511s] -- Found eigen3_cmake_module: 0.3.0 (/opt/ros/jazzy/share/eigen3_cmake_module/cmake)
[1.525s] -- Found Eigen3: TRUE (found version "3.4.0") 
[1.528s] -- Found geometry_msgs: 5.3.6 (/opt/ros/jazzy/share/geometry_msgs/cmake)
[1.604s] -- Found px4_msgs: 2.0.1 (/home/yubinkim/workspace/common_packages/install_jazzy/px4_msgs/share/px4_msgs/cmake)
[1.674s] -- Found rclcpp: 28.1.12 (/opt/ros/jazzy/share/rclcpp/cmake)
[1.769s] -- Found rmw_implementation_cmake: 7.3.2 (/opt/ros/jazzy/share/rmw_implementation_cmake/cmake)
[1.775s] -- Found rmw_fastrtps_cpp: 8.4.3 (/opt/ros/jazzy/share/rmw_fastrtps_cpp/cmake)
[1.952s] -- Found OpenSSL: /usr/lib/x86_64-linux-gnu/libcrypto.so (found version "3.0.13")  
[2.001s] -- Found FastRTPS: /opt/ros/jazzy/include (Required is at least version "2.13") 
[2.053s] -- Using RMW implementation 'rmw_fastrtps_cpp' as default
[2.206s] -- Found sensor_msgs: 5.3.6 (/opt/ros/jazzy/share/sensor_msgs/cmake)
[2.261s] -- Found rclpy: 7.1.5 (/opt/ros/jazzy/share/rclpy/cmake)
[2.295s] -- Found ament_lint_auto: 0.17.3 (/opt/ros/jazzy/share/ament_lint_auto/cmake)
[2.551s] -- Added test 'copyright' to check source files copyright and LICENSE
[2.555s] -- Added test 'cppcheck' to perform static code analysis on C / C++ code
[2.556s] -- Configured cppcheck include dirs: /home/yubinkim/workspace/common_packages/src/px4_ros_com/include;$<BUILD_INTERFACE:/home/yubinkim/workspace/common_packages/src/px4_ros_com/include/px4_ros_com>
[2.556s] -- Configured cppcheck exclude dirs and/or files: 
[2.560s] -- Added test 'cpplint' to check C / C++ code against the Google style
[2.561s] -- Configured cpplint exclude dirs and/or files: 
[2.562s] -- Added test 'flake8' to check Python code syntax and style conventions
[2.564s] -- Configured 'flake8' exclude dirs and/or files: 
[2.564s] -- Added test 'lint_cmake' to check CMake code style
[2.565s] -- Added test 'pep257' to check Python code against some of the docstring style conventions in PEP 257
[2.569s] -- Added test 'uncrustify' to check C / C++ code style
[2.569s] -- Configured uncrustify additional arguments: 
[2.571s] -- Added test 'xmllint' to check XML markup files
[2.576s] -- Configuring done (2.5s)
[2.622s] -- Generating done (0.0s)
[2.638s] -- Build files have been written to: /home/yubinkim/workspace/common_packages/build_jazzy/px4_ros_com
[2.661s] Invoked command in '/home/yubinkim/workspace/common_packages/build_jazzy/px4_ros_com' returned '0': CMAKE_PREFIX_PATH=/home/yubinkim/workspace/common_packages/install_jazzy/px4_msgs:/home/yubinkim/workspace/hexa_teleoperation/install_jazzy/ui_teleop:/home/yubinkim/workspace/hexa_teleoperation/install_jazzy/ui_controller:/home/yubinkim/workspace/hexa_teleoperation/install_jazzy/tiltrotor_pid_controller:/home/yubinkim/workspace/hexa_teleoperation/install_jazzy/tiltrotor_nmpc_controller:/home/yubinkim/workspace/hexa_teleoperation/install_jazzy/tiltrotor_grite_controller:/home/yubinkim/workspace/hexa_teleoperation/install_jazzy/tiltrotor_da_grite_controller:/home/yubinkim/workspace/hexa_teleoperation/install_jazzy/tiltrotor_bs_pid_controller:/home/yubinkim/workspace/hexa_teleoperation/install_jazzy/tiltrotor_bs_grite_controller:/home/yubinkim/workspace/omni_hexa/install_jazzy/ui_controller:/home/yubinkim/workspace/omni_hexa/install_jazzy/geometric_controller_decoupled:/home/yubinkim/workspace/common_packages/install_jazzy/ros2_optitrack_bridge:/home/yubinkim/workspace/common_packages/install_jazzy/px4_ros_com:/home/yubinkim/workspace/common_packages/install_jazzy/dynamixel_workbench:/home/yubinkim/workspace/common_packages/install_jazzy/dynamixel_workbench_toolbox:/home/yubinkim/workspace/common_packages/install_jazzy/dynamixel_sdk_examples:/home/yubinkim/workspace/common_packages/install_jazzy/dynamixel_sdk_custom_interfaces:/home/yubinkim/workspace/common_packages/install_jazzy/dynamixel_sdk:/opt/ros/jazzy/opt/gz_math_vendor:/opt/ros/jazzy/opt/gz_utils_vendor:/opt/ros/jazzy/opt/gz_cmake_vendor:/home/yubinkim/workspace/hexa_teleoperation/install_jazzy/dynamixel_test_ctrl:/home/yubinkim/workspace/omni_hexa/install_jazzy/dynamixel_test_ctrl:/opt/ros/jazzy DEBUGINFOD_URLS=https://debuginfod.ubuntu.com LD_LIBRARY_PATH=/home/yubinkim/workspace/common_packages/install_jazzy/px4_msgs/lib:/home/yubinkim/workspace/common_packages/install_jazzy/ros2_optitrack_bridge/lib:/home/yubinkim/workspace/common_packages/install_jazzy/px4_ros_com/lib:/home/yubinkim/workspace/common_packages/install_jazzy/dynamixel_workbench_toolbox/lib:/home/yubinkim/workspace/common_packages/install_jazzy/dynamixel_sdk_custom_interfaces/lib:/home/yubinkim/workspace/common_packages/install_jazzy/dynamixel_sdk/lib:/opt/ros/jazzy/opt/rviz_ogre_vendor/lib:/opt/ros/jazzy/lib/x86_64-linux-gnu:/opt/ros/jazzy/opt/gz_math_vendor/lib:/opt/ros/jazzy/opt/gz_utils_vendor/lib:/opt/ros/jazzy/opt/gz_cmake_vendor/lib:/opt/ros/jazzy/lib PYTHONPATH=/home/yubinkim/workspace/common_packages/install_jazzy/px4_msgs/lib/python3.12/site-packages:/home/yubinkim/workspace/hexa_teleoperation/build_jazzy/dynamixel_test_ctrl:/home/yubinkim/workspace/hexa_teleoperation/install_jazzy/dynamixel_test_ctrl/lib/python3.12/site-packages:/home/yubinkim/workspace/omni_hexa/build_jazzy/dynamixel_test_ctrl:/home/yubinkim/workspace/omni_hexa/install_jazzy/dynamixel_test_ctrl/lib/python3.12/site-packages:/home/yubinkim/workspace/common_packages/install_jazzy/px4_ros_com/lib/python3.12/site-packages:/home/yubinkim/workspace/common_packages/install_jazzy/dynamixel_sdk_custom_interfaces/lib/python3.12/site-packages:/home/yubinkim/workspace/common_packages/install_jazzy/dynamixel_sdk/lib/python3.12/site-packages:/opt/ros/jazzy/lib/python3.12/site-packages /usr/bin/cmake /home/yubinkim/workspace/common_packages/src/px4_ros_com -DAMENT_CMAKE_SYMLINK_INSTALL=1 -DCMAKE_INSTALL_PREFIX=/home/yubinkim/workspace/common_packages/install_jazzy/px4_ros_com
[2.663s] Invoking command in '/home/yubinkim/workspace/common_packages/build_jazzy/px4_ros_com': CMAKE_PREFIX_PATH=/home/yubinkim/workspace/common_packages/install_jazzy/px4_msgs:/home/yubinkim/workspace/hexa_teleoperation/install_jazzy/ui_teleop:/home/yubinkim/workspace/hexa_teleoperation/install_jazzy/ui_controller:/home/yubinkim/workspace/hexa_teleoperation/install_jazzy/tiltrotor_pid_controller:/home/yubinkim/workspace/hexa_teleoperation/install_jazzy/tiltrotor_nmpc_controller:/home/yubinkim/workspace/hexa_teleoperation/install_jazzy/tiltrotor_grite_controller:/home/yubinkim/workspace/hexa_teleoperation/install_jazzy/tiltrotor_da_grite_controller:/home/yubinkim/workspace/hexa_teleoperation/install_jazzy/tiltrotor_bs_pid_controller:/home/yubinkim/workspace/hexa_teleoperation/install_jazzy/tiltrotor_bs_grite_controller:/home/yubinkim/workspace/omni_hexa/install_jazzy/ui_controller:/home/yubinkim/workspace/omni_hexa/install_jazzy/geometric_controller_decoupled:/home/yubinkim/workspace/common_packages/install_jazzy/ros2_optitrack_bridge:/home/yubinkim/workspace/common_packages/install_jazzy/px4_ros_com:/home/yubinkim/workspace/common_packages/install_jazzy/dynamixel_workbench:/home/yubinkim/workspace/common_packages/install_jazzy/dynamixel_workbench_toolbox:/home/yubinkim/workspace/common_packages/install_jazzy/dynamixel_sdk_examples:/home/yubinkim/workspace/common_packages/install_jazzy/dynamixel_sdk_custom_interfaces:/home/yubinkim/workspace/common_packages/install_jazzy/dynamixel_sdk:/opt/ros/jazzy/opt/gz_math_vendor:/opt/ros/jazzy/opt/gz_utils_vendor:/opt/ros/jazzy/opt/gz_cmake_vendor:/home/yubinkim/workspace/hexa_teleoperation/install_jazzy/dynamixel_test_ctrl:/home/yubinkim/workspace/omni_hexa/install_jazzy/dynamixel_test_ctrl:/opt/ros/jazzy DEBUGINFOD_URLS=https://debuginfod.ubuntu.com LD_LIBRARY_PATH=/home/yubinkim/workspace/common_packages/install_jazzy/px4_msgs/lib:/home/yubinkim/workspace/common_packages/install_jazzy/ros2_optitrack_bridge/lib:/home/yubinkim/workspace/common_packages/install_jazzy/px4_ros_com/lib:/home/yubinkim/workspace/common_packages/install_jazzy/dynamixel_workbench_toolbox/lib:/home/yubinkim/workspace/common_packages/install_jazzy/dynamixel_sdk_custom_interfaces/lib:/home/yubinkim/workspace/common_packages/install_jazzy/dynamixel_sdk/lib:/opt/ros/jazzy/opt/rviz_ogre_vendor/lib:/opt/ros/jazzy/lib/x86_64-linux-gnu:/opt/ros/jazzy/opt/gz_math_vendor/lib:/opt/ros/jazzy/opt/gz_utils_vendor/lib:/opt/ros/jazzy/opt/gz_cmake_vendor/lib:/opt/ros/jazzy/lib PYTHONPATH=/home/yubinkim/workspace/common_packages/install_jazzy/px4_msgs/lib/python3.12/site-packages:/home/yubinkim/workspace/hexa_teleoperation/build_jazzy/dynamixel_test_ctrl:/home/yubinkim/workspace/hexa_teleoperation/install_jazzy/dynamixel_test_ctrl/lib/python3.12/site-packages:/home/yubinkim/workspace/omni_hexa/build_jazzy/dynamixel_test_ctrl:/home/yubinkim/workspace/omni_hexa/install_jazzy/dynamixel_test_ctrl/lib/python3.12/site-packages:/home/yubinkim/workspace/common_packages/install_jazzy/px4_ros_com/lib/python3.12/site-packages:/home/yubinkim/workspace/common_packages/install_jazzy/dynamixel_sdk_custom_interfaces/lib/python3.12/site-packages:/home/yubinkim/workspace/common_packages/install_jazzy/dynamixel_sdk/lib/python3.12/site-packages:/opt/ros/jazzy/lib/python3.12/site-packages /usr/bin/cmake --build /home/yubinkim/workspace/common_packages/build_jazzy/px4_ros_com -- -j16 -l16
[2.779s] [  8%] [32mBuilding CXX object CMakeFiles/offboard_control_srv.dir/src/examples/offboard/offboard_control_srv.cpp.o[0m
[2.782s] [ 16%] [32mBuilding CXX object CMakeFiles/offboard_control.dir/src/examples/offboard/offboard_control.cpp.o[0m
[2.783s] [ 25%] [32mBuilding CXX object CMakeFiles/vehicle_gps_position_listener.dir/src/examples/listeners/vehicle_gps_position_listener.cpp.o[0m
[2.793s] [ 33%] [32mBuilding CXX object CMakeFiles/sensor_combined_listener.dir/src/examples/listeners/sensor_combined_listener.cpp.o[0m
[2.795s] [ 41%] [32mBuilding CXX object CMakeFiles/frame_transforms.dir/src/lib/frame_transforms.cpp.o[0m
[2.800s] [ 50%] [32mBuilding CXX object CMakeFiles/debug_vect_advertiser.dir/src/examples/advertisers/debug_vect_advertiser.cpp.o[0m
[2.829s] [ 50%] Built target ament_cmake_python_symlink_px4_ros_com
[3.328s] running egg_info
[3.329s] creating px4_ros_com.egg-info
[3.362s] writing px4_ros_com.egg-info/PKG-INFO
[3.362s] writing dependency_links to px4_ros_com.egg-info/dependency_links.txt
[3.362s] writing top-level names to px4_ros_com.egg-info/top_level.txt
[3.364s] writing manifest file 'px4_ros_com.egg-info/SOURCES.txt'
[3.457s] reading manifest file 'px4_ros_com.egg-info/SOURCES.txt'
[3.461s] writing manifest file 'px4_ros_com.egg-info/SOURCES.txt'
[3.531s] [ 50%] Built target ament_cmake_python_build_px4_ros_com_egg
[8.799s] [ 58%] [32m[1mLinking CXX executable debug_vect_advertiser[0m
[9.091s] [ 58%] Built target debug_vect_advertiser
[10.059s] [ 66%] [32m[1mLinking CXX executable offboard_control[0m
[10.295s] [ 75%] [32m[1mLinking CXX executable offboard_control_srv[0m
[10.360s] [ 75%] Built target offboard_control
[10.621s] [ 75%] Built target offboard_control_srv
[11.230s] [ 83%] [32m[1mLinking CXX shared library libframe_transforms.so[0m
[11.332s] [ 91%] [32m[1mLinking CXX executable sensor_combined_listener[0m
[11.535s] [ 91%] Built target frame_transforms
[11.719s] [ 91%] Built target sensor_combined_listener
[12.005s] [100%] [32m[1mLinking CXX executable vehicle_gps_position_listener[0m
[12.383s] [100%] Built target vehicle_gps_position_listener
[12.408s] Invoked command in '/home/yubinkim/workspace/common_packages/build_jazzy/px4_ros_com' returned '0': CMAKE_PREFIX_PATH=/home/yubinkim/workspace/common_packages/install_jazzy/px4_msgs:/home/yubinkim/workspace/hexa_teleoperation/install_jazzy/ui_teleop:/home/yubinkim/workspace/hexa_teleoperation/install_jazzy/ui_controller:/home/yubinkim/workspace/hexa_teleoperation/install_jazzy/tiltrotor_pid_controller:/home/yubinkim/workspace/hexa_teleoperation/install_jazzy/tiltrotor_nmpc_controller:/home/yubinkim/workspace/hexa_teleoperation/install_jazzy/tiltrotor_grite_controller:/home/yubinkim/workspace/hexa_teleoperation/install_jazzy/tiltrotor_da_grite_controller:/home/yubinkim/workspace/hexa_teleoperation/install_jazzy/tiltrotor_bs_pid_controller:/home/yubinkim/workspace/hexa_teleoperation/install_jazzy/tiltrotor_bs_grite_controller:/home/yubinkim/workspace/omni_hexa/install_jazzy/ui_controller:/home/yubinkim/workspace/omni_hexa/install_jazzy/geometric_controller_decoupled:/home/yubinkim/workspace/common_packages/install_jazzy/ros2_optitrack_bridge:/home/yubinkim/workspace/common_packages/install_jazzy/px4_ros_com:/home/yubinkim/workspace/common_packages/install_jazzy/dynamixel_workbench:/home/yubinkim/workspace/common_packages/install_jazzy/dynamixel_workbench_toolbox:/home/yubinkim/workspace/common_packages/install_jazzy/dynamixel_sdk_examples:/home/yubinkim/workspace/common_packages/install_jazzy/dynamixel_sdk_custom_interfaces:/home/yubinkim/workspace/common_packages/install_jazzy/dynamixel_sdk:/opt/ros/jazzy/opt/gz_math_vendor:/opt/ros/jazzy/opt/gz_utils_vendor:/opt/ros/jazzy/opt/gz_cmake_vendor:/home/yubinkim/workspace/hexa_teleoperation/install_jazzy/dynamixel_test_ctrl:/home/yubinkim/workspace/omni_hexa/install_jazzy/dynamixel_test_ctrl:/opt/ros/jazzy DEBUGINFOD_URLS=https://debuginfod.ubuntu.com LD_LIBRARY_PATH=/home/yubinkim/workspace/common_packages/install_jazzy/px4_msgs/lib:/home/yubinkim/workspace/common_packages/install_jazzy/ros2_optitrack_bridge/lib:/home/yubinkim/workspace/common_packages/install_jazzy/px4_ros_com/lib:/home/yubinkim/workspace/common_packages/install_jazzy/dynamixel_workbench_toolbox/lib:/home/yubinkim/workspace/common_packages/install_jazzy/dynamixel_sdk_custom_interfaces/lib:/home/yubinkim/workspace/common_packages/install_jazzy/dynamixel_sdk/lib:/opt/ros/jazzy/opt/rviz_ogre_vendor/lib:/opt/ros/jazzy/lib/x86_64-linux-gnu:/opt/ros/jazzy/opt/gz_math_vendor/lib:/opt/ros/jazzy/opt/gz_utils_vendor/lib:/opt/ros/jazzy/opt/gz_cmake_vendor/lib:/opt/ros/jazzy/lib PYTHONPATH=/home/yubinkim/workspace/common_packages/install_jazzy/px4_msgs/lib/python3.12/site-packages:/home/yubinkim/workspace/hexa_teleoperation/build_jazzy/dynamixel_test_ctrl:/home/yubinkim/workspace/hexa_teleoperation/install_jazzy/dynamixel_test_ctrl/lib/python3.12/site-packages:/home/yubinkim/workspace/omni_hexa/build_jazzy/dynamixel_test_ctrl:/home/yubinkim/workspace/omni_hexa/install_jazzy/dynamixel_test_ctrl/lib/python3.12/site-packages:/home/yubinkim/workspace/common_packages/install_jazzy/px4_ros_com/lib/python3.12/site-packages:/home/yubinkim/workspace/common_packages/install_jazzy/dynamixel_sdk_custom_interfaces/lib/python3.12/site-packages:/home/yubinkim/workspace/common_packages/install_jazzy/dynamixel_sdk/lib/python3.12/site-packages:/opt/ros/jazzy/lib/python3.12/site-packages /usr/bin/cmake --build /home/yubinkim/workspace/common_packages/build_jazzy/px4_ros_com -- -j16 -l16
[12.413s] Invoking command in '/home/yubinkim/workspace/common_packages/build_jazzy/px4_ros_com': CMAKE_PREFIX_PATH=/home/yubinkim/workspace/common_packages/install_jazzy/px4_msgs:/home/yubinkim/workspace/hexa_teleoperation/install_jazzy/ui_teleop:/home/yubinkim/workspace/hexa_teleoperation/install_jazzy/ui_controller:/home/yubinkim/workspace/hexa_teleoperation/install_jazzy/tiltrotor_pid_controller:/home/yubinkim/workspace/hexa_teleoperation/install_jazzy/tiltrotor_nmpc_controller:/home/yubinkim/workspace/hexa_teleoperation/install_jazzy/tiltrotor_grite_controller:/home/yubinkim/workspace/hexa_teleoperation/install_jazzy/tiltrotor_da_grite_controller:/home/yubinkim/workspace/hexa_teleoperation/install_jazzy/tiltrotor_bs_pid_controller:/home/yubinkim/workspace/hexa_teleoperation/install_jazzy/tiltrotor_bs_grite_controller:/home/yubinkim/workspace/omni_hexa/install_jazzy/ui_controller:/home/yubinkim/workspace/omni_hexa/install_jazzy/geometric_controller_decoupled:/home/yubinkim/workspace/common_packages/install_jazzy/ros2_optitrack_bridge:/home/yubinkim/workspace/common_packages/install_jazzy/px4_ros_com:/home/yubinkim/workspace/common_packages/install_jazzy/dynamixel_workbench:/home/yubinkim/workspace/common_packages/install_jazzy/dynamixel_workbench_toolbox:/home/yubinkim/workspace/common_packages/install_jazzy/dynamixel_sdk_examples:/home/yubinkim/workspace/common_packages/install_jazzy/dynamixel_sdk_custom_interfaces:/home/yubinkim/workspace/common_packages/install_jazzy/dynamixel_sdk:/opt/ros/jazzy/opt/gz_math_vendor:/opt/ros/jazzy/opt/gz_utils_vendor:/opt/ros/jazzy/opt/gz_cmake_vendor:/home/yubinkim/workspace/hexa_teleoperation/install_jazzy/dynamixel_test_ctrl:/home/yubinkim/workspace/omni_hexa/install_jazzy/dynamixel_test_ctrl:/opt/ros/jazzy DEBUGINFOD_URLS=https://debuginfod.ubuntu.com LD_LIBRARY_PATH=/home/yubinkim/workspace/common_packages/install_jazzy/px4_msgs/lib:/home/yubinkim/workspace/common_packages/install_jazzy/ros2_optitrack_bridge/lib:/home/yubinkim/workspace/common_packages/install_jazzy/px4_ros_com/lib:/home/yubinkim/workspace/common_packages/install_jazzy/dynamixel_workbench_toolbox/lib:/home/yubinkim/workspace/common_packages/install_jazzy/dynamixel_sdk_custom_interfaces/lib:/home/yubinkim/workspace/common_packages/install_jazzy/dynamixel_sdk/lib:/opt/ros/jazzy/opt/rviz_ogre_vendor/lib:/opt/ros/jazzy/lib/x86_64-linux-gnu:/opt/ros/jazzy/opt/gz_math_vendor/lib:/opt/ros/jazzy/opt/gz_utils_vendor/lib:/opt/ros/jazzy/opt/gz_cmake_vendor/lib:/opt/ros/jazzy/lib PYTHONPATH=/home/yubinkim/workspace/common_packages/install_jazzy/px4_msgs/lib/python3.12/site-packages:/home/yubinkim/workspace/hexa_teleoperation/build_jazzy/dynamixel_test_ctrl:/home/yubinkim/workspace/hexa_teleoperation/install_jazzy/dynamixel_test_ctrl/lib/python3.12/site-packages:/home/yubinkim/workspace/omni_hexa/build_jazzy/dynamixel_test_ctrl:/home/yubinkim/workspace/omni_hexa/install_jazzy/dynamixel_test_ctrl/lib/python3.12/site-packages:/home/yubinkim/workspace/common_packages/install_jazzy/px4_ros_com/lib/python3.12/site-packages:/home/yubinkim/workspace/common_packages/install_jazzy/dynamixel_sdk_custom_interfaces/lib/python3.12/site-packages:/home/yubinkim/workspace/common_packages/install_jazzy/dynamixel_sdk/lib/python3.12/site-packages:/opt/ros/jazzy/lib/python3.12/site-packages /usr/bin/cmake --install /home/yubinkim/workspace/common_packages/build_jazzy/px4_ros_com
[12.429s] -- Install configuration: ""
[12.430s] -- Execute custom install script
[12.432s] -- Symlinking: /home/yubinkim/workspace/common_packages/install_jazzy/px4_ros_com/lib/px4_ros_com/sensor_combined_listener
[12.451s] -- Symlinking: /home/yubinkim/workspace/common_packages/install_jazzy/px4_ros_com/lib/px4_ros_com/vehicle_gps_position_listener
[12.467s] -- Symlinking: /home/yubinkim/workspace/common_packages/install_jazzy/px4_ros_com/lib/px4_ros_com/debug_vect_advertiser
[12.484s] -- Symlinking: /home/yubinkim/workspace/common_packages/install_jazzy/px4_ros_com/lib/px4_ros_com/offboard_control
[12.501s] -- Symlinking: /home/yubinkim/workspace/common_packages/install_jazzy/px4_ros_com/lib/px4_ros_com/offboard_control_srv
[12.517s] -- Symlinking: /home/yubinkim/workspace/common_packages/install_jazzy/px4_ros_com/share/px4_ros_com/environment/library_path.sh
[12.534s] -- Symlinking: /home/yubinkim/workspace/common_packages/install_jazzy/px4_ros_com/share/px4_ros_com/environment/library_path.dsv
[12.551s] -- Symlinking: /home/yubinkim/workspace/common_packages/install_jazzy/px4_ros_com/include/px4_ros_com/frame_transforms.h
[12.568s] -- Symlinking: /home/yubinkim/workspace/common_packages/install_jazzy/px4_ros_com/share/px4_ros_com//launch/offboard_control_launch.yaml
[12.586s] -- Symlinking: /home/yubinkim/workspace/common_packages/install_jazzy/px4_ros_com/share/px4_ros_com//launch/sensor_combined_listener.launch.py
[12.602s] -- Symlinking: /home/yubinkim/workspace/common_packages/install_jazzy/px4_ros_com/share/px4_ros_com//test/__init__.py
[12.617s] -- Symlinking: /home/yubinkim/workspace/common_packages/install_jazzy/px4_ros_com/share/px4_ros_com//test/pipeline_io_test.py
[12.633s] -- Symlinking: /home/yubinkim/workspace/common_packages/install_jazzy/px4_ros_com/share/px4_ros_com//test/test_input.py
[12.648s] -- Symlinking: /home/yubinkim/workspace/common_packages/install_jazzy/px4_ros_com/share/px4_ros_com//test/test_output.py
[12.663s] -- Symlinking: /home/yubinkim/workspace/common_packages/install_jazzy/px4_ros_com/share/px4_ros_com/environment/pythonpath.sh
[12.679s] -- Symlinking: /home/yubinkim/workspace/common_packages/install_jazzy/px4_ros_com/share/px4_ros_com/environment/pythonpath.dsv
[12.696s] -- Symlinking: /home/yubinkim/workspace/common_packages/install_jazzy/px4_ros_com/lib/python3.12/site-packages/px4_ros_com-0.1.0-py3.12.egg-info/PKG-INFO
[12.712s] -- Symlinking: /home/yubinkim/workspace/common_packages/install_jazzy/px4_ros_com/lib/python3.12/site-packages/px4_ros_com-0.1.0-py3.12.egg-info/SOURCES.txt
[12.728s] -- Symlinking: /home/yubinkim/workspace/common_packages/install_jazzy/px4_ros_com/lib/python3.12/site-packages/px4_ros_com-0.1.0-py3.12.egg-info/dependency_links.txt
[12.742s] -- Symlinking: /home/yubinkim/workspace/common_packages/install_jazzy/px4_ros_com/lib/python3.12/site-packages/px4_ros_com-0.1.0-py3.12.egg-info/top_level.txt
[12.757s] -- Symlinking: /home/yubinkim/workspace/common_packages/install_jazzy/px4_ros_com/lib/python3.12/site-packages/px4_ros_com/__init__.py
[12.771s] -- Symlinking: /home/yubinkim/workspace/common_packages/install_jazzy/px4_ros_com/lib/python3.12/site-packages/px4_ros_com/module_to_import.py
[12.785s] -- Symlinking: /home/yubinkim/workspace/common_packages/install_jazzy/px4_ros_com/lib/px4_ros_com/offboard_control.py
[12.799s] -- Symlinking: /home/yubinkim/workspace/common_packages/install_jazzy/px4_ros_com/share/ament_index/resource_index/package_run_dependencies/px4_ros_com
[12.812s] -- Symlinking: /home/yubinkim/workspace/common_packages/install_jazzy/px4_ros_com/share/ament_index/resource_index/parent_prefix_path/px4_ros_com
[12.830s] -- Symlinking: /home/yubinkim/workspace/common_packages/install_jazzy/px4_ros_com/share/px4_ros_com/environment/ament_prefix_path.sh
[12.845s] -- Symlinking: /home/yubinkim/workspace/common_packages/install_jazzy/px4_ros_com/share/px4_ros_com/environment/ament_prefix_path.dsv
[12.860s] -- Symlinking: /home/yubinkim/workspace/common_packages/install_jazzy/px4_ros_com/share/px4_ros_com/environment/path.sh
[12.877s] -- Symlinking: /home/yubinkim/workspace/common_packages/install_jazzy/px4_ros_com/share/px4_ros_com/environment/path.dsv
[12.894s] -- Symlinking: /home/yubinkim/workspace/common_packages/install_jazzy/px4_ros_com/share/px4_ros_com/local_setup.bash
[12.913s] -- Symlinking: /home/yubinkim/workspace/common_packages/install_jazzy/px4_ros_com/share/px4_ros_com/local_setup.sh
[12.930s] -- Symlinking: /home/yubinkim/workspace/common_packages/install_jazzy/px4_ros_com/share/px4_ros_com/local_setup.zsh
[12.945s] -- Symlinking: /home/yubinkim/workspace/common_packages/install_jazzy/px4_ros_com/share/px4_ros_com/local_setup.dsv
[12.958s] -- Symlinking: /home/yubinkim/workspace/common_packages/install_jazzy/px4_ros_com/share/px4_ros_com/package.dsv
[12.972s] -- Symlinking: /home/yubinkim/workspace/common_packages/install_jazzy/px4_ros_com/share/ament_index/resource_index/packages/px4_ros_com
[12.985s] -- Symlinking: /home/yubinkim/workspace/common_packages/install_jazzy/px4_ros_com/share/px4_ros_com/cmake/ament_cmake_export_dependencies-extras.cmake
[12.998s] -- Symlinking: /home/yubinkim/workspace/common_packages/install_jazzy/px4_ros_com/share/px4_ros_com/cmake/ament_cmake_export_targets-extras.cmake
[13.012s] -- Symlinking: /home/yubinkim/workspace/common_packages/install_jazzy/px4_ros_com/share/px4_ros_com/cmake/ament_cmake_export_include_directories-extras.cmake
[13.026s] -- Symlinking: /home/yubinkim/workspace/common_packages/install_jazzy/px4_ros_com/share/px4_ros_com/cmake/ament_cmake_export_libraries-extras.cmake
[13.040s] -- Symlinking: /home/yubinkim/workspace/common_packages/install_jazzy/px4_ros_com/share/px4_ros_com/cmake/px4_ros_comConfig.cmake
[13.053s] -- Symlinking: /home/yubinkim/workspace/common_packages/install_jazzy/px4_ros_com/share/px4_ros_com/cmake/px4_ros_comConfig-version.cmake
[13.070s] -- Symlinking: /home/yubinkim/workspace/common_packages/install_jazzy/px4_ros_com/share/px4_ros_com/package.xml
[13.084s] -- Installing: /home/yubinkim/workspace/common_packages/install_jazzy/px4_ros_com/lib/libframe_transforms.so
[13.090s] -- Set non-toolchain portion of runtime path of "/home/yubinkim/workspace/common_packages/install_jazzy/px4_ros_com/lib/libframe_transforms.so" to ""
[13.150s] Listing '/home/yubinkim/workspace/common_packages/install_jazzy/px4_ros_com/lib/python3.12/site-packages/px4_ros_com'...
[13.151s] Compiling '/home/yubinkim/workspace/common_packages/install_jazzy/px4_ros_com/lib/python3.12/site-packages/px4_ros_com/__init__.py'...
[13.151s] Compiling '/home/yubinkim/workspace/common_packages/install_jazzy/px4_ros_com/lib/python3.12/site-packages/px4_ros_com/module_to_import.py'...
[13.159s] -- Installing: /home/yubinkim/workspace/common_packages/install_jazzy/px4_ros_com/share/px4_ros_com/cmake/export_frame_transformsExport.cmake
[13.160s] -- Installing: /home/yubinkim/workspace/common_packages/install_jazzy/px4_ros_com/share/px4_ros_com/cmake/export_frame_transformsExport-noconfig.cmake
[13.164s] Invoked command in '/home/yubinkim/workspace/common_packages/build_jazzy/px4_ros_com' returned '0': CMAKE_PREFIX_PATH=/home/yubinkim/workspace/common_packages/install_jazzy/px4_msgs:/home/yubinkim/workspace/hexa_teleoperation/install_jazzy/ui_teleop:/home/yubinkim/workspace/hexa_teleoperation/install_jazzy/ui_controller:/home/yubinkim/workspace/hexa_teleoperation/install_jazzy/tiltrotor_pid_controller:/home/yubinkim/workspace/hexa_teleoperation/install_jazzy/tiltrotor_nmpc_controller:/home/yubinkim/workspace/hexa_teleoperation/install_jazzy/tiltrotor_grite_controller:/home/yubinkim/workspace/hexa_teleoperation/install_jazzy/tiltrotor_da_grite_controller:/home/yubinkim/workspace/hexa_teleoperation/install_jazzy/tiltrotor_bs_pid_controller:/home/yubinkim/workspace/hexa_teleoperation/install_jazzy/tiltrotor_bs_grite_controller:/home/yubinkim/workspace/omni_hexa/install_jazzy/ui_controller:/home/yubinkim/workspace/omni_hexa/install_jazzy/geometric_controller_decoupled:/home/yubinkim/workspace/common_packages/install_jazzy/ros2_optitrack_bridge:/home/yubinkim/workspace/common_packages/install_jazzy/px4_ros_com:/home/yubinkim/workspace/common_packages/install_jazzy/dynamixel_workbench:/home/yubinkim/workspace/common_packages/install_jazzy/dynamixel_workbench_toolbox:/home/yubinkim/workspace/common_packages/install_jazzy/dynamixel_sdk_examples:/home/yubinkim/workspace/common_packages/install_jazzy/dynamixel_sdk_custom_interfaces:/home/yubinkim/workspace/common_packages/install_jazzy/dynamixel_sdk:/opt/ros/jazzy/opt/gz_math_vendor:/opt/ros/jazzy/opt/gz_utils_vendor:/opt/ros/jazzy/opt/gz_cmake_vendor:/home/yubinkim/workspace/hexa_teleoperation/install_jazzy/dynamixel_test_ctrl:/home/yubinkim/workspace/omni_hexa/install_jazzy/dynamixel_test_ctrl:/opt/ros/jazzy DEBUGINFOD_URLS=https://debuginfod.ubuntu.com LD_LIBRARY_PATH=/home/yubinkim/workspace/common_packages/install_jazzy/px4_msgs/lib:/home/yubinkim/workspace/common_packages/install_jazzy/ros2_optitrack_bridge/lib:/home/yubinkim/workspace/common_packages/install_jazzy/px4_ros_com/lib:/home/yubinkim/workspace/common_packages/install_jazzy/dynamixel_workbench_toolbox/lib:/home/yubinkim/workspace/common_packages/install_jazzy/dynamixel_sdk_custom_interfaces/lib:/home/yubinkim/workspace/common_packages/install_jazzy/dynamixel_sdk/lib:/opt/ros/jazzy/opt/rviz_ogre_vendor/lib:/opt/ros/jazzy/lib/x86_64-linux-gnu:/opt/ros/jazzy/opt/gz_math_vendor/lib:/opt/ros/jazzy/opt/gz_utils_vendor/lib:/opt/ros/jazzy/opt/gz_cmake_vendor/lib:/opt/ros/jazzy/lib PYTHONPATH=/home/yubinkim/workspace/common_packages/install_jazzy/px4_msgs/lib/python3.12/site-packages:/home/yubinkim/workspace/hexa_teleoperation/build_jazzy/dynamixel_test_ctrl:/home/yubinkim/workspace/hexa_teleoperation/install_jazzy/dynamixel_test_ctrl/lib/python3.12/site-packages:/home/yubinkim/workspace/omni_hexa/build_jazzy/dynamixel_test_ctrl:/home/yubinkim/workspace/omni_hexa/install_jazzy/dynamixel_test_ctrl/lib/python3.12/site-packages:/home/yubinkim/workspace/common_packages/install_jazzy/px4_ros_com/lib/python3.12/site-packages:/home/yubinkim/workspace/common_packages/install_jazzy/dynamixel_sdk_custom_interfaces/lib/python3.12/site-packages:/home/yubinkim/workspace/common_packages/install_jazzy/dynamixel_sdk/lib/python3.12/site-packages:/opt/ros/jazzy/lib/python3.12/site-packages /usr/bin/cmake --install /home/yubinkim/workspace/common_packages/build_jazzy/px4_ros_com
