[0.016s] Invoking command in '/home/yubinkim/workspace/common_packages/build_jazzy/dynamixel_sdk_custom_interfaces': CMAKE_PREFIX_PATH=${CMAKE_PREFIX_PATH}:/opt/ros/jazzy DEBUGINFOD_URLS=https://debuginfod.ubuntu.com /usr/bin/cmake --build /home/yubinkim/workspace/common_packages/build_jazzy/dynamixel_sdk_custom_interfaces -- -j16 -l16
[0.120s] [  2%] Built target dynamixel_sdk_custom_interfaces__rosidl_generator_type_description
[0.129s] [  2%] Built target ament_cmake_python_symlink_dynamixel_sdk_custom_interfaces
[0.154s] [  4%] Built target dynamixel_sdk_custom_interfaces__cpp
[0.154s] [ 22%] Built target dynamixel_sdk_custom_interfaces__rosidl_generator_c
[0.189s] [ 31%] Built target dynamixel_sdk_custom_interfaces__rosidl_typesupport_introspection_c
[0.189s] [ 40%] Built target dynamixel_sdk_custom_interfaces__rosidl_typesupport_fastrtps_cpp
[0.189s] [ 56%] Built target dynamixel_sdk_custom_interfaces__rosidl_typesupport_introspection_cpp
[0.189s] [ 59%] Built target dynamixel_sdk_custom_interfaces__rosidl_typesupport_c
[0.191s] [ 75%] Built target dynamixel_sdk_custom_interfaces__rosidl_typesupport_fastrtps_c
[0.191s] [ 77%] Built target dynamixel_sdk_custom_interfaces__rosidl_typesupport_cpp
[0.225s] [ 77%] Built target dynamixel_sdk_custom_interfaces
[0.259s] [ 79%] Built target dynamixel_sdk_custom_interfaces__py
[0.299s] [ 86%] Built target dynamixel_sdk_custom_interfaces__rosidl_generator_py
[0.342s] [ 95%] Built target dynamixel_sdk_custom_interfaces_s__rosidl_typesupport_fastrtps_c
[0.342s] [ 95%] Built target dynamixel_sdk_custom_interfaces_s__rosidl_typesupport_introspection_c
[0.346s] [100%] Built target dynamixel_sdk_custom_interfaces_s__rosidl_typesupport_c
[0.406s] running egg_info
[0.424s] writing dynamixel_sdk_custom_interfaces.egg-info/PKG-INFO
[0.425s] writing dependency_links to dynamixel_sdk_custom_interfaces.egg-info/dependency_links.txt
[0.425s] writing top-level names to dynamixel_sdk_custom_interfaces.egg-info/top_level.txt
[0.474s] reading manifest file 'dynamixel_sdk_custom_interfaces.egg-info/SOURCES.txt'
[0.475s] writing manifest file 'dynamixel_sdk_custom_interfaces.egg-info/SOURCES.txt'
[0.515s] [100%] Built target ament_cmake_python_build_dynamixel_sdk_custom_interfaces_egg
[0.542s] Invoked command in '/home/yubinkim/workspace/common_packages/build_jazzy/dynamixel_sdk_custom_interfaces' returned '0': CMAKE_PREFIX_PATH=${CMAKE_PREFIX_PATH}:/opt/ros/jazzy DEBUGINFOD_URLS=https://debuginfod.ubuntu.com /usr/bin/cmake --build /home/yubinkim/workspace/common_packages/build_jazzy/dynamixel_sdk_custom_interfaces -- -j16 -l16
[0.546s] Invoking command in '/home/yubinkim/workspace/common_packages/build_jazzy/dynamixel_sdk_custom_interfaces': CMAKE_PREFIX_PATH=${CMAKE_PREFIX_PATH}:/opt/ros/jazzy DEBUGINFOD_URLS=https://debuginfod.ubuntu.com /usr/bin/cmake --install /home/yubinkim/workspace/common_packages/build_jazzy/dynamixel_sdk_custom_interfaces
[0.561s] -- Install configuration: ""
[0.562s] -- Execute custom install script
[0.562s] -- Up-to-date symlink: /home/yubinkim/workspace/common_packages/install_jazzy/dynamixel_sdk_custom_interfaces/share/ament_index/resource_index/rosidl_interfaces/dynamixel_sdk_custom_interfaces
[0.562s] -- Up-to-date symlink: /home/yubinkim/workspace/common_packages/install_jazzy/dynamixel_sdk_custom_interfaces/share/dynamixel_sdk_custom_interfaces/msg/SetPosition.json
[0.563s] -- Up-to-date symlink: /home/yubinkim/workspace/common_packages/install_jazzy/dynamixel_sdk_custom_interfaces/share/dynamixel_sdk_custom_interfaces/srv/GetPosition.json
[0.563s] -- Up-to-date symlink: /home/yubinkim/workspace/common_packages/install_jazzy/dynamixel_sdk_custom_interfaces/include/dynamixel_sdk_custom_interfaces/dynamixel_sdk_custom_interfaces/msg/detail/set_position__functions.h
[0.563s] -- Up-to-date symlink: /home/yubinkim/workspace/common_packages/install_jazzy/dynamixel_sdk_custom_interfaces/include/dynamixel_sdk_custom_interfaces/dynamixel_sdk_custom_interfaces/msg/detail/set_position__struct.h
[0.564s] -- Up-to-date symlink: /home/yubinkim/workspace/common_packages/install_jazzy/dynamixel_sdk_custom_interfaces/include/dynamixel_sdk_custom_interfaces/dynamixel_sdk_custom_interfaces/msg/detail/set_position__type_support.h
[0.564s] -- Up-to-date symlink: /home/yubinkim/workspace/common_packages/install_jazzy/dynamixel_sdk_custom_interfaces/include/dynamixel_sdk_custom_interfaces/dynamixel_sdk_custom_interfaces/msg/rosidl_generator_c__visibility_control.h
[0.564s] -- Up-to-date symlink: /home/yubinkim/workspace/common_packages/install_jazzy/dynamixel_sdk_custom_interfaces/include/dynamixel_sdk_custom_interfaces/dynamixel_sdk_custom_interfaces/msg/set_position.h
[0.564s] -- Up-to-date symlink: /home/yubinkim/workspace/common_packages/install_jazzy/dynamixel_sdk_custom_interfaces/include/dynamixel_sdk_custom_interfaces/dynamixel_sdk_custom_interfaces/srv/detail/get_position__functions.h
[0.564s] -- Up-to-date symlink: /home/yubinkim/workspace/common_packages/install_jazzy/dynamixel_sdk_custom_interfaces/include/dynamixel_sdk_custom_interfaces/dynamixel_sdk_custom_interfaces/srv/detail/get_position__struct.h
[0.564s] -- Up-to-date symlink: /home/yubinkim/workspace/common_packages/install_jazzy/dynamixel_sdk_custom_interfaces/include/dynamixel_sdk_custom_interfaces/dynamixel_sdk_custom_interfaces/srv/detail/get_position__type_support.h
[0.564s] -- Up-to-date symlink: /home/yubinkim/workspace/common_packages/install_jazzy/dynamixel_sdk_custom_interfaces/include/dynamixel_sdk_custom_interfaces/dynamixel_sdk_custom_interfaces/srv/get_position.h
[0.565s] -- Up-to-date symlink: /home/yubinkim/workspace/common_packages/install_jazzy/dynamixel_sdk_custom_interfaces/share/dynamixel_sdk_custom_interfaces/environment/library_path.sh
[0.565s] -- Up-to-date symlink: /home/yubinkim/workspace/common_packages/install_jazzy/dynamixel_sdk_custom_interfaces/share/dynamixel_sdk_custom_interfaces/environment/library_path.dsv
[0.566s] -- Up-to-date symlink: /home/yubinkim/workspace/common_packages/install_jazzy/dynamixel_sdk_custom_interfaces/include/dynamixel_sdk_custom_interfaces/dynamixel_sdk_custom_interfaces/msg/detail/set_position__rosidl_typesupport_fastrtps_c.h
[0.566s] -- Up-to-date symlink: /home/yubinkim/workspace/common_packages/install_jazzy/dynamixel_sdk_custom_interfaces/include/dynamixel_sdk_custom_interfaces/dynamixel_sdk_custom_interfaces/msg/rosidl_typesupport_fastrtps_c__visibility_control.h
[0.566s] -- Up-to-date symlink: /home/yubinkim/workspace/common_packages/install_jazzy/dynamixel_sdk_custom_interfaces/include/dynamixel_sdk_custom_interfaces/dynamixel_sdk_custom_interfaces/srv/detail/get_position__rosidl_typesupport_fastrtps_c.h
[0.567s] -- Up-to-date symlink: /home/yubinkim/workspace/common_packages/install_jazzy/dynamixel_sdk_custom_interfaces/include/dynamixel_sdk_custom_interfaces/dynamixel_sdk_custom_interfaces/msg/detail/set_position__builder.hpp
[0.567s] -- Up-to-date symlink: /home/yubinkim/workspace/common_packages/install_jazzy/dynamixel_sdk_custom_interfaces/include/dynamixel_sdk_custom_interfaces/dynamixel_sdk_custom_interfaces/msg/detail/set_position__struct.hpp
[0.567s] -- Up-to-date symlink: /home/yubinkim/workspace/common_packages/install_jazzy/dynamixel_sdk_custom_interfaces/include/dynamixel_sdk_custom_interfaces/dynamixel_sdk_custom_interfaces/msg/detail/set_position__traits.hpp
[0.568s] -- Up-to-date symlink: /home/yubinkim/workspace/common_packages/install_jazzy/dynamixel_sdk_custom_interfaces/include/dynamixel_sdk_custom_interfaces/dynamixel_sdk_custom_interfaces/msg/detail/set_position__type_support.hpp
[0.568s] -- Up-to-date symlink: /home/yubinkim/workspace/common_packages/install_jazzy/dynamixel_sdk_custom_interfaces/include/dynamixel_sdk_custom_interfaces/dynamixel_sdk_custom_interfaces/msg/rosidl_generator_cpp__visibility_control.hpp
[0.568s] -- Up-to-date symlink: /home/yubinkim/workspace/common_packages/install_jazzy/dynamixel_sdk_custom_interfaces/include/dynamixel_sdk_custom_interfaces/dynamixel_sdk_custom_interfaces/msg/set_position.hpp
[0.568s] -- Up-to-date symlink: /home/yubinkim/workspace/common_packages/install_jazzy/dynamixel_sdk_custom_interfaces/include/dynamixel_sdk_custom_interfaces/dynamixel_sdk_custom_interfaces/srv/detail/get_position__builder.hpp
[0.568s] -- Up-to-date symlink: /home/yubinkim/workspace/common_packages/install_jazzy/dynamixel_sdk_custom_interfaces/include/dynamixel_sdk_custom_interfaces/dynamixel_sdk_custom_interfaces/srv/detail/get_position__struct.hpp
[0.568s] -- Up-to-date symlink: /home/yubinkim/workspace/common_packages/install_jazzy/dynamixel_sdk_custom_interfaces/include/dynamixel_sdk_custom_interfaces/dynamixel_sdk_custom_interfaces/srv/detail/get_position__traits.hpp
[0.569s] -- Up-to-date symlink: /home/yubinkim/workspace/common_packages/install_jazzy/dynamixel_sdk_custom_interfaces/include/dynamixel_sdk_custom_interfaces/dynamixel_sdk_custom_interfaces/srv/detail/get_position__type_support.hpp
[0.569s] -- Up-to-date symlink: /home/yubinkim/workspace/common_packages/install_jazzy/dynamixel_sdk_custom_interfaces/include/dynamixel_sdk_custom_interfaces/dynamixel_sdk_custom_interfaces/srv/get_position.hpp
[0.569s] -- Up-to-date symlink: /home/yubinkim/workspace/common_packages/install_jazzy/dynamixel_sdk_custom_interfaces/include/dynamixel_sdk_custom_interfaces/dynamixel_sdk_custom_interfaces/msg/detail/set_position__rosidl_typesupport_fastrtps_cpp.hpp
[0.570s] -- Up-to-date symlink: /home/yubinkim/workspace/common_packages/install_jazzy/dynamixel_sdk_custom_interfaces/include/dynamixel_sdk_custom_interfaces/dynamixel_sdk_custom_interfaces/msg/rosidl_typesupport_fastrtps_cpp__visibility_control.h
[0.570s] -- Up-to-date symlink: /home/yubinkim/workspace/common_packages/install_jazzy/dynamixel_sdk_custom_interfaces/include/dynamixel_sdk_custom_interfaces/dynamixel_sdk_custom_interfaces/srv/detail/get_position__rosidl_typesupport_fastrtps_cpp.hpp
[0.570s] -- Up-to-date symlink: /home/yubinkim/workspace/common_packages/install_jazzy/dynamixel_sdk_custom_interfaces/include/dynamixel_sdk_custom_interfaces/dynamixel_sdk_custom_interfaces/msg/detail/set_position__rosidl_typesupport_introspection_c.h
[0.570s] -- Up-to-date symlink: /home/yubinkim/workspace/common_packages/install_jazzy/dynamixel_sdk_custom_interfaces/include/dynamixel_sdk_custom_interfaces/dynamixel_sdk_custom_interfaces/msg/rosidl_typesupport_introspection_c__visibility_control.h
[0.571s] -- Up-to-date symlink: /home/yubinkim/workspace/common_packages/install_jazzy/dynamixel_sdk_custom_interfaces/include/dynamixel_sdk_custom_interfaces/dynamixel_sdk_custom_interfaces/srv/detail/get_position__rosidl_typesupport_introspection_c.h
[0.571s] -- Up-to-date symlink: /home/yubinkim/workspace/common_packages/install_jazzy/dynamixel_sdk_custom_interfaces/include/dynamixel_sdk_custom_interfaces/dynamixel_sdk_custom_interfaces/msg/detail/set_position__rosidl_typesupport_introspection_cpp.hpp
[0.571s] -- Up-to-date symlink: /home/yubinkim/workspace/common_packages/install_jazzy/dynamixel_sdk_custom_interfaces/include/dynamixel_sdk_custom_interfaces/dynamixel_sdk_custom_interfaces/srv/detail/get_position__rosidl_typesupport_introspection_cpp.hpp
[0.571s] -- Up-to-date symlink: /home/yubinkim/workspace/common_packages/install_jazzy/dynamixel_sdk_custom_interfaces/share/dynamixel_sdk_custom_interfaces/environment/pythonpath.sh
[0.572s] -- Up-to-date symlink: /home/yubinkim/workspace/common_packages/install_jazzy/dynamixel_sdk_custom_interfaces/share/dynamixel_sdk_custom_interfaces/environment/pythonpath.dsv
[0.572s] -- Up-to-date symlink: /home/yubinkim/workspace/common_packages/install_jazzy/dynamixel_sdk_custom_interfaces/lib/python3.12/site-packages/dynamixel_sdk_custom_interfaces-4.0.3-py3.12.egg-info/PKG-INFO
[0.573s] -- Up-to-date symlink: /home/yubinkim/workspace/common_packages/install_jazzy/dynamixel_sdk_custom_interfaces/lib/python3.12/site-packages/dynamixel_sdk_custom_interfaces-4.0.3-py3.12.egg-info/SOURCES.txt
[0.573s] -- Up-to-date symlink: /home/yubinkim/workspace/common_packages/install_jazzy/dynamixel_sdk_custom_interfaces/lib/python3.12/site-packages/dynamixel_sdk_custom_interfaces-4.0.3-py3.12.egg-info/dependency_links.txt
[0.573s] -- Up-to-date symlink: /home/yubinkim/workspace/common_packages/install_jazzy/dynamixel_sdk_custom_interfaces/lib/python3.12/site-packages/dynamixel_sdk_custom_interfaces-4.0.3-py3.12.egg-info/top_level.txt
[0.573s] -- Up-to-date symlink: /home/yubinkim/workspace/common_packages/install_jazzy/dynamixel_sdk_custom_interfaces/lib/python3.12/site-packages/dynamixel_sdk_custom_interfaces/__init__.py
[0.574s] -- Up-to-date symlink: /home/yubinkim/workspace/common_packages/install_jazzy/dynamixel_sdk_custom_interfaces/lib/python3.12/site-packages/dynamixel_sdk_custom_interfaces/_dynamixel_sdk_custom_interfaces_s.ep.rosidl_typesupport_c.c
[0.574s] -- Up-to-date symlink: /home/yubinkim/workspace/common_packages/install_jazzy/dynamixel_sdk_custom_interfaces/lib/python3.12/site-packages/dynamixel_sdk_custom_interfaces/_dynamixel_sdk_custom_interfaces_s.ep.rosidl_typesupport_fastrtps_c.c
[0.574s] -- Up-to-date symlink: /home/yubinkim/workspace/common_packages/install_jazzy/dynamixel_sdk_custom_interfaces/lib/python3.12/site-packages/dynamixel_sdk_custom_interfaces/_dynamixel_sdk_custom_interfaces_s.ep.rosidl_typesupport_introspection_c.c
[0.574s] -- Up-to-date symlink: /home/yubinkim/workspace/common_packages/install_jazzy/dynamixel_sdk_custom_interfaces/lib/python3.12/site-packages/dynamixel_sdk_custom_interfaces/dynamixel_sdk_custom_interfaces_s__rosidl_typesupport_c.so
[0.574s] -- Up-to-date symlink: /home/yubinkim/workspace/common_packages/install_jazzy/dynamixel_sdk_custom_interfaces/lib/python3.12/site-packages/dynamixel_sdk_custom_interfaces/dynamixel_sdk_custom_interfaces_s__rosidl_typesupport_fastrtps_c.so
[0.575s] -- Up-to-date symlink: /home/yubinkim/workspace/common_packages/install_jazzy/dynamixel_sdk_custom_interfaces/lib/python3.12/site-packages/dynamixel_sdk_custom_interfaces/dynamixel_sdk_custom_interfaces_s__rosidl_typesupport_introspection_c.so
[0.575s] -- Up-to-date symlink: /home/yubinkim/workspace/common_packages/install_jazzy/dynamixel_sdk_custom_interfaces/lib/python3.12/site-packages/dynamixel_sdk_custom_interfaces/msg/__init__.py
[0.576s] -- Up-to-date symlink: /home/yubinkim/workspace/common_packages/install_jazzy/dynamixel_sdk_custom_interfaces/lib/python3.12/site-packages/dynamixel_sdk_custom_interfaces/msg/_set_position.py
[0.576s] -- Up-to-date symlink: /home/yubinkim/workspace/common_packages/install_jazzy/dynamixel_sdk_custom_interfaces/lib/python3.12/site-packages/dynamixel_sdk_custom_interfaces/msg/_set_position_s.c
[0.576s] -- Up-to-date symlink: /home/yubinkim/workspace/common_packages/install_jazzy/dynamixel_sdk_custom_interfaces/lib/python3.12/site-packages/dynamixel_sdk_custom_interfaces/srv/__init__.py
[0.576s] -- Up-to-date symlink: /home/yubinkim/workspace/common_packages/install_jazzy/dynamixel_sdk_custom_interfaces/lib/python3.12/site-packages/dynamixel_sdk_custom_interfaces/srv/_get_position.py
[0.576s] -- Up-to-date symlink: /home/yubinkim/workspace/common_packages/install_jazzy/dynamixel_sdk_custom_interfaces/lib/python3.12/site-packages/dynamixel_sdk_custom_interfaces/srv/_get_position_s.c
[0.576s] -- Up-to-date symlink: /home/yubinkim/workspace/common_packages/install_jazzy/dynamixel_sdk_custom_interfaces/lib/python3.12/site-packages/dynamixel_sdk_custom_interfaces/dynamixel_sdk_custom_interfaces_s__rosidl_typesupport_fastrtps_c.so
[0.576s] -- Up-to-date symlink: /home/yubinkim/workspace/common_packages/install_jazzy/dynamixel_sdk_custom_interfaces/lib/python3.12/site-packages/dynamixel_sdk_custom_interfaces/dynamixel_sdk_custom_interfaces_s__rosidl_typesupport_introspection_c.so
[0.576s] -- Up-to-date symlink: /home/yubinkim/workspace/common_packages/install_jazzy/dynamixel_sdk_custom_interfaces/lib/python3.12/site-packages/dynamixel_sdk_custom_interfaces/dynamixel_sdk_custom_interfaces_s__rosidl_typesupport_c.so
[0.577s] -- Up-to-date symlink: /home/yubinkim/workspace/common_packages/install_jazzy/dynamixel_sdk_custom_interfaces/share/dynamixel_sdk_custom_interfaces/msg/SetPosition.idl
[0.577s] -- Up-to-date symlink: /home/yubinkim/workspace/common_packages/install_jazzy/dynamixel_sdk_custom_interfaces/share/dynamixel_sdk_custom_interfaces/srv/GetPosition.idl
[0.577s] -- Up-to-date symlink: /home/yubinkim/workspace/common_packages/install_jazzy/dynamixel_sdk_custom_interfaces/share/dynamixel_sdk_custom_interfaces/msg/SetPosition.msg
[0.578s] -- Up-to-date symlink: /home/yubinkim/workspace/common_packages/install_jazzy/dynamixel_sdk_custom_interfaces/share/dynamixel_sdk_custom_interfaces/srv/GetPosition.srv
[0.578s] -- Up-to-date symlink: /home/yubinkim/workspace/common_packages/install_jazzy/dynamixel_sdk_custom_interfaces/share/ament_index/resource_index/package_run_dependencies/dynamixel_sdk_custom_interfaces
[0.578s] -- Up-to-date symlink: /home/yubinkim/workspace/common_packages/install_jazzy/dynamixel_sdk_custom_interfaces/share/ament_index/resource_index/parent_prefix_path/dynamixel_sdk_custom_interfaces
[0.578s] -- Up-to-date symlink: /home/yubinkim/workspace/common_packages/install_jazzy/dynamixel_sdk_custom_interfaces/share/dynamixel_sdk_custom_interfaces/environment/ament_prefix_path.sh
[0.578s] -- Up-to-date symlink: /home/yubinkim/workspace/common_packages/install_jazzy/dynamixel_sdk_custom_interfaces/share/dynamixel_sdk_custom_interfaces/environment/ament_prefix_path.dsv
[0.578s] -- Up-to-date symlink: /home/yubinkim/workspace/common_packages/install_jazzy/dynamixel_sdk_custom_interfaces/share/dynamixel_sdk_custom_interfaces/environment/path.sh
[0.579s] -- Up-to-date symlink: /home/yubinkim/workspace/common_packages/install_jazzy/dynamixel_sdk_custom_interfaces/share/dynamixel_sdk_custom_interfaces/environment/path.dsv
[0.579s] -- Up-to-date symlink: /home/yubinkim/workspace/common_packages/install_jazzy/dynamixel_sdk_custom_interfaces/share/dynamixel_sdk_custom_interfaces/local_setup.bash
[0.579s] -- Up-to-date symlink: /home/yubinkim/workspace/common_packages/install_jazzy/dynamixel_sdk_custom_interfaces/share/dynamixel_sdk_custom_interfaces/local_setup.sh
[0.579s] -- Up-to-date symlink: /home/yubinkim/workspace/common_packages/install_jazzy/dynamixel_sdk_custom_interfaces/share/dynamixel_sdk_custom_interfaces/local_setup.zsh
[0.579s] -- Up-to-date symlink: /home/yubinkim/workspace/common_packages/install_jazzy/dynamixel_sdk_custom_interfaces/share/dynamixel_sdk_custom_interfaces/local_setup.dsv
[0.579s] -- Symlinking: /home/yubinkim/workspace/common_packages/install_jazzy/dynamixel_sdk_custom_interfaces/share/dynamixel_sdk_custom_interfaces/package.dsv
[0.594s] -- Up-to-date symlink: /home/yubinkim/workspace/common_packages/install_jazzy/dynamixel_sdk_custom_interfaces/share/ament_index/resource_index/packages/dynamixel_sdk_custom_interfaces
[0.594s] -- Up-to-date symlink: /home/yubinkim/workspace/common_packages/install_jazzy/dynamixel_sdk_custom_interfaces/share/dynamixel_sdk_custom_interfaces/cmake/rosidl_cmake-extras.cmake
[0.594s] -- Up-to-date symlink: /home/yubinkim/workspace/common_packages/install_jazzy/dynamixel_sdk_custom_interfaces/share/dynamixel_sdk_custom_interfaces/cmake/ament_cmake_export_dependencies-extras.cmake
[0.595s] -- Up-to-date symlink: /home/yubinkim/workspace/common_packages/install_jazzy/dynamixel_sdk_custom_interfaces/share/dynamixel_sdk_custom_interfaces/cmake/ament_cmake_export_include_directories-extras.cmake
[0.595s] -- Up-to-date symlink: /home/yubinkim/workspace/common_packages/install_jazzy/dynamixel_sdk_custom_interfaces/share/dynamixel_sdk_custom_interfaces/cmake/ament_cmake_export_libraries-extras.cmake
[0.595s] -- Up-to-date symlink: /home/yubinkim/workspace/common_packages/install_jazzy/dynamixel_sdk_custom_interfaces/share/dynamixel_sdk_custom_interfaces/cmake/ament_cmake_export_targets-extras.cmake
[0.595s] -- Up-to-date symlink: /home/yubinkim/workspace/common_packages/install_jazzy/dynamixel_sdk_custom_interfaces/share/dynamixel_sdk_custom_interfaces/cmake/rosidl_cmake_export_typesupport_targets-extras.cmake
[0.596s] -- Up-to-date symlink: /home/yubinkim/workspace/common_packages/install_jazzy/dynamixel_sdk_custom_interfaces/share/dynamixel_sdk_custom_interfaces/cmake/rosidl_cmake_export_typesupport_libraries-extras.cmake
[0.596s] -- Up-to-date symlink: /home/yubinkim/workspace/common_packages/install_jazzy/dynamixel_sdk_custom_interfaces/share/dynamixel_sdk_custom_interfaces/cmake/dynamixel_sdk_custom_interfacesConfig.cmake
[0.596s] -- Up-to-date symlink: /home/yubinkim/workspace/common_packages/install_jazzy/dynamixel_sdk_custom_interfaces/share/dynamixel_sdk_custom_interfaces/cmake/dynamixel_sdk_custom_interfacesConfig-version.cmake
[0.596s] -- Up-to-date symlink: /home/yubinkim/workspace/common_packages/install_jazzy/dynamixel_sdk_custom_interfaces/share/dynamixel_sdk_custom_interfaces/package.xml
[0.596s] -- Up-to-date: /home/yubinkim/workspace/common_packages/install_jazzy/dynamixel_sdk_custom_interfaces/lib/libdynamixel_sdk_custom_interfaces__rosidl_generator_c.so
[0.597s] -- Up-to-date: /home/yubinkim/workspace/common_packages/install_jazzy/dynamixel_sdk_custom_interfaces/lib/libdynamixel_sdk_custom_interfaces__rosidl_typesupport_fastrtps_c.so
[0.597s] -- Up-to-date: /home/yubinkim/workspace/common_packages/install_jazzy/dynamixel_sdk_custom_interfaces/lib/libdynamixel_sdk_custom_interfaces__rosidl_typesupport_fastrtps_cpp.so
[0.598s] -- Up-to-date: /home/yubinkim/workspace/common_packages/install_jazzy/dynamixel_sdk_custom_interfaces/lib/libdynamixel_sdk_custom_interfaces__rosidl_typesupport_introspection_c.so
[0.598s] -- Up-to-date: /home/yubinkim/workspace/common_packages/install_jazzy/dynamixel_sdk_custom_interfaces/lib/libdynamixel_sdk_custom_interfaces__rosidl_typesupport_c.so
[0.598s] -- Up-to-date: /home/yubinkim/workspace/common_packages/install_jazzy/dynamixel_sdk_custom_interfaces/lib/libdynamixel_sdk_custom_interfaces__rosidl_typesupport_introspection_cpp.so
[0.599s] -- Up-to-date: /home/yubinkim/workspace/common_packages/install_jazzy/dynamixel_sdk_custom_interfaces/lib/libdynamixel_sdk_custom_interfaces__rosidl_typesupport_cpp.so
[0.662s] Listing '/home/yubinkim/workspace/common_packages/install_jazzy/dynamixel_sdk_custom_interfaces/lib/python3.12/site-packages/dynamixel_sdk_custom_interfaces'...
[0.662s] Listing '/home/yubinkim/workspace/common_packages/install_jazzy/dynamixel_sdk_custom_interfaces/lib/python3.12/site-packages/dynamixel_sdk_custom_interfaces/msg'...
[0.662s] Listing '/home/yubinkim/workspace/common_packages/install_jazzy/dynamixel_sdk_custom_interfaces/lib/python3.12/site-packages/dynamixel_sdk_custom_interfaces/srv'...
[0.670s] -- Up-to-date: /home/yubinkim/workspace/common_packages/install_jazzy/dynamixel_sdk_custom_interfaces/lib/libdynamixel_sdk_custom_interfaces__rosidl_generator_py.so
[0.671s] -- Up-to-date: /home/yubinkim/workspace/common_packages/install_jazzy/dynamixel_sdk_custom_interfaces/share/dynamixel_sdk_custom_interfaces/cmake/export_dynamixel_sdk_custom_interfaces__rosidl_generator_cExport.cmake
[0.671s] -- Up-to-date: /home/yubinkim/workspace/common_packages/install_jazzy/dynamixel_sdk_custom_interfaces/share/dynamixel_sdk_custom_interfaces/cmake/export_dynamixel_sdk_custom_interfaces__rosidl_generator_cExport-noconfig.cmake
[0.671s] -- Up-to-date: /home/yubinkim/workspace/common_packages/install_jazzy/dynamixel_sdk_custom_interfaces/share/dynamixel_sdk_custom_interfaces/cmake/export_dynamixel_sdk_custom_interfaces__rosidl_typesupport_fastrtps_cExport.cmake
[0.672s] -- Up-to-date: /home/yubinkim/workspace/common_packages/install_jazzy/dynamixel_sdk_custom_interfaces/share/dynamixel_sdk_custom_interfaces/cmake/export_dynamixel_sdk_custom_interfaces__rosidl_typesupport_fastrtps_cExport-noconfig.cmake
[0.672s] -- Up-to-date: /home/yubinkim/workspace/common_packages/install_jazzy/dynamixel_sdk_custom_interfaces/share/dynamixel_sdk_custom_interfaces/cmake/export_dynamixel_sdk_custom_interfaces__rosidl_generator_cppExport.cmake
[0.672s] -- Up-to-date: /home/yubinkim/workspace/common_packages/install_jazzy/dynamixel_sdk_custom_interfaces/share/dynamixel_sdk_custom_interfaces/cmake/export_dynamixel_sdk_custom_interfaces__rosidl_typesupport_fastrtps_cppExport.cmake
[0.672s] -- Up-to-date: /home/yubinkim/workspace/common_packages/install_jazzy/dynamixel_sdk_custom_interfaces/share/dynamixel_sdk_custom_interfaces/cmake/export_dynamixel_sdk_custom_interfaces__rosidl_typesupport_fastrtps_cppExport-noconfig.cmake
[0.672s] -- Up-to-date: /home/yubinkim/workspace/common_packages/install_jazzy/dynamixel_sdk_custom_interfaces/share/dynamixel_sdk_custom_interfaces/cmake/dynamixel_sdk_custom_interfaces__rosidl_typesupport_introspection_cExport.cmake
[0.672s] -- Up-to-date: /home/yubinkim/workspace/common_packages/install_jazzy/dynamixel_sdk_custom_interfaces/share/dynamixel_sdk_custom_interfaces/cmake/dynamixel_sdk_custom_interfaces__rosidl_typesupport_introspection_cExport-noconfig.cmake
[0.672s] -- Up-to-date: /home/yubinkim/workspace/common_packages/install_jazzy/dynamixel_sdk_custom_interfaces/share/dynamixel_sdk_custom_interfaces/cmake/dynamixel_sdk_custom_interfaces__rosidl_typesupport_cExport.cmake
[0.672s] -- Up-to-date: /home/yubinkim/workspace/common_packages/install_jazzy/dynamixel_sdk_custom_interfaces/share/dynamixel_sdk_custom_interfaces/cmake/dynamixel_sdk_custom_interfaces__rosidl_typesupport_cExport-noconfig.cmake
[0.672s] -- Up-to-date: /home/yubinkim/workspace/common_packages/install_jazzy/dynamixel_sdk_custom_interfaces/share/dynamixel_sdk_custom_interfaces/cmake/dynamixel_sdk_custom_interfaces__rosidl_typesupport_introspection_cppExport.cmake
[0.673s] -- Up-to-date: /home/yubinkim/workspace/common_packages/install_jazzy/dynamixel_sdk_custom_interfaces/share/dynamixel_sdk_custom_interfaces/cmake/dynamixel_sdk_custom_interfaces__rosidl_typesupport_introspection_cppExport-noconfig.cmake
[0.673s] -- Up-to-date: /home/yubinkim/workspace/common_packages/install_jazzy/dynamixel_sdk_custom_interfaces/share/dynamixel_sdk_custom_interfaces/cmake/dynamixel_sdk_custom_interfaces__rosidl_typesupport_cppExport.cmake
[0.673s] -- Up-to-date: /home/yubinkim/workspace/common_packages/install_jazzy/dynamixel_sdk_custom_interfaces/share/dynamixel_sdk_custom_interfaces/cmake/dynamixel_sdk_custom_interfaces__rosidl_typesupport_cppExport-noconfig.cmake
[0.673s] -- Up-to-date: /home/yubinkim/workspace/common_packages/install_jazzy/dynamixel_sdk_custom_interfaces/share/dynamixel_sdk_custom_interfaces/cmake/export_dynamixel_sdk_custom_interfaces__rosidl_generator_pyExport.cmake
[0.673s] -- Up-to-date: /home/yubinkim/workspace/common_packages/install_jazzy/dynamixel_sdk_custom_interfaces/share/dynamixel_sdk_custom_interfaces/cmake/export_dynamixel_sdk_custom_interfaces__rosidl_generator_pyExport-noconfig.cmake
[0.677s] Invoked command in '/home/yubinkim/workspace/common_packages/build_jazzy/dynamixel_sdk_custom_interfaces' returned '0': CMAKE_PREFIX_PATH=${CMAKE_PREFIX_PATH}:/opt/ros/jazzy DEBUGINFOD_URLS=https://debuginfod.ubuntu.com /usr/bin/cmake --install /home/yubinkim/workspace/common_packages/build_jazzy/dynamixel_sdk_custom_interfaces
