[0.018s] Invoking command in '/home/yubinkim/workspace/common_packages/build_jazzy/ros2_optitrack_bridge': CMAKE_PREFIX_PATH=${CMAKE_PREFIX_PATH}:/opt/ros/jazzy DEBUGINFOD_URLS=https://debuginfod.ubuntu.com /usr/bin/cmake --build /home/yubinkim/workspace/common_packages/build_jazzy/ros2_optitrack_bridge -- -j16 -l16
[0.112s] [ 15%] Built target dummy
[0.118s] [ 46%] Built target px4
[0.118s] [ 69%] Built target pose
[0.128s] [100%] Built target odometry
[0.151s] Invoked command in '/home/yubinkim/workspace/common_packages/build_jazzy/ros2_optitrack_bridge' returned '0': CMAKE_PREFIX_PATH=${CMAKE_PREFIX_PATH}:/opt/ros/jazzy DEBUGINFOD_URLS=https://debuginfod.ubuntu.com /usr/bin/cmake --build /home/yubinkim/workspace/common_packages/build_jazzy/ros2_optitrack_bridge -- -j16 -l16
[0.166s] Invoking command in '/home/yubinkim/workspace/common_packages/build_jazzy/ros2_optitrack_bridge': CMAKE_PREFIX_PATH=${CMAKE_PREFIX_PATH}:/opt/ros/jazzy DEBUGINFOD_URLS=https://debuginfod.ubuntu.com /usr/bin/cmake --install /home/yubinkim/workspace/common_packages/build_jazzy/ros2_optitrack_bridge
[0.178s] -- Install configuration: ""
[0.179s] -- Execute custom install script
[0.179s] -- Up-to-date symlink: /home/yubinkim/workspace/common_packages/install_jazzy/ros2_optitrack_bridge/share/ros2_optitrack_bridge/environment/library_path.sh
[0.179s] -- Up-to-date symlink: /home/yubinkim/workspace/common_packages/install_jazzy/ros2_optitrack_bridge/share/ros2_optitrack_bridge/environment/library_path.dsv
[0.179s] -- Up-to-date symlink: /home/yubinkim/workspace/common_packages/install_jazzy/ros2_optitrack_bridge/lib/ros2_optitrack_bridge/pose
[0.179s] -- Up-to-date symlink: /home/yubinkim/workspace/common_packages/install_jazzy/ros2_optitrack_bridge/lib/ros2_optitrack_bridge/odometry
[0.180s] -- Up-to-date symlink: /home/yubinkim/workspace/common_packages/install_jazzy/ros2_optitrack_bridge/lib/ros2_optitrack_bridge/px4
[0.180s] -- Up-to-date symlink: /home/yubinkim/workspace/common_packages/install_jazzy/ros2_optitrack_bridge/lib/ros2_optitrack_bridge/dummy
[0.180s] -- Up-to-date symlink: /home/yubinkim/workspace/common_packages/install_jazzy/ros2_optitrack_bridge/lib/libNatNetLibShared.so
[0.180s] -- Up-to-date symlink: /home/yubinkim/workspace/common_packages/install_jazzy/ros2_optitrack_bridge/share/ament_index/resource_index/package_run_dependencies/ros2_optitrack_bridge
[0.180s] -- Up-to-date symlink: /home/yubinkim/workspace/common_packages/install_jazzy/ros2_optitrack_bridge/share/ament_index/resource_index/parent_prefix_path/ros2_optitrack_bridge
[0.181s] -- Up-to-date symlink: /home/yubinkim/workspace/common_packages/install_jazzy/ros2_optitrack_bridge/share/ros2_optitrack_bridge/environment/ament_prefix_path.sh
[0.181s] -- Up-to-date symlink: /home/yubinkim/workspace/common_packages/install_jazzy/ros2_optitrack_bridge/share/ros2_optitrack_bridge/environment/ament_prefix_path.dsv
[0.181s] -- Up-to-date symlink: /home/yubinkim/workspace/common_packages/install_jazzy/ros2_optitrack_bridge/share/ros2_optitrack_bridge/environment/path.sh
[0.181s] -- Up-to-date symlink: /home/yubinkim/workspace/common_packages/install_jazzy/ros2_optitrack_bridge/share/ros2_optitrack_bridge/environment/path.dsv
[0.181s] -- Up-to-date symlink: /home/yubinkim/workspace/common_packages/install_jazzy/ros2_optitrack_bridge/share/ros2_optitrack_bridge/local_setup.bash
[0.181s] -- Up-to-date symlink: /home/yubinkim/workspace/common_packages/install_jazzy/ros2_optitrack_bridge/share/ros2_optitrack_bridge/local_setup.sh
[0.182s] -- Up-to-date symlink: /home/yubinkim/workspace/common_packages/install_jazzy/ros2_optitrack_bridge/share/ros2_optitrack_bridge/local_setup.zsh
[0.182s] -- Up-to-date symlink: /home/yubinkim/workspace/common_packages/install_jazzy/ros2_optitrack_bridge/share/ros2_optitrack_bridge/local_setup.dsv
[0.182s] -- Symlinking: /home/yubinkim/workspace/common_packages/install_jazzy/ros2_optitrack_bridge/share/ros2_optitrack_bridge/package.dsv
[0.197s] -- Up-to-date symlink: /home/yubinkim/workspace/common_packages/install_jazzy/ros2_optitrack_bridge/share/ament_index/resource_index/packages/ros2_optitrack_bridge
[0.198s] -- Up-to-date symlink: /home/yubinkim/workspace/common_packages/install_jazzy/ros2_optitrack_bridge/share/ros2_optitrack_bridge/cmake/ament_cmake_export_libraries-extras.cmake
[0.198s] -- Up-to-date symlink: /home/yubinkim/workspace/common_packages/install_jazzy/ros2_optitrack_bridge/share/ros2_optitrack_bridge/cmake/ros2_optitrack_bridgeConfig.cmake
[0.198s] -- Up-to-date symlink: /home/yubinkim/workspace/common_packages/install_jazzy/ros2_optitrack_bridge/share/ros2_optitrack_bridge/cmake/ros2_optitrack_bridgeConfig-version.cmake
[0.198s] -- Up-to-date symlink: /home/yubinkim/workspace/common_packages/install_jazzy/ros2_optitrack_bridge/share/ros2_optitrack_bridge/package.xml
[0.201s] Invoked command in '/home/yubinkim/workspace/common_packages/build_jazzy/ros2_optitrack_bridge' returned '0': CMAKE_PREFIX_PATH=${CMAKE_PREFIX_PATH}:/opt/ros/jazzy DEBUGINFOD_URLS=https://debuginfod.ubuntu.com /usr/bin/cmake --install /home/yubinkim/workspace/common_packages/build_jazzy/ros2_optitrack_bridge
