[0.022s] Invoking command in '/home/yubinkim/workspace/common_packages/build_jazzy/ros2_optitrack_bridge': CMAKE_PREFIX_PATH=${CMAKE_PREFIX_PATH}:/home/yubinkim/workspace/hexa_teleoperation/install_jazzy/dynamixel_test_ctrl:/home/yubinkim/workspace/omni_hexa/install_jazzy/dynamixel_test_ctrl:/opt/ros/jazzy DEBUGINFOD_URLS=https://debuginfod.ubuntu.com /usr/bin/cmake --build /home/yubinkim/workspace/common_packages/build_jazzy/ros2_optitrack_bridge -- -j16 -l16
[0.113s] [ 15%] Built target dummy
[0.119s] [ 46%] Built target px4
[0.119s] [ 69%] Built target pose
[0.122s] [100%] Built target odometry
[0.137s] Invoked command in '/home/yubinkim/workspace/common_packages/build_jazzy/ros2_optitrack_bridge' returned '0': CMAKE_PREFIX_PATH=${CMAKE_PREFIX_PATH}:/home/yubinkim/workspace/hexa_teleoperation/install_jazzy/dynamixel_test_ctrl:/home/yubinkim/workspace/omni_hexa/install_jazzy/dynamixel_test_ctrl:/opt/ros/jazzy DEBUGINFOD_URLS=https://debuginfod.ubuntu.com /usr/bin/cmake --build /home/yubinkim/workspace/common_packages/build_jazzy/ros2_optitrack_bridge -- -j16 -l16
[0.151s] Invoking command in '/home/yubinkim/workspace/common_packages/build_jazzy/ros2_optitrack_bridge': CMAKE_PREFIX_PATH=${CMAKE_PREFIX_PATH}:/home/yubinkim/workspace/hexa_teleoperation/install_jazzy/dynamixel_test_ctrl:/home/yubinkim/workspace/omni_hexa/install_jazzy/dynamixel_test_ctrl:/opt/ros/jazzy DEBUGINFOD_URLS=https://debuginfod.ubuntu.com /usr/bin/cmake --install /home/yubinkim/workspace/common_packages/build_jazzy/ros2_optitrack_bridge
[0.159s] -- Install configuration: ""
[0.160s] -- Execute custom install script
[0.160s] -- Up-to-date symlink: /home/yubinkim/workspace/common_packages/install_jazzy/ros2_optitrack_bridge/share/ros2_optitrack_bridge/environment/library_path.sh
[0.160s] -- Up-to-date symlink: /home/yubinkim/workspace/common_packages/install_jazzy/ros2_optitrack_bridge/share/ros2_optitrack_bridge/environment/library_path.dsv
[0.160s] -- Up-to-date symlink: /home/yubinkim/workspace/common_packages/install_jazzy/ros2_optitrack_bridge/lib/ros2_optitrack_bridge/pose
[0.161s] -- Up-to-date symlink: /home/yubinkim/workspace/common_packages/install_jazzy/ros2_optitrack_bridge/lib/ros2_optitrack_bridge/odometry
[0.162s] -- Up-to-date symlink: /home/yubinkim/workspace/common_packages/install_jazzy/ros2_optitrack_bridge/lib/ros2_optitrack_bridge/px4
[0.163s] -- Up-to-date symlink: /home/yubinkim/workspace/common_packages/install_jazzy/ros2_optitrack_bridge/lib/ros2_optitrack_bridge/dummy
[0.163s] -- Up-to-date symlink: /home/yubinkim/workspace/common_packages/install_jazzy/ros2_optitrack_bridge/lib/libNatNetLibShared.so
[0.163s] -- Up-to-date symlink: /home/yubinkim/workspace/common_packages/install_jazzy/ros2_optitrack_bridge/share/ament_index/resource_index/package_run_dependencies/ros2_optitrack_bridge
[0.163s] -- Up-to-date symlink: /home/yubinkim/workspace/common_packages/install_jazzy/ros2_optitrack_bridge/share/ament_index/resource_index/parent_prefix_path/ros2_optitrack_bridge
[0.163s] -- Up-to-date symlink: /home/yubinkim/workspace/common_packages/install_jazzy/ros2_optitrack_bridge/share/ros2_optitrack_bridge/environment/ament_prefix_path.sh
[0.163s] -- Up-to-date symlink: /home/yubinkim/workspace/common_packages/install_jazzy/ros2_optitrack_bridge/share/ros2_optitrack_bridge/environment/ament_prefix_path.dsv
[0.163s] -- Up-to-date symlink: /home/yubinkim/workspace/common_packages/install_jazzy/ros2_optitrack_bridge/share/ros2_optitrack_bridge/environment/path.sh
[0.163s] -- Up-to-date symlink: /home/yubinkim/workspace/common_packages/install_jazzy/ros2_optitrack_bridge/share/ros2_optitrack_bridge/environment/path.dsv
[0.164s] -- Up-to-date symlink: /home/yubinkim/workspace/common_packages/install_jazzy/ros2_optitrack_bridge/share/ros2_optitrack_bridge/local_setup.bash
[0.164s] -- Up-to-date symlink: /home/yubinkim/workspace/common_packages/install_jazzy/ros2_optitrack_bridge/share/ros2_optitrack_bridge/local_setup.sh
[0.164s] -- Up-to-date symlink: /home/yubinkim/workspace/common_packages/install_jazzy/ros2_optitrack_bridge/share/ros2_optitrack_bridge/local_setup.zsh
[0.164s] -- Up-to-date symlink: /home/yubinkim/workspace/common_packages/install_jazzy/ros2_optitrack_bridge/share/ros2_optitrack_bridge/local_setup.dsv
[0.164s] -- Symlinking: /home/yubinkim/workspace/common_packages/install_jazzy/ros2_optitrack_bridge/share/ros2_optitrack_bridge/package.dsv
[0.186s] -- Up-to-date symlink: /home/yubinkim/workspace/common_packages/install_jazzy/ros2_optitrack_bridge/share/ament_index/resource_index/packages/ros2_optitrack_bridge
[0.186s] -- Up-to-date symlink: /home/yubinkim/workspace/common_packages/install_jazzy/ros2_optitrack_bridge/share/ros2_optitrack_bridge/cmake/ament_cmake_export_libraries-extras.cmake
[0.187s] -- Up-to-date symlink: /home/yubinkim/workspace/common_packages/install_jazzy/ros2_optitrack_bridge/share/ros2_optitrack_bridge/cmake/ros2_optitrack_bridgeConfig.cmake
[0.187s] -- Up-to-date symlink: /home/yubinkim/workspace/common_packages/install_jazzy/ros2_optitrack_bridge/share/ros2_optitrack_bridge/cmake/ros2_optitrack_bridgeConfig-version.cmake
[0.187s] -- Up-to-date symlink: /home/yubinkim/workspace/common_packages/install_jazzy/ros2_optitrack_bridge/share/ros2_optitrack_bridge/package.xml
[0.191s] Invoked command in '/home/yubinkim/workspace/common_packages/build_jazzy/ros2_optitrack_bridge' returned '0': CMAKE_PREFIX_PATH=${CMAKE_PREFIX_PATH}:/home/yubinkim/workspace/hexa_teleoperation/install_jazzy/dynamixel_test_ctrl:/home/yubinkim/workspace/omni_hexa/install_jazzy/dynamixel_test_ctrl:/opt/ros/jazzy DEBUGINFOD_URLS=https://debuginfod.ubuntu.com /usr/bin/cmake --install /home/yubinkim/workspace/common_packages/build_jazzy/ros2_optitrack_bridge
