[0.023s] Invoking command in '/home/yubinkim/workspace/common_packages/build_jazzy/dynamixel_sdk_custom_interfaces': CMAKE_PREFIX_PATH=${CMAKE_PREFIX_PATH}:/home/yubinkim/workspace/hexa_teleoperation/install_jazzy/dynamixel_test_ctrl:/home/yubinkim/workspace/omni_hexa/install_jazzy/dynamixel_test_ctrl:/opt/ros/jazzy DEBUGINFOD_URLS=https://debuginfod.ubuntu.com /usr/bin/cmake --build /home/yubinkim/workspace/common_packages/build_jazzy/dynamixel_sdk_custom_interfaces -- -j16 -l16
[0.110s] [  2%] Built target dynamixel_sdk_custom_interfaces__rosidl_generator_type_description
[0.119s] [  2%] Built target ament_cmake_python_symlink_dynamixel_sdk_custom_interfaces
[0.139s] [  4%] Built target dynamixel_sdk_custom_interfaces__cpp
[0.144s] [ 22%] Built target dynamixel_sdk_custom_interfaces__rosidl_generator_c
[0.176s] [ 31%] Built target dynamixel_sdk_custom_interfaces__rosidl_typesupport_introspection_cpp
[0.176s] [ 40%] Built target dynamixel_sdk_custom_interfaces__rosidl_typesupport_c
[0.177s] [ 50%] Built target dynamixel_sdk_custom_interfaces__rosidl_typesupport_fastrtps_cpp
[0.178s] [ 59%] Built target dynamixel_sdk_custom_interfaces__rosidl_typesupport_fastrtps_c
[0.180s] [ 68%] Built target dynamixel_sdk_custom_interfaces__rosidl_typesupport_cpp
[0.193s] [ 77%] Built target dynamixel_sdk_custom_interfaces__rosidl_typesupport_introspection_c
[0.230s] [ 77%] Built target dynamixel_sdk_custom_interfaces
[0.266s] [ 79%] Built target dynamixel_sdk_custom_interfaces__py
[0.318s] [ 86%] Built target dynamixel_sdk_custom_interfaces__rosidl_generator_py
[0.338s] running egg_info
[0.352s] writing dynamixel_sdk_custom_interfaces.egg-info/PKG-INFO
[0.353s] writing dependency_links to dynamixel_sdk_custom_interfaces.egg-info/dependency_links.txt
[0.353s] writing top-level names to dynamixel_sdk_custom_interfaces.egg-info/top_level.txt
[0.358s] [ 95%] Built target dynamixel_sdk_custom_interfaces_s__rosidl_typesupport_c
[0.359s] [ 95%] Built target dynamixel_sdk_custom_interfaces_s__rosidl_typesupport_fastrtps_c
[0.369s] [100%] Built target dynamixel_sdk_custom_interfaces_s__rosidl_typesupport_introspection_c
[0.395s] reading manifest file 'dynamixel_sdk_custom_interfaces.egg-info/SOURCES.txt'
[0.396s] writing manifest file 'dynamixel_sdk_custom_interfaces.egg-info/SOURCES.txt'
[0.432s] [100%] Built target ament_cmake_python_build_dynamixel_sdk_custom_interfaces_egg
[0.455s] Invoked command in '/home/yubinkim/workspace/common_packages/build_jazzy/dynamixel_sdk_custom_interfaces' returned '0': CMAKE_PREFIX_PATH=${CMAKE_PREFIX_PATH}:/home/yubinkim/workspace/hexa_teleoperation/install_jazzy/dynamixel_test_ctrl:/home/yubinkim/workspace/omni_hexa/install_jazzy/dynamixel_test_ctrl:/opt/ros/jazzy DEBUGINFOD_URLS=https://debuginfod.ubuntu.com /usr/bin/cmake --build /home/yubinkim/workspace/common_packages/build_jazzy/dynamixel_sdk_custom_interfaces -- -j16 -l16
[0.458s] Invoking command in '/home/yubinkim/workspace/common_packages/build_jazzy/dynamixel_sdk_custom_interfaces': CMAKE_PREFIX_PATH=${CMAKE_PREFIX_PATH}:/home/yubinkim/workspace/hexa_teleoperation/install_jazzy/dynamixel_test_ctrl:/home/yubinkim/workspace/omni_hexa/install_jazzy/dynamixel_test_ctrl:/opt/ros/jazzy DEBUGINFOD_URLS=https://debuginfod.ubuntu.com /usr/bin/cmake --install /home/yubinkim/workspace/common_packages/build_jazzy/dynamixel_sdk_custom_interfaces
[0.478s] -- Install configuration: ""
[0.479s] -- Execute custom install script
[0.480s] -- Up-to-date symlink: /home/yubinkim/workspace/common_packages/install_jazzy/dynamixel_sdk_custom_interfaces/share/ament_index/resource_index/rosidl_interfaces/dynamixel_sdk_custom_interfaces
[0.480s] -- Up-to-date symlink: /home/yubinkim/workspace/common_packages/install_jazzy/dynamixel_sdk_custom_interfaces/share/dynamixel_sdk_custom_interfaces/msg/SetPosition.json
[0.480s] -- Up-to-date symlink: /home/yubinkim/workspace/common_packages/install_jazzy/dynamixel_sdk_custom_interfaces/share/dynamixel_sdk_custom_interfaces/srv/GetPosition.json
[0.481s] -- Up-to-date symlink: /home/yubinkim/workspace/common_packages/install_jazzy/dynamixel_sdk_custom_interfaces/include/dynamixel_sdk_custom_interfaces/dynamixel_sdk_custom_interfaces/msg/detail/set_position__functions.h
[0.482s] -- Up-to-date symlink: /home/yubinkim/workspace/common_packages/install_jazzy/dynamixel_sdk_custom_interfaces/include/dynamixel_sdk_custom_interfaces/dynamixel_sdk_custom_interfaces/msg/detail/set_position__struct.h
[0.482s] -- Up-to-date symlink: /home/yubinkim/workspace/common_packages/install_jazzy/dynamixel_sdk_custom_interfaces/include/dynamixel_sdk_custom_interfaces/dynamixel_sdk_custom_interfaces/msg/detail/set_position__type_support.h
[0.482s] -- Up-to-date symlink: /home/yubinkim/workspace/common_packages/install_jazzy/dynamixel_sdk_custom_interfaces/include/dynamixel_sdk_custom_interfaces/dynamixel_sdk_custom_interfaces/msg/rosidl_generator_c__visibility_control.h
[0.482s] -- Up-to-date symlink: /home/yubinkim/workspace/common_packages/install_jazzy/dynamixel_sdk_custom_interfaces/include/dynamixel_sdk_custom_interfaces/dynamixel_sdk_custom_interfaces/msg/set_position.h
[0.482s] -- Up-to-date symlink: /home/yubinkim/workspace/common_packages/install_jazzy/dynamixel_sdk_custom_interfaces/include/dynamixel_sdk_custom_interfaces/dynamixel_sdk_custom_interfaces/srv/detail/get_position__functions.h
[0.483s] -- Up-to-date symlink: /home/yubinkim/workspace/common_packages/install_jazzy/dynamixel_sdk_custom_interfaces/include/dynamixel_sdk_custom_interfaces/dynamixel_sdk_custom_interfaces/srv/detail/get_position__struct.h
[0.483s] -- Up-to-date symlink: /home/yubinkim/workspace/common_packages/install_jazzy/dynamixel_sdk_custom_interfaces/include/dynamixel_sdk_custom_interfaces/dynamixel_sdk_custom_interfaces/srv/detail/get_position__type_support.h
[0.483s] -- Up-to-date symlink: /home/yubinkim/workspace/common_packages/install_jazzy/dynamixel_sdk_custom_interfaces/include/dynamixel_sdk_custom_interfaces/dynamixel_sdk_custom_interfaces/srv/get_position.h
[0.483s] -- Up-to-date symlink: /home/yubinkim/workspace/common_packages/install_jazzy/dynamixel_sdk_custom_interfaces/share/dynamixel_sdk_custom_interfaces/environment/library_path.sh
[0.483s] -- Up-to-date symlink: /home/yubinkim/workspace/common_packages/install_jazzy/dynamixel_sdk_custom_interfaces/share/dynamixel_sdk_custom_interfaces/environment/library_path.dsv
[0.484s] -- Up-to-date symlink: /home/yubinkim/workspace/common_packages/install_jazzy/dynamixel_sdk_custom_interfaces/include/dynamixel_sdk_custom_interfaces/dynamixel_sdk_custom_interfaces/msg/detail/set_position__rosidl_typesupport_fastrtps_c.h
[0.485s] -- Up-to-date symlink: /home/yubinkim/workspace/common_packages/install_jazzy/dynamixel_sdk_custom_interfaces/include/dynamixel_sdk_custom_interfaces/dynamixel_sdk_custom_interfaces/msg/rosidl_typesupport_fastrtps_c__visibility_control.h
[0.485s] -- Up-to-date symlink: /home/yubinkim/workspace/common_packages/install_jazzy/dynamixel_sdk_custom_interfaces/include/dynamixel_sdk_custom_interfaces/dynamixel_sdk_custom_interfaces/srv/detail/get_position__rosidl_typesupport_fastrtps_c.h
[0.485s] -- Up-to-date symlink: /home/yubinkim/workspace/common_packages/install_jazzy/dynamixel_sdk_custom_interfaces/include/dynamixel_sdk_custom_interfaces/dynamixel_sdk_custom_interfaces/msg/detail/set_position__builder.hpp
[0.485s] -- Up-to-date symlink: /home/yubinkim/workspace/common_packages/install_jazzy/dynamixel_sdk_custom_interfaces/include/dynamixel_sdk_custom_interfaces/dynamixel_sdk_custom_interfaces/msg/detail/set_position__struct.hpp
[0.486s] -- Up-to-date symlink: /home/yubinkim/workspace/common_packages/install_jazzy/dynamixel_sdk_custom_interfaces/include/dynamixel_sdk_custom_interfaces/dynamixel_sdk_custom_interfaces/msg/detail/set_position__traits.hpp
[0.486s] -- Up-to-date symlink: /home/yubinkim/workspace/common_packages/install_jazzy/dynamixel_sdk_custom_interfaces/include/dynamixel_sdk_custom_interfaces/dynamixel_sdk_custom_interfaces/msg/detail/set_position__type_support.hpp
[0.486s] -- Up-to-date symlink: /home/yubinkim/workspace/common_packages/install_jazzy/dynamixel_sdk_custom_interfaces/include/dynamixel_sdk_custom_interfaces/dynamixel_sdk_custom_interfaces/msg/rosidl_generator_cpp__visibility_control.hpp
[0.486s] -- Up-to-date symlink: /home/yubinkim/workspace/common_packages/install_jazzy/dynamixel_sdk_custom_interfaces/include/dynamixel_sdk_custom_interfaces/dynamixel_sdk_custom_interfaces/msg/set_position.hpp
[0.486s] -- Up-to-date symlink: /home/yubinkim/workspace/common_packages/install_jazzy/dynamixel_sdk_custom_interfaces/include/dynamixel_sdk_custom_interfaces/dynamixel_sdk_custom_interfaces/srv/detail/get_position__builder.hpp
[0.487s] -- Up-to-date symlink: /home/yubinkim/workspace/common_packages/install_jazzy/dynamixel_sdk_custom_interfaces/include/dynamixel_sdk_custom_interfaces/dynamixel_sdk_custom_interfaces/srv/detail/get_position__struct.hpp
[0.488s] -- Up-to-date symlink: /home/yubinkim/workspace/common_packages/install_jazzy/dynamixel_sdk_custom_interfaces/include/dynamixel_sdk_custom_interfaces/dynamixel_sdk_custom_interfaces/srv/detail/get_position__traits.hpp
[0.488s] -- Up-to-date symlink: /home/yubinkim/workspace/common_packages/install_jazzy/dynamixel_sdk_custom_interfaces/include/dynamixel_sdk_custom_interfaces/dynamixel_sdk_custom_interfaces/srv/detail/get_position__type_support.hpp
[0.488s] -- Up-to-date symlink: /home/yubinkim/workspace/common_packages/install_jazzy/dynamixel_sdk_custom_interfaces/include/dynamixel_sdk_custom_interfaces/dynamixel_sdk_custom_interfaces/srv/get_position.hpp
[0.488s] -- Up-to-date symlink: /home/yubinkim/workspace/common_packages/install_jazzy/dynamixel_sdk_custom_interfaces/include/dynamixel_sdk_custom_interfaces/dynamixel_sdk_custom_interfaces/msg/detail/set_position__rosidl_typesupport_fastrtps_cpp.hpp
[0.489s] -- Up-to-date symlink: /home/yubinkim/workspace/common_packages/install_jazzy/dynamixel_sdk_custom_interfaces/include/dynamixel_sdk_custom_interfaces/dynamixel_sdk_custom_interfaces/msg/rosidl_typesupport_fastrtps_cpp__visibility_control.h
[0.489s] -- Up-to-date symlink: /home/yubinkim/workspace/common_packages/install_jazzy/dynamixel_sdk_custom_interfaces/include/dynamixel_sdk_custom_interfaces/dynamixel_sdk_custom_interfaces/srv/detail/get_position__rosidl_typesupport_fastrtps_cpp.hpp
[0.489s] -- Up-to-date symlink: /home/yubinkim/workspace/common_packages/install_jazzy/dynamixel_sdk_custom_interfaces/include/dynamixel_sdk_custom_interfaces/dynamixel_sdk_custom_interfaces/msg/detail/set_position__rosidl_typesupport_introspection_c.h
[0.489s] -- Up-to-date symlink: /home/yubinkim/workspace/common_packages/install_jazzy/dynamixel_sdk_custom_interfaces/include/dynamixel_sdk_custom_interfaces/dynamixel_sdk_custom_interfaces/msg/rosidl_typesupport_introspection_c__visibility_control.h
[0.490s] -- Up-to-date symlink: /home/yubinkim/workspace/common_packages/install_jazzy/dynamixel_sdk_custom_interfaces/include/dynamixel_sdk_custom_interfaces/dynamixel_sdk_custom_interfaces/srv/detail/get_position__rosidl_typesupport_introspection_c.h
[0.490s] -- Up-to-date symlink: /home/yubinkim/workspace/common_packages/install_jazzy/dynamixel_sdk_custom_interfaces/include/dynamixel_sdk_custom_interfaces/dynamixel_sdk_custom_interfaces/msg/detail/set_position__rosidl_typesupport_introspection_cpp.hpp
[0.490s] -- Up-to-date symlink: /home/yubinkim/workspace/common_packages/install_jazzy/dynamixel_sdk_custom_interfaces/include/dynamixel_sdk_custom_interfaces/dynamixel_sdk_custom_interfaces/srv/detail/get_position__rosidl_typesupport_introspection_cpp.hpp
[0.490s] -- Up-to-date symlink: /home/yubinkim/workspace/common_packages/install_jazzy/dynamixel_sdk_custom_interfaces/share/dynamixel_sdk_custom_interfaces/environment/pythonpath.sh
[0.490s] -- Up-to-date symlink: /home/yubinkim/workspace/common_packages/install_jazzy/dynamixel_sdk_custom_interfaces/share/dynamixel_sdk_custom_interfaces/environment/pythonpath.dsv
[0.491s] -- Up-to-date symlink: /home/yubinkim/workspace/common_packages/install_jazzy/dynamixel_sdk_custom_interfaces/lib/python3.12/site-packages/dynamixel_sdk_custom_interfaces-4.0.3-py3.12.egg-info/PKG-INFO
[0.491s] -- Up-to-date symlink: /home/yubinkim/workspace/common_packages/install_jazzy/dynamixel_sdk_custom_interfaces/lib/python3.12/site-packages/dynamixel_sdk_custom_interfaces-4.0.3-py3.12.egg-info/SOURCES.txt
[0.491s] -- Up-to-date symlink: /home/yubinkim/workspace/common_packages/install_jazzy/dynamixel_sdk_custom_interfaces/lib/python3.12/site-packages/dynamixel_sdk_custom_interfaces-4.0.3-py3.12.egg-info/dependency_links.txt
[0.491s] -- Up-to-date symlink: /home/yubinkim/workspace/common_packages/install_jazzy/dynamixel_sdk_custom_interfaces/lib/python3.12/site-packages/dynamixel_sdk_custom_interfaces-4.0.3-py3.12.egg-info/top_level.txt
[0.492s] -- Up-to-date symlink: /home/yubinkim/workspace/common_packages/install_jazzy/dynamixel_sdk_custom_interfaces/lib/python3.12/site-packages/dynamixel_sdk_custom_interfaces/__init__.py
[0.492s] -- Up-to-date symlink: /home/yubinkim/workspace/common_packages/install_jazzy/dynamixel_sdk_custom_interfaces/lib/python3.12/site-packages/dynamixel_sdk_custom_interfaces/_dynamixel_sdk_custom_interfaces_s.ep.rosidl_typesupport_c.c
[0.492s] -- Up-to-date symlink: /home/yubinkim/workspace/common_packages/install_jazzy/dynamixel_sdk_custom_interfaces/lib/python3.12/site-packages/dynamixel_sdk_custom_interfaces/_dynamixel_sdk_custom_interfaces_s.ep.rosidl_typesupport_fastrtps_c.c
[0.493s] -- Up-to-date symlink: /home/yubinkim/workspace/common_packages/install_jazzy/dynamixel_sdk_custom_interfaces/lib/python3.12/site-packages/dynamixel_sdk_custom_interfaces/_dynamixel_sdk_custom_interfaces_s.ep.rosidl_typesupport_introspection_c.c
[0.493s] -- Up-to-date symlink: /home/yubinkim/workspace/common_packages/install_jazzy/dynamixel_sdk_custom_interfaces/lib/python3.12/site-packages/dynamixel_sdk_custom_interfaces/dynamixel_sdk_custom_interfaces_s__rosidl_typesupport_c.so
[0.493s] -- Up-to-date symlink: /home/yubinkim/workspace/common_packages/install_jazzy/dynamixel_sdk_custom_interfaces/lib/python3.12/site-packages/dynamixel_sdk_custom_interfaces/dynamixel_sdk_custom_interfaces_s__rosidl_typesupport_fastrtps_c.so
[0.493s] -- Up-to-date symlink: /home/yubinkim/workspace/common_packages/install_jazzy/dynamixel_sdk_custom_interfaces/lib/python3.12/site-packages/dynamixel_sdk_custom_interfaces/dynamixel_sdk_custom_interfaces_s__rosidl_typesupport_introspection_c.so
[0.494s] -- Up-to-date symlink: /home/yubinkim/workspace/common_packages/install_jazzy/dynamixel_sdk_custom_interfaces/lib/python3.12/site-packages/dynamixel_sdk_custom_interfaces/msg/__init__.py
[0.494s] -- Up-to-date symlink: /home/yubinkim/workspace/common_packages/install_jazzy/dynamixel_sdk_custom_interfaces/lib/python3.12/site-packages/dynamixel_sdk_custom_interfaces/msg/_set_position.py
[0.495s] -- Up-to-date symlink: /home/yubinkim/workspace/common_packages/install_jazzy/dynamixel_sdk_custom_interfaces/lib/python3.12/site-packages/dynamixel_sdk_custom_interfaces/msg/_set_position_s.c
[0.495s] -- Up-to-date symlink: /home/yubinkim/workspace/common_packages/install_jazzy/dynamixel_sdk_custom_interfaces/lib/python3.12/site-packages/dynamixel_sdk_custom_interfaces/srv/__init__.py
[0.495s] -- Up-to-date symlink: /home/yubinkim/workspace/common_packages/install_jazzy/dynamixel_sdk_custom_interfaces/lib/python3.12/site-packages/dynamixel_sdk_custom_interfaces/srv/_get_position.py
[0.495s] -- Up-to-date symlink: /home/yubinkim/workspace/common_packages/install_jazzy/dynamixel_sdk_custom_interfaces/lib/python3.12/site-packages/dynamixel_sdk_custom_interfaces/srv/_get_position_s.c
[0.496s] -- Up-to-date symlink: /home/yubinkim/workspace/common_packages/install_jazzy/dynamixel_sdk_custom_interfaces/lib/python3.12/site-packages/dynamixel_sdk_custom_interfaces/dynamixel_sdk_custom_interfaces_s__rosidl_typesupport_fastrtps_c.so
[0.496s] -- Up-to-date symlink: /home/yubinkim/workspace/common_packages/install_jazzy/dynamixel_sdk_custom_interfaces/lib/python3.12/site-packages/dynamixel_sdk_custom_interfaces/dynamixel_sdk_custom_interfaces_s__rosidl_typesupport_introspection_c.so
[0.496s] -- Up-to-date symlink: /home/yubinkim/workspace/common_packages/install_jazzy/dynamixel_sdk_custom_interfaces/lib/python3.12/site-packages/dynamixel_sdk_custom_interfaces/dynamixel_sdk_custom_interfaces_s__rosidl_typesupport_c.so
[0.496s] -- Up-to-date symlink: /home/yubinkim/workspace/common_packages/install_jazzy/dynamixel_sdk_custom_interfaces/share/dynamixel_sdk_custom_interfaces/msg/SetPosition.idl
[0.497s] -- Up-to-date symlink: /home/yubinkim/workspace/common_packages/install_jazzy/dynamixel_sdk_custom_interfaces/share/dynamixel_sdk_custom_interfaces/srv/GetPosition.idl
[0.497s] -- Up-to-date symlink: /home/yubinkim/workspace/common_packages/install_jazzy/dynamixel_sdk_custom_interfaces/share/dynamixel_sdk_custom_interfaces/msg/SetPosition.msg
[0.497s] -- Up-to-date symlink: /home/yubinkim/workspace/common_packages/install_jazzy/dynamixel_sdk_custom_interfaces/share/dynamixel_sdk_custom_interfaces/srv/GetPosition.srv
[0.497s] -- Up-to-date symlink: /home/yubinkim/workspace/common_packages/install_jazzy/dynamixel_sdk_custom_interfaces/share/ament_index/resource_index/package_run_dependencies/dynamixel_sdk_custom_interfaces
[0.498s] -- Up-to-date symlink: /home/yubinkim/workspace/common_packages/install_jazzy/dynamixel_sdk_custom_interfaces/share/ament_index/resource_index/parent_prefix_path/dynamixel_sdk_custom_interfaces
[0.498s] -- Up-to-date symlink: /home/yubinkim/workspace/common_packages/install_jazzy/dynamixel_sdk_custom_interfaces/share/dynamixel_sdk_custom_interfaces/environment/ament_prefix_path.sh
[0.498s] -- Up-to-date symlink: /home/yubinkim/workspace/common_packages/install_jazzy/dynamixel_sdk_custom_interfaces/share/dynamixel_sdk_custom_interfaces/environment/ament_prefix_path.dsv
[0.498s] -- Up-to-date symlink: /home/yubinkim/workspace/common_packages/install_jazzy/dynamixel_sdk_custom_interfaces/share/dynamixel_sdk_custom_interfaces/environment/path.sh
[0.498s] -- Up-to-date symlink: /home/yubinkim/workspace/common_packages/install_jazzy/dynamixel_sdk_custom_interfaces/share/dynamixel_sdk_custom_interfaces/environment/path.dsv
[0.499s] -- Up-to-date symlink: /home/yubinkim/workspace/common_packages/install_jazzy/dynamixel_sdk_custom_interfaces/share/dynamixel_sdk_custom_interfaces/local_setup.bash
[0.499s] -- Up-to-date symlink: /home/yubinkim/workspace/common_packages/install_jazzy/dynamixel_sdk_custom_interfaces/share/dynamixel_sdk_custom_interfaces/local_setup.sh
[0.499s] -- Up-to-date symlink: /home/yubinkim/workspace/common_packages/install_jazzy/dynamixel_sdk_custom_interfaces/share/dynamixel_sdk_custom_interfaces/local_setup.zsh
[0.499s] -- Up-to-date symlink: /home/yubinkim/workspace/common_packages/install_jazzy/dynamixel_sdk_custom_interfaces/share/dynamixel_sdk_custom_interfaces/local_setup.dsv
[0.499s] -- Symlinking: /home/yubinkim/workspace/common_packages/install_jazzy/dynamixel_sdk_custom_interfaces/share/dynamixel_sdk_custom_interfaces/package.dsv
[0.519s] -- Up-to-date symlink: /home/yubinkim/workspace/common_packages/install_jazzy/dynamixel_sdk_custom_interfaces/share/ament_index/resource_index/packages/dynamixel_sdk_custom_interfaces
[0.519s] -- Up-to-date symlink: /home/yubinkim/workspace/common_packages/install_jazzy/dynamixel_sdk_custom_interfaces/share/dynamixel_sdk_custom_interfaces/cmake/rosidl_cmake-extras.cmake
[0.519s] -- Up-to-date symlink: /home/yubinkim/workspace/common_packages/install_jazzy/dynamixel_sdk_custom_interfaces/share/dynamixel_sdk_custom_interfaces/cmake/ament_cmake_export_dependencies-extras.cmake
[0.519s] -- Up-to-date symlink: /home/yubinkim/workspace/common_packages/install_jazzy/dynamixel_sdk_custom_interfaces/share/dynamixel_sdk_custom_interfaces/cmake/ament_cmake_export_include_directories-extras.cmake
[0.520s] -- Up-to-date symlink: /home/yubinkim/workspace/common_packages/install_jazzy/dynamixel_sdk_custom_interfaces/share/dynamixel_sdk_custom_interfaces/cmake/ament_cmake_export_libraries-extras.cmake
[0.520s] -- Up-to-date symlink: /home/yubinkim/workspace/common_packages/install_jazzy/dynamixel_sdk_custom_interfaces/share/dynamixel_sdk_custom_interfaces/cmake/ament_cmake_export_targets-extras.cmake
[0.520s] -- Up-to-date symlink: /home/yubinkim/workspace/common_packages/install_jazzy/dynamixel_sdk_custom_interfaces/share/dynamixel_sdk_custom_interfaces/cmake/rosidl_cmake_export_typesupport_targets-extras.cmake
[0.520s] -- Up-to-date symlink: /home/yubinkim/workspace/common_packages/install_jazzy/dynamixel_sdk_custom_interfaces/share/dynamixel_sdk_custom_interfaces/cmake/rosidl_cmake_export_typesupport_libraries-extras.cmake
[0.520s] -- Up-to-date symlink: /home/yubinkim/workspace/common_packages/install_jazzy/dynamixel_sdk_custom_interfaces/share/dynamixel_sdk_custom_interfaces/cmake/dynamixel_sdk_custom_interfacesConfig.cmake
[0.521s] -- Up-to-date symlink: /home/yubinkim/workspace/common_packages/install_jazzy/dynamixel_sdk_custom_interfaces/share/dynamixel_sdk_custom_interfaces/cmake/dynamixel_sdk_custom_interfacesConfig-version.cmake
[0.521s] -- Up-to-date symlink: /home/yubinkim/workspace/common_packages/install_jazzy/dynamixel_sdk_custom_interfaces/share/dynamixel_sdk_custom_interfaces/package.xml
[0.521s] -- Up-to-date: /home/yubinkim/workspace/common_packages/install_jazzy/dynamixel_sdk_custom_interfaces/lib/libdynamixel_sdk_custom_interfaces__rosidl_generator_c.so
[0.522s] -- Up-to-date: /home/yubinkim/workspace/common_packages/install_jazzy/dynamixel_sdk_custom_interfaces/lib/libdynamixel_sdk_custom_interfaces__rosidl_typesupport_fastrtps_c.so
[0.522s] -- Up-to-date: /home/yubinkim/workspace/common_packages/install_jazzy/dynamixel_sdk_custom_interfaces/lib/libdynamixel_sdk_custom_interfaces__rosidl_typesupport_fastrtps_cpp.so
[0.523s] -- Up-to-date: /home/yubinkim/workspace/common_packages/install_jazzy/dynamixel_sdk_custom_interfaces/lib/libdynamixel_sdk_custom_interfaces__rosidl_typesupport_introspection_c.so
[0.523s] -- Up-to-date: /home/yubinkim/workspace/common_packages/install_jazzy/dynamixel_sdk_custom_interfaces/lib/libdynamixel_sdk_custom_interfaces__rosidl_typesupport_c.so
[0.524s] -- Up-to-date: /home/yubinkim/workspace/common_packages/install_jazzy/dynamixel_sdk_custom_interfaces/lib/libdynamixel_sdk_custom_interfaces__rosidl_typesupport_introspection_cpp.so
[0.524s] -- Up-to-date: /home/yubinkim/workspace/common_packages/install_jazzy/dynamixel_sdk_custom_interfaces/lib/libdynamixel_sdk_custom_interfaces__rosidl_typesupport_cpp.so
[0.583s] Listing '/home/yubinkim/workspace/common_packages/install_jazzy/dynamixel_sdk_custom_interfaces/lib/python3.12/site-packages/dynamixel_sdk_custom_interfaces'...
[0.583s] Listing '/home/yubinkim/workspace/common_packages/install_jazzy/dynamixel_sdk_custom_interfaces/lib/python3.12/site-packages/dynamixel_sdk_custom_interfaces/msg'...
[0.584s] Listing '/home/yubinkim/workspace/common_packages/install_jazzy/dynamixel_sdk_custom_interfaces/lib/python3.12/site-packages/dynamixel_sdk_custom_interfaces/srv'...
[0.593s] -- Up-to-date: /home/yubinkim/workspace/common_packages/install_jazzy/dynamixel_sdk_custom_interfaces/lib/libdynamixel_sdk_custom_interfaces__rosidl_generator_py.so
[0.594s] -- Up-to-date: /home/yubinkim/workspace/common_packages/install_jazzy/dynamixel_sdk_custom_interfaces/share/dynamixel_sdk_custom_interfaces/cmake/export_dynamixel_sdk_custom_interfaces__rosidl_generator_cExport.cmake
[0.594s] -- Up-to-date: /home/yubinkim/workspace/common_packages/install_jazzy/dynamixel_sdk_custom_interfaces/share/dynamixel_sdk_custom_interfaces/cmake/export_dynamixel_sdk_custom_interfaces__rosidl_generator_cExport-noconfig.cmake
[0.594s] -- Up-to-date: /home/yubinkim/workspace/common_packages/install_jazzy/dynamixel_sdk_custom_interfaces/share/dynamixel_sdk_custom_interfaces/cmake/export_dynamixel_sdk_custom_interfaces__rosidl_typesupport_fastrtps_cExport.cmake
[0.595s] -- Up-to-date: /home/yubinkim/workspace/common_packages/install_jazzy/dynamixel_sdk_custom_interfaces/share/dynamixel_sdk_custom_interfaces/cmake/export_dynamixel_sdk_custom_interfaces__rosidl_typesupport_fastrtps_cExport-noconfig.cmake
[0.595s] -- Up-to-date: /home/yubinkim/workspace/common_packages/install_jazzy/dynamixel_sdk_custom_interfaces/share/dynamixel_sdk_custom_interfaces/cmake/export_dynamixel_sdk_custom_interfaces__rosidl_generator_cppExport.cmake
[0.595s] -- Up-to-date: /home/yubinkim/workspace/common_packages/install_jazzy/dynamixel_sdk_custom_interfaces/share/dynamixel_sdk_custom_interfaces/cmake/export_dynamixel_sdk_custom_interfaces__rosidl_typesupport_fastrtps_cppExport.cmake
[0.595s] -- Up-to-date: /home/yubinkim/workspace/common_packages/install_jazzy/dynamixel_sdk_custom_interfaces/share/dynamixel_sdk_custom_interfaces/cmake/export_dynamixel_sdk_custom_interfaces__rosidl_typesupport_fastrtps_cppExport-noconfig.cmake
[0.595s] -- Up-to-date: /home/yubinkim/workspace/common_packages/install_jazzy/dynamixel_sdk_custom_interfaces/share/dynamixel_sdk_custom_interfaces/cmake/dynamixel_sdk_custom_interfaces__rosidl_typesupport_introspection_cExport.cmake
[0.595s] -- Up-to-date: /home/yubinkim/workspace/common_packages/install_jazzy/dynamixel_sdk_custom_interfaces/share/dynamixel_sdk_custom_interfaces/cmake/dynamixel_sdk_custom_interfaces__rosidl_typesupport_introspection_cExport-noconfig.cmake
[0.595s] -- Up-to-date: /home/yubinkim/workspace/common_packages/install_jazzy/dynamixel_sdk_custom_interfaces/share/dynamixel_sdk_custom_interfaces/cmake/dynamixel_sdk_custom_interfaces__rosidl_typesupport_cExport.cmake
[0.595s] -- Up-to-date: /home/yubinkim/workspace/common_packages/install_jazzy/dynamixel_sdk_custom_interfaces/share/dynamixel_sdk_custom_interfaces/cmake/dynamixel_sdk_custom_interfaces__rosidl_typesupport_cExport-noconfig.cmake
[0.595s] -- Up-to-date: /home/yubinkim/workspace/common_packages/install_jazzy/dynamixel_sdk_custom_interfaces/share/dynamixel_sdk_custom_interfaces/cmake/dynamixel_sdk_custom_interfaces__rosidl_typesupport_introspection_cppExport.cmake
[0.595s] -- Up-to-date: /home/yubinkim/workspace/common_packages/install_jazzy/dynamixel_sdk_custom_interfaces/share/dynamixel_sdk_custom_interfaces/cmake/dynamixel_sdk_custom_interfaces__rosidl_typesupport_introspection_cppExport-noconfig.cmake
[0.596s] -- Up-to-date: /home/yubinkim/workspace/common_packages/install_jazzy/dynamixel_sdk_custom_interfaces/share/dynamixel_sdk_custom_interfaces/cmake/dynamixel_sdk_custom_interfaces__rosidl_typesupport_cppExport.cmake
[0.596s] -- Up-to-date: /home/yubinkim/workspace/common_packages/install_jazzy/dynamixel_sdk_custom_interfaces/share/dynamixel_sdk_custom_interfaces/cmake/dynamixel_sdk_custom_interfaces__rosidl_typesupport_cppExport-noconfig.cmake
[0.596s] -- Up-to-date: /home/yubinkim/workspace/common_packages/install_jazzy/dynamixel_sdk_custom_interfaces/share/dynamixel_sdk_custom_interfaces/cmake/export_dynamixel_sdk_custom_interfaces__rosidl_generator_pyExport.cmake
[0.596s] -- Up-to-date: /home/yubinkim/workspace/common_packages/install_jazzy/dynamixel_sdk_custom_interfaces/share/dynamixel_sdk_custom_interfaces/cmake/export_dynamixel_sdk_custom_interfaces__rosidl_generator_pyExport-noconfig.cmake
[0.598s] Invoked command in '/home/yubinkim/workspace/common_packages/build_jazzy/dynamixel_sdk_custom_interfaces' returned '0': CMAKE_PREFIX_PATH=${CMAKE_PREFIX_PATH}:/home/yubinkim/workspace/hexa_teleoperation/install_jazzy/dynamixel_test_ctrl:/home/yubinkim/workspace/omni_hexa/install_jazzy/dynamixel_test_ctrl:/opt/ros/jazzy DEBUGINFOD_URLS=https://debuginfod.ubuntu.com /usr/bin/cmake --install /home/yubinkim/workspace/common_packages/build_jazzy/dynamixel_sdk_custom_interfaces
