[0.019s] Invoking command in '/home/yubinkim/workspace/common_packages/build_jazzy/dynamixel_sdk': CMAKE_PREFIX_PATH=${CMAKE_PREFIX_PATH}:/opt/ros/jazzy DEBUGINFOD_URLS=https://debuginfod.ubuntu.com /usr/bin/cmake --build /home/yubinkim/workspace/common_packages/build_jazzy/dynamixel_sdk -- -j16 -l16
[0.124s] [100%] Built target dynamixel_sdk
[0.125s] [100%] Built target ament_cmake_python_symlink_dynamixel_easy_sdk
[0.129s] [100%] Built target ament_cmake_python_symlink_dynamixel_sdk
[0.404s] running egg_info
[0.412s] running egg_info
[0.422s] writing dynamixel_sdk.egg-info/PKG-INFO
[0.422s] writing dependency_links to dynamixel_sdk.egg-info/dependency_links.txt
[0.422s] writing top-level names to dynamixel_sdk.egg-info/top_level.txt
[0.430s] writing dynamixel_easy_sdk.egg-info/PKG-INFO
[0.430s] writing dependency_links to dynamixel_easy_sdk.egg-info/dependency_links.txt
[0.430s] writing top-level names to dynamixel_easy_sdk.egg-info/top_level.txt
[0.471s] reading manifest file 'dynamixel_sdk.egg-info/SOURCES.txt'
[0.472s] writing manifest file 'dynamixel_sdk.egg-info/SOURCES.txt'
[0.480s] reading manifest file 'dynamixel_easy_sdk.egg-info/SOURCES.txt'
[0.481s] writing manifest file 'dynamixel_easy_sdk.egg-info/SOURCES.txt'
[0.513s] [100%] Built target ament_cmake_python_build_dynamixel_sdk_egg
[0.520s] [100%] Built target ament_cmake_python_build_dynamixel_easy_sdk_egg
[0.544s] Invoked command in '/home/yubinkim/workspace/common_packages/build_jazzy/dynamixel_sdk' returned '0': CMAKE_PREFIX_PATH=${CMAKE_PREFIX_PATH}:/opt/ros/jazzy DEBUGINFOD_URLS=https://debuginfod.ubuntu.com /usr/bin/cmake --build /home/yubinkim/workspace/common_packages/build_jazzy/dynamixel_sdk -- -j16 -l16
[0.547s] Invoking command in '/home/yubinkim/workspace/common_packages/build_jazzy/dynamixel_sdk': CMAKE_PREFIX_PATH=${CMAKE_PREFIX_PATH}:/opt/ros/jazzy DEBUGINFOD_URLS=https://debuginfod.ubuntu.com /usr/bin/cmake --install /home/yubinkim/workspace/common_packages/build_jazzy/dynamixel_sdk
[0.562s] -- Install configuration: ""
[0.563s] -- Execute custom install script
[0.565s] -- Up-to-date symlink: /home/yubinkim/workspace/common_packages/install_jazzy/dynamixel_sdk/include//dynamixel_easy_sdk/connector.hpp
[0.566s] -- Up-to-date symlink: /home/yubinkim/workspace/common_packages/install_jazzy/dynamixel_sdk/include//dynamixel_easy_sdk/control_table.hpp
[0.566s] -- Up-to-date symlink: /home/yubinkim/workspace/common_packages/install_jazzy/dynamixel_sdk/include//dynamixel_easy_sdk/data_types.hpp
[0.566s] -- Up-to-date symlink: /home/yubinkim/workspace/common_packages/install_jazzy/dynamixel_sdk/include//dynamixel_easy_sdk/dynamixel_easy_sdk.hpp
[0.566s] -- Up-to-date symlink: /home/yubinkim/workspace/common_packages/install_jazzy/dynamixel_sdk/include//dynamixel_easy_sdk/dynamixel_error.hpp
[0.566s] -- Up-to-date symlink: /home/yubinkim/workspace/common_packages/install_jazzy/dynamixel_sdk/include//dynamixel_easy_sdk/group_executor.hpp
[0.567s] -- Up-to-date symlink: /home/yubinkim/workspace/common_packages/install_jazzy/dynamixel_sdk/include//dynamixel_easy_sdk/motor.hpp
[0.567s] -- Up-to-date symlink: /home/yubinkim/workspace/common_packages/install_jazzy/dynamixel_sdk/include//dynamixel_sdk/dynamixel_sdk.h
[0.567s] -- Up-to-date symlink: /home/yubinkim/workspace/common_packages/install_jazzy/dynamixel_sdk/include//dynamixel_sdk/group_bulk_read.h
[0.567s] -- Up-to-date symlink: /home/yubinkim/workspace/common_packages/install_jazzy/dynamixel_sdk/include//dynamixel_sdk/group_bulk_write.h
[0.568s] -- Up-to-date symlink: /home/yubinkim/workspace/common_packages/install_jazzy/dynamixel_sdk/include//dynamixel_sdk/group_fast_bulk_read.h
[0.568s] -- Up-to-date symlink: /home/yubinkim/workspace/common_packages/install_jazzy/dynamixel_sdk/include//dynamixel_sdk/group_fast_sync_read.h
[0.568s] -- Up-to-date symlink: /home/yubinkim/workspace/common_packages/install_jazzy/dynamixel_sdk/include//dynamixel_sdk/group_handler.h
[0.568s] -- Up-to-date symlink: /home/yubinkim/workspace/common_packages/install_jazzy/dynamixel_sdk/include//dynamixel_sdk/group_sync_read.h
[0.568s] -- Up-to-date symlink: /home/yubinkim/workspace/common_packages/install_jazzy/dynamixel_sdk/include//dynamixel_sdk/group_sync_write.h
[0.569s] -- Up-to-date symlink: /home/yubinkim/workspace/common_packages/install_jazzy/dynamixel_sdk/include//dynamixel_sdk/packet_handler.h
[0.569s] -- Up-to-date symlink: /home/yubinkim/workspace/common_packages/install_jazzy/dynamixel_sdk/include//dynamixel_sdk/port_handler.h
[0.569s] -- Up-to-date symlink: /home/yubinkim/workspace/common_packages/install_jazzy/dynamixel_sdk/include//dynamixel_sdk/port_handler_arduino.h
[0.569s] -- Up-to-date symlink: /home/yubinkim/workspace/common_packages/install_jazzy/dynamixel_sdk/include//dynamixel_sdk/port_handler_linux.h
[0.569s] -- Up-to-date symlink: /home/yubinkim/workspace/common_packages/install_jazzy/dynamixel_sdk/include//dynamixel_sdk/port_handler_mac.h
[0.570s] -- Up-to-date symlink: /home/yubinkim/workspace/common_packages/install_jazzy/dynamixel_sdk/include//dynamixel_sdk/port_handler_windows.h
[0.570s] -- Up-to-date symlink: /home/yubinkim/workspace/common_packages/install_jazzy/dynamixel_sdk/include//dynamixel_sdk/protocol1_packet_handler.h
[0.570s] -- Up-to-date symlink: /home/yubinkim/workspace/common_packages/install_jazzy/dynamixel_sdk/include//dynamixel_sdk/protocol2_packet_handler.h
[0.571s] -- Up-to-date symlink: /home/yubinkim/workspace/common_packages/install_jazzy/dynamixel_sdk/share/dynamixel_sdk/control_table/2xc430_w250.model
[0.571s] -- Up-to-date symlink: /home/yubinkim/workspace/common_packages/install_jazzy/dynamixel_sdk/share/dynamixel_sdk/control_table/2xl430_w250.model
[0.572s] -- Up-to-date symlink: /home/yubinkim/workspace/common_packages/install_jazzy/dynamixel_sdk/share/dynamixel_sdk/control_table/dynamixel.model
[0.572s] -- Up-to-date symlink: /home/yubinkim/workspace/common_packages/install_jazzy/dynamixel_sdk/share/dynamixel_sdk/control_table/h42_20_s300_ra.model
[0.572s] -- Up-to-date symlink: /home/yubinkim/workspace/common_packages/install_jazzy/dynamixel_sdk/share/dynamixel_sdk/control_table/h54_100_s500_ra.model
[0.572s] -- Up-to-date symlink: /home/yubinkim/workspace/common_packages/install_jazzy/dynamixel_sdk/share/dynamixel_sdk/control_table/h54_200_s500_ra.model
[0.572s] -- Up-to-date symlink: /home/yubinkim/workspace/common_packages/install_jazzy/dynamixel_sdk/share/dynamixel_sdk/control_table/m42_10_s260_ra.model
[0.573s] -- Up-to-date symlink: /home/yubinkim/workspace/common_packages/install_jazzy/dynamixel_sdk/share/dynamixel_sdk/control_table/m54_40_s250_ra.model
[0.573s] -- Up-to-date symlink: /home/yubinkim/workspace/common_packages/install_jazzy/dynamixel_sdk/share/dynamixel_sdk/control_table/m54_60_s250_ra.model
[0.573s] -- Up-to-date symlink: /home/yubinkim/workspace/common_packages/install_jazzy/dynamixel_sdk/share/dynamixel_sdk/control_table/mx_106.model
[0.573s] -- Up-to-date symlink: /home/yubinkim/workspace/common_packages/install_jazzy/dynamixel_sdk/share/dynamixel_sdk/control_table/mx_28.model
[0.573s] -- Up-to-date symlink: /home/yubinkim/workspace/common_packages/install_jazzy/dynamixel_sdk/share/dynamixel_sdk/control_table/mx_64.model
[0.574s] -- Up-to-date symlink: /home/yubinkim/workspace/common_packages/install_jazzy/dynamixel_sdk/share/dynamixel_sdk/control_table/ph42_020_s300.model
[0.574s] -- Up-to-date symlink: /home/yubinkim/workspace/common_packages/install_jazzy/dynamixel_sdk/share/dynamixel_sdk/control_table/ph54_100_s500.model
[0.574s] -- Up-to-date symlink: /home/yubinkim/workspace/common_packages/install_jazzy/dynamixel_sdk/share/dynamixel_sdk/control_table/ph54_200_s500.model
[0.574s] -- Up-to-date symlink: /home/yubinkim/workspace/common_packages/install_jazzy/dynamixel_sdk/share/dynamixel_sdk/control_table/pm42_010_s260.model
[0.575s] -- Up-to-date symlink: /home/yubinkim/workspace/common_packages/install_jazzy/dynamixel_sdk/share/dynamixel_sdk/control_table/pm54_040_s250.model
[0.575s] -- Up-to-date symlink: /home/yubinkim/workspace/common_packages/install_jazzy/dynamixel_sdk/share/dynamixel_sdk/control_table/pm54_060_s250.model
[0.575s] -- Up-to-date symlink: /home/yubinkim/workspace/common_packages/install_jazzy/dynamixel_sdk/share/dynamixel_sdk/control_table/rh_p12_rn.model
[0.575s] -- Up-to-date symlink: /home/yubinkim/workspace/common_packages/install_jazzy/dynamixel_sdk/share/dynamixel_sdk/control_table/xc330_m181.model
[0.575s] -- Up-to-date symlink: /home/yubinkim/workspace/common_packages/install_jazzy/dynamixel_sdk/share/dynamixel_sdk/control_table/xc330_m181_fw52.model
[0.575s] -- Up-to-date symlink: /home/yubinkim/workspace/common_packages/install_jazzy/dynamixel_sdk/share/dynamixel_sdk/control_table/xc330_m288.model
[0.575s] -- Up-to-date symlink: /home/yubinkim/workspace/common_packages/install_jazzy/dynamixel_sdk/share/dynamixel_sdk/control_table/xc330_m288_fw52.model
[0.576s] -- Up-to-date symlink: /home/yubinkim/workspace/common_packages/install_jazzy/dynamixel_sdk/share/dynamixel_sdk/control_table/xc330_t181.model
[0.576s] -- Up-to-date symlink: /home/yubinkim/workspace/common_packages/install_jazzy/dynamixel_sdk/share/dynamixel_sdk/control_table/xc330_t181_fw52.model
[0.576s] -- Up-to-date symlink: /home/yubinkim/workspace/common_packages/install_jazzy/dynamixel_sdk/share/dynamixel_sdk/control_table/xc330_t288.model
[0.576s] -- Up-to-date symlink: /home/yubinkim/workspace/common_packages/install_jazzy/dynamixel_sdk/share/dynamixel_sdk/control_table/xc330_t288_fw52.model
[0.576s] -- Up-to-date symlink: /home/yubinkim/workspace/common_packages/install_jazzy/dynamixel_sdk/share/dynamixel_sdk/control_table/xc430_w150.model
[0.577s] -- Up-to-date symlink: /home/yubinkim/workspace/common_packages/install_jazzy/dynamixel_sdk/share/dynamixel_sdk/control_table/xc430_w240.model
[0.577s] -- Up-to-date symlink: /home/yubinkim/workspace/common_packages/install_jazzy/dynamixel_sdk/share/dynamixel_sdk/control_table/xd430_t210.model
[0.577s] -- Up-to-date symlink: /home/yubinkim/workspace/common_packages/install_jazzy/dynamixel_sdk/share/dynamixel_sdk/control_table/xd430_t350.model
[0.577s] -- Up-to-date symlink: /home/yubinkim/workspace/common_packages/install_jazzy/dynamixel_sdk/share/dynamixel_sdk/control_table/xd540_t150.model
[0.578s] -- Up-to-date symlink: /home/yubinkim/workspace/common_packages/install_jazzy/dynamixel_sdk/share/dynamixel_sdk/control_table/xd540_t270.model
[0.578s] -- Up-to-date symlink: /home/yubinkim/workspace/common_packages/install_jazzy/dynamixel_sdk/share/dynamixel_sdk/control_table/xh430_v210.model
[0.578s] -- Up-to-date symlink: /home/yubinkim/workspace/common_packages/install_jazzy/dynamixel_sdk/share/dynamixel_sdk/control_table/xh430_v350.model
[0.578s] -- Up-to-date symlink: /home/yubinkim/workspace/common_packages/install_jazzy/dynamixel_sdk/share/dynamixel_sdk/control_table/xh430_w210.model
[0.578s] -- Up-to-date symlink: /home/yubinkim/workspace/common_packages/install_jazzy/dynamixel_sdk/share/dynamixel_sdk/control_table/xh430_w350.model
[0.578s] -- Up-to-date symlink: /home/yubinkim/workspace/common_packages/install_jazzy/dynamixel_sdk/share/dynamixel_sdk/control_table/xh540_v150.model
[0.578s] -- Up-to-date symlink: /home/yubinkim/workspace/common_packages/install_jazzy/dynamixel_sdk/share/dynamixel_sdk/control_table/xh540_v270.model
[0.578s] -- Up-to-date symlink: /home/yubinkim/workspace/common_packages/install_jazzy/dynamixel_sdk/share/dynamixel_sdk/control_table/xh540_w150.model
[0.578s] -- Up-to-date symlink: /home/yubinkim/workspace/common_packages/install_jazzy/dynamixel_sdk/share/dynamixel_sdk/control_table/xh540_w270.model
[0.579s] -- Up-to-date symlink: /home/yubinkim/workspace/common_packages/install_jazzy/dynamixel_sdk/share/dynamixel_sdk/control_table/xl320.model
[0.579s] -- Up-to-date symlink: /home/yubinkim/workspace/common_packages/install_jazzy/dynamixel_sdk/share/dynamixel_sdk/control_table/xl330_m077.model
[0.579s] -- Up-to-date symlink: /home/yubinkim/workspace/common_packages/install_jazzy/dynamixel_sdk/share/dynamixel_sdk/control_table/xl330_m077_fw52.model
[0.579s] -- Up-to-date symlink: /home/yubinkim/workspace/common_packages/install_jazzy/dynamixel_sdk/share/dynamixel_sdk/control_table/xl330_m288.model
[0.580s] -- Up-to-date symlink: /home/yubinkim/workspace/common_packages/install_jazzy/dynamixel_sdk/share/dynamixel_sdk/control_table/xl330_m288_fw52.model
[0.580s] -- Up-to-date symlink: /home/yubinkim/workspace/common_packages/install_jazzy/dynamixel_sdk/share/dynamixel_sdk/control_table/xl430_w250.model
[0.580s] -- Up-to-date symlink: /home/yubinkim/workspace/common_packages/install_jazzy/dynamixel_sdk/share/dynamixel_sdk/control_table/xm430_w210.model
[0.580s] -- Up-to-date symlink: /home/yubinkim/workspace/common_packages/install_jazzy/dynamixel_sdk/share/dynamixel_sdk/control_table/xm430_w350.model
[0.580s] -- Up-to-date symlink: /home/yubinkim/workspace/common_packages/install_jazzy/dynamixel_sdk/share/dynamixel_sdk/control_table/xm540_w150.model
[0.580s] -- Up-to-date symlink: /home/yubinkim/workspace/common_packages/install_jazzy/dynamixel_sdk/share/dynamixel_sdk/control_table/xm540_w270.model
[0.580s] -- Up-to-date symlink: /home/yubinkim/workspace/common_packages/install_jazzy/dynamixel_sdk/share/dynamixel_sdk/control_table/xw430_t200.model
[0.581s] -- Up-to-date symlink: /home/yubinkim/workspace/common_packages/install_jazzy/dynamixel_sdk/share/dynamixel_sdk/control_table/xw430_t333.model
[0.581s] -- Up-to-date symlink: /home/yubinkim/workspace/common_packages/install_jazzy/dynamixel_sdk/share/dynamixel_sdk/control_table/xw540_h260.model
[0.581s] -- Up-to-date symlink: /home/yubinkim/workspace/common_packages/install_jazzy/dynamixel_sdk/share/dynamixel_sdk/control_table/xw540_t140.model
[0.581s] -- Up-to-date symlink: /home/yubinkim/workspace/common_packages/install_jazzy/dynamixel_sdk/share/dynamixel_sdk/control_table/xw540_t260.model
[0.581s] -- Up-to-date symlink: /home/yubinkim/workspace/common_packages/install_jazzy/dynamixel_sdk/share/dynamixel_sdk/control_table/ym070_210_a051.model
[0.582s] -- Up-to-date symlink: /home/yubinkim/workspace/common_packages/install_jazzy/dynamixel_sdk/share/dynamixel_sdk/control_table/ym070_210_a099.model
[0.582s] -- Up-to-date symlink: /home/yubinkim/workspace/common_packages/install_jazzy/dynamixel_sdk/share/dynamixel_sdk/control_table/ym070_210_b001.model
[0.582s] -- Up-to-date symlink: /home/yubinkim/workspace/common_packages/install_jazzy/dynamixel_sdk/share/dynamixel_sdk/control_table/ym070_210_m001.model
[0.582s] -- Up-to-date symlink: /home/yubinkim/workspace/common_packages/install_jazzy/dynamixel_sdk/share/dynamixel_sdk/control_table/ym070_210_r051.model
[0.583s] -- Up-to-date symlink: /home/yubinkim/workspace/common_packages/install_jazzy/dynamixel_sdk/share/dynamixel_sdk/control_table/ym070_210_r099.model
[0.583s] -- Up-to-date symlink: /home/yubinkim/workspace/common_packages/install_jazzy/dynamixel_sdk/share/dynamixel_sdk/control_table/ym080_230_a051.model
[0.583s] -- Up-to-date symlink: /home/yubinkim/workspace/common_packages/install_jazzy/dynamixel_sdk/share/dynamixel_sdk/control_table/ym080_230_a099.model
[0.583s] -- Up-to-date symlink: /home/yubinkim/workspace/common_packages/install_jazzy/dynamixel_sdk/share/dynamixel_sdk/control_table/ym080_230_b001.model
[0.583s] -- Up-to-date symlink: /home/yubinkim/workspace/common_packages/install_jazzy/dynamixel_sdk/share/dynamixel_sdk/control_table/ym080_230_m001.model
[0.583s] -- Up-to-date symlink: /home/yubinkim/workspace/common_packages/install_jazzy/dynamixel_sdk/share/dynamixel_sdk/control_table/ym080_230_r051.model
[0.583s] -- Up-to-date symlink: /home/yubinkim/workspace/common_packages/install_jazzy/dynamixel_sdk/share/dynamixel_sdk/control_table/ym080_230_r099.model
[0.583s] -- Up-to-date symlink: /home/yubinkim/workspace/common_packages/install_jazzy/dynamixel_sdk/share/dynamixel_sdk/environment/pythonpath.sh
[0.584s] -- Up-to-date symlink: /home/yubinkim/workspace/common_packages/install_jazzy/dynamixel_sdk/share/dynamixel_sdk/environment/pythonpath.dsv
[0.584s] -- Up-to-date symlink: /home/yubinkim/workspace/common_packages/install_jazzy/dynamixel_sdk/lib/python3.12/site-packages/dynamixel_sdk-4.0.3-py3.12.egg-info/PKG-INFO
[0.584s] -- Up-to-date symlink: /home/yubinkim/workspace/common_packages/install_jazzy/dynamixel_sdk/lib/python3.12/site-packages/dynamixel_sdk-4.0.3-py3.12.egg-info/SOURCES.txt
[0.584s] -- Up-to-date symlink: /home/yubinkim/workspace/common_packages/install_jazzy/dynamixel_sdk/lib/python3.12/site-packages/dynamixel_sdk-4.0.3-py3.12.egg-info/dependency_links.txt
[0.585s] -- Up-to-date symlink: /home/yubinkim/workspace/common_packages/install_jazzy/dynamixel_sdk/lib/python3.12/site-packages/dynamixel_sdk-4.0.3-py3.12.egg-info/top_level.txt
[0.585s] -- Up-to-date symlink: /home/yubinkim/workspace/common_packages/install_jazzy/dynamixel_sdk/lib/python3.12/site-packages/dynamixel_sdk/__init__.py
[0.585s] -- Up-to-date symlink: /home/yubinkim/workspace/common_packages/install_jazzy/dynamixel_sdk/lib/python3.12/site-packages/dynamixel_sdk/group_bulk_read.cpp
[0.586s] -- Up-to-date symlink: /home/yubinkim/workspace/common_packages/install_jazzy/dynamixel_sdk/lib/python3.12/site-packages/dynamixel_sdk/group_bulk_read.py
[0.586s] -- Up-to-date symlink: /home/yubinkim/workspace/common_packages/install_jazzy/dynamixel_sdk/lib/python3.12/site-packages/dynamixel_sdk/group_bulk_write.cpp
[0.586s] -- Up-to-date symlink: /home/yubinkim/workspace/common_packages/install_jazzy/dynamixel_sdk/lib/python3.12/site-packages/dynamixel_sdk/group_bulk_write.py
[0.586s] -- Up-to-date symlink: /home/yubinkim/workspace/common_packages/install_jazzy/dynamixel_sdk/lib/python3.12/site-packages/dynamixel_sdk/group_fast_bulk_read.cpp
[0.586s] -- Up-to-date symlink: /home/yubinkim/workspace/common_packages/install_jazzy/dynamixel_sdk/lib/python3.12/site-packages/dynamixel_sdk/group_fast_sync_read.cpp
[0.586s] -- Up-to-date symlink: /home/yubinkim/workspace/common_packages/install_jazzy/dynamixel_sdk/lib/python3.12/site-packages/dynamixel_sdk/group_handler.cpp
[0.587s] -- Up-to-date symlink: /home/yubinkim/workspace/common_packages/install_jazzy/dynamixel_sdk/lib/python3.12/site-packages/dynamixel_sdk/group_sync_read.cpp
[0.587s] -- Up-to-date symlink: /home/yubinkim/workspace/common_packages/install_jazzy/dynamixel_sdk/lib/python3.12/site-packages/dynamixel_sdk/group_sync_read.py
[0.587s] -- Up-to-date symlink: /home/yubinkim/workspace/common_packages/install_jazzy/dynamixel_sdk/lib/python3.12/site-packages/dynamixel_sdk/group_sync_write.cpp
[0.587s] -- Up-to-date symlink: /home/yubinkim/workspace/common_packages/install_jazzy/dynamixel_sdk/lib/python3.12/site-packages/dynamixel_sdk/group_sync_write.py
[0.587s] -- Up-to-date symlink: /home/yubinkim/workspace/common_packages/install_jazzy/dynamixel_sdk/lib/python3.12/site-packages/dynamixel_sdk/packet_handler.cpp
[0.588s] -- Up-to-date symlink: /home/yubinkim/workspace/common_packages/install_jazzy/dynamixel_sdk/lib/python3.12/site-packages/dynamixel_sdk/packet_handler.py
[0.588s] -- Up-to-date symlink: /home/yubinkim/workspace/common_packages/install_jazzy/dynamixel_sdk/lib/python3.12/site-packages/dynamixel_sdk/port_handler.cpp
[0.588s] -- Up-to-date symlink: /home/yubinkim/workspace/common_packages/install_jazzy/dynamixel_sdk/lib/python3.12/site-packages/dynamixel_sdk/port_handler.py
[0.588s] -- Up-to-date symlink: /home/yubinkim/workspace/common_packages/install_jazzy/dynamixel_sdk/lib/python3.12/site-packages/dynamixel_sdk/port_handler_arduino.cpp
[0.588s] -- Up-to-date symlink: /home/yubinkim/workspace/common_packages/install_jazzy/dynamixel_sdk/lib/python3.12/site-packages/dynamixel_sdk/port_handler_linux.cpp
[0.588s] -- Up-to-date symlink: /home/yubinkim/workspace/common_packages/install_jazzy/dynamixel_sdk/lib/python3.12/site-packages/dynamixel_sdk/port_handler_mac.cpp
[0.589s] -- Up-to-date symlink: /home/yubinkim/workspace/common_packages/install_jazzy/dynamixel_sdk/lib/python3.12/site-packages/dynamixel_sdk/port_handler_windows.cpp
[0.589s] -- Up-to-date symlink: /home/yubinkim/workspace/common_packages/install_jazzy/dynamixel_sdk/lib/python3.12/site-packages/dynamixel_sdk/protocol1_packet_handler.cpp
[0.589s] -- Up-to-date symlink: /home/yubinkim/workspace/common_packages/install_jazzy/dynamixel_sdk/lib/python3.12/site-packages/dynamixel_sdk/protocol1_packet_handler.py
[0.589s] -- Up-to-date symlink: /home/yubinkim/workspace/common_packages/install_jazzy/dynamixel_sdk/lib/python3.12/site-packages/dynamixel_sdk/protocol2_packet_handler.cpp
[0.589s] -- Up-to-date symlink: /home/yubinkim/workspace/common_packages/install_jazzy/dynamixel_sdk/lib/python3.12/site-packages/dynamixel_sdk/protocol2_packet_handler.py
[0.589s] -- Up-to-date symlink: /home/yubinkim/workspace/common_packages/install_jazzy/dynamixel_sdk/lib/python3.12/site-packages/dynamixel_sdk/robotis_def.py
[0.590s] -- Up-to-date symlink: /home/yubinkim/workspace/common_packages/install_jazzy/dynamixel_sdk/lib/python3.12/site-packages/dynamixel_easy_sdk-4.0.3-py3.12.egg-info/PKG-INFO
[0.590s] -- Up-to-date symlink: /home/yubinkim/workspace/common_packages/install_jazzy/dynamixel_sdk/lib/python3.12/site-packages/dynamixel_easy_sdk-4.0.3-py3.12.egg-info/SOURCES.txt
[0.590s] -- Up-to-date symlink: /home/yubinkim/workspace/common_packages/install_jazzy/dynamixel_sdk/lib/python3.12/site-packages/dynamixel_easy_sdk-4.0.3-py3.12.egg-info/dependency_links.txt
[0.591s] -- Up-to-date symlink: /home/yubinkim/workspace/common_packages/install_jazzy/dynamixel_sdk/lib/python3.12/site-packages/dynamixel_easy_sdk-4.0.3-py3.12.egg-info/top_level.txt
[0.592s] -- Up-to-date symlink: /home/yubinkim/workspace/common_packages/install_jazzy/dynamixel_sdk/lib/python3.12/site-packages/dynamixel_easy_sdk/__init__.py
[0.592s] -- Up-to-date symlink: /home/yubinkim/workspace/common_packages/install_jazzy/dynamixel_sdk/lib/python3.12/site-packages/dynamixel_easy_sdk/connector.cpp
[0.592s] -- Up-to-date symlink: /home/yubinkim/workspace/common_packages/install_jazzy/dynamixel_sdk/lib/python3.12/site-packages/dynamixel_easy_sdk/connector.py
[0.592s] -- Up-to-date symlink: /home/yubinkim/workspace/common_packages/install_jazzy/dynamixel_sdk/lib/python3.12/site-packages/dynamixel_easy_sdk/control_table.cpp
[0.592s] -- Up-to-date symlink: /home/yubinkim/workspace/common_packages/install_jazzy/dynamixel_sdk/lib/python3.12/site-packages/dynamixel_easy_sdk/control_table.py
[0.592s] -- Up-to-date symlink: /home/yubinkim/workspace/common_packages/install_jazzy/dynamixel_sdk/lib/python3.12/site-packages/dynamixel_easy_sdk/data_types.py
[0.593s] -- Up-to-date symlink: /home/yubinkim/workspace/common_packages/install_jazzy/dynamixel_sdk/lib/python3.12/site-packages/dynamixel_easy_sdk/dynamixel_error.cpp
[0.593s] -- Up-to-date symlink: /home/yubinkim/workspace/common_packages/install_jazzy/dynamixel_sdk/lib/python3.12/site-packages/dynamixel_easy_sdk/dynamixel_error.py
[0.593s] -- Up-to-date symlink: /home/yubinkim/workspace/common_packages/install_jazzy/dynamixel_sdk/lib/python3.12/site-packages/dynamixel_easy_sdk/group_executor.cpp
[0.593s] -- Up-to-date symlink: /home/yubinkim/workspace/common_packages/install_jazzy/dynamixel_sdk/lib/python3.12/site-packages/dynamixel_easy_sdk/group_executor.py
[0.593s] -- Up-to-date symlink: /home/yubinkim/workspace/common_packages/install_jazzy/dynamixel_sdk/lib/python3.12/site-packages/dynamixel_easy_sdk/motor.cpp
[0.593s] -- Up-to-date symlink: /home/yubinkim/workspace/common_packages/install_jazzy/dynamixel_sdk/lib/python3.12/site-packages/dynamixel_easy_sdk/motor.py
[0.593s] -- Up-to-date symlink: /home/yubinkim/workspace/common_packages/install_jazzy/dynamixel_sdk/share/dynamixel_sdk/environment/library_path.sh
[0.594s] -- Up-to-date symlink: /home/yubinkim/workspace/common_packages/install_jazzy/dynamixel_sdk/share/dynamixel_sdk/environment/library_path.dsv
[0.594s] -- Up-to-date symlink: /home/yubinkim/workspace/common_packages/install_jazzy/dynamixel_sdk/share/ament_index/resource_index/package_run_dependencies/dynamixel_sdk
[0.594s] -- Up-to-date symlink: /home/yubinkim/workspace/common_packages/install_jazzy/dynamixel_sdk/share/ament_index/resource_index/parent_prefix_path/dynamixel_sdk
[0.594s] -- Up-to-date symlink: /home/yubinkim/workspace/common_packages/install_jazzy/dynamixel_sdk/share/dynamixel_sdk/environment/ament_prefix_path.sh
[0.595s] -- Up-to-date symlink: /home/yubinkim/workspace/common_packages/install_jazzy/dynamixel_sdk/share/dynamixel_sdk/environment/ament_prefix_path.dsv
[0.595s] -- Up-to-date symlink: /home/yubinkim/workspace/common_packages/install_jazzy/dynamixel_sdk/share/dynamixel_sdk/environment/path.sh
[0.595s] -- Up-to-date symlink: /home/yubinkim/workspace/common_packages/install_jazzy/dynamixel_sdk/share/dynamixel_sdk/environment/path.dsv
[0.595s] -- Up-to-date symlink: /home/yubinkim/workspace/common_packages/install_jazzy/dynamixel_sdk/share/dynamixel_sdk/local_setup.bash
[0.596s] -- Up-to-date symlink: /home/yubinkim/workspace/common_packages/install_jazzy/dynamixel_sdk/share/dynamixel_sdk/local_setup.sh
[0.596s] -- Up-to-date symlink: /home/yubinkim/workspace/common_packages/install_jazzy/dynamixel_sdk/share/dynamixel_sdk/local_setup.zsh
[0.596s] -- Up-to-date symlink: /home/yubinkim/workspace/common_packages/install_jazzy/dynamixel_sdk/share/dynamixel_sdk/local_setup.dsv
[0.596s] -- Symlinking: /home/yubinkim/workspace/common_packages/install_jazzy/dynamixel_sdk/share/dynamixel_sdk/package.dsv
[0.614s] -- Up-to-date symlink: /home/yubinkim/workspace/common_packages/install_jazzy/dynamixel_sdk/share/ament_index/resource_index/packages/dynamixel_sdk
[0.614s] -- Up-to-date symlink: /home/yubinkim/workspace/common_packages/install_jazzy/dynamixel_sdk/share/dynamixel_sdk/cmake/ament_cmake_export_targets-extras.cmake
[0.614s] -- Up-to-date symlink: /home/yubinkim/workspace/common_packages/install_jazzy/dynamixel_sdk/share/dynamixel_sdk/cmake/ament_cmake_export_include_directories-extras.cmake
[0.614s] -- Up-to-date symlink: /home/yubinkim/workspace/common_packages/install_jazzy/dynamixel_sdk/share/dynamixel_sdk/cmake/ament_cmake_export_libraries-extras.cmake
[0.614s] -- Up-to-date symlink: /home/yubinkim/workspace/common_packages/install_jazzy/dynamixel_sdk/share/dynamixel_sdk/cmake/dynamixel_sdkConfig.cmake
[0.614s] -- Up-to-date symlink: /home/yubinkim/workspace/common_packages/install_jazzy/dynamixel_sdk/share/dynamixel_sdk/cmake/dynamixel_sdkConfig-version.cmake
[0.615s] -- Up-to-date symlink: /home/yubinkim/workspace/common_packages/install_jazzy/dynamixel_sdk/share/dynamixel_sdk/package.xml
[0.615s] -- Up-to-date: /home/yubinkim/workspace/common_packages/install_jazzy/dynamixel_sdk/lib/libdynamixel_sdk.so
[0.680s] Listing '/home/yubinkim/workspace/common_packages/install_jazzy/dynamixel_sdk/lib/python3.12/site-packages/dynamixel_sdk'...
[0.745s] Listing '/home/yubinkim/workspace/common_packages/install_jazzy/dynamixel_sdk/lib/python3.12/site-packages/dynamixel_easy_sdk'...
[0.753s] -- Up-to-date: /home/yubinkim/workspace/common_packages/install_jazzy/dynamixel_sdk/share/dynamixel_sdk/cmake/dynamixel_sdkExport.cmake
[0.753s] -- Up-to-date: /home/yubinkim/workspace/common_packages/install_jazzy/dynamixel_sdk/share/dynamixel_sdk/cmake/dynamixel_sdkExport-noconfig.cmake
[0.757s] Invoked command in '/home/yubinkim/workspace/common_packages/build_jazzy/dynamixel_sdk' returned '0': CMAKE_PREFIX_PATH=${CMAKE_PREFIX_PATH}:/opt/ros/jazzy DEBUGINFOD_URLS=https://debuginfod.ubuntu.com /usr/bin/cmake --install /home/yubinkim/workspace/common_packages/build_jazzy/dynamixel_sdk
