[0.021s] Invoking command in '/home/yubinkim/workspace/common_packages/build_jazzy/px4_ros_com': CMAKE_PREFIX_PATH=/home/yubinkim/workspace/common_packages/install_jazzy/px4_msgs:/home/yubinkim/workspace/common_packages/install_jazzy/ros2_optitrack_bridge:/home/yubinkim/workspace/common_packages/install_jazzy/px4_ros_com:/home/yubinkim/workspace/common_packages/install_jazzy/dynamixel_workbench:/home/yubinkim/workspace/common_packages/install_jazzy/dynamixel_workbench_toolbox:/home/yubinkim/workspace/common_packages/install_jazzy/dynamixel_sdk_examples:/home/yubinkim/workspace/common_packages/install_jazzy/dynamixel_sdk_custom_interfaces:/home/yubinkim/workspace/common_packages/install_jazzy/dynamixel_sdk:/opt/ros/jazzy/opt/gz_math_vendor:/opt/ros/jazzy/opt/gz_utils_vendor:/opt/ros/jazzy/opt/gz_cmake_vendor:/opt/ros/jazzy DEBUGINFOD_URLS=https://debuginfod.ubuntu.com LD_LIBRARY_PATH=/home/yubinkim/workspace/common_packages/install_jazzy/px4_msgs/lib:/home/yubinkim/workspace/common_packages/install_jazzy/ros2_optitrack_bridge/lib:/home/yubinkim/workspace/common_packages/install_jazzy/px4_ros_com/lib:/home/yubinkim/workspace/common_packages/install_jazzy/dynamixel_workbench_toolbox/lib:/home/yubinkim/workspace/common_packages/install_jazzy/dynamixel_sdk_custom_interfaces/lib:/home/yubinkim/workspace/common_packages/install_jazzy/dynamixel_sdk/lib:/opt/ros/jazzy/opt/rviz_ogre_vendor/lib:/opt/ros/jazzy/lib/x86_64-linux-gnu:/opt/ros/jazzy/opt/gz_math_vendor/lib:/opt/ros/jazzy/opt/gz_utils_vendor/lib:/opt/ros/jazzy/opt/gz_cmake_vendor/lib:/opt/ros/jazzy/lib PYTHONPATH=/home/yubinkim/workspace/common_packages/install_jazzy/px4_msgs/lib/python3.12/site-packages:/home/yubinkim/workspace/common_packages/install_jazzy/px4_ros_com/lib/python3.12/site-packages:/home/yubinkim/workspace/common_packages/install_jazzy/dynamixel_sdk_custom_interfaces/lib/python3.12/site-packages:/home/yubinkim/workspace/common_packages/install_jazzy/dynamixel_sdk/lib/python3.12/site-packages:/opt/ros/jazzy/lib/python3.12/site-packages /usr/bin/cmake --build /home/yubinkim/workspace/common_packages/build_jazzy/px4_ros_com -- -j16 -l16
[0.112s] [ 16%] Built target debug_vect_advertiser
[0.113s] [ 50%] Built target vehicle_gps_position_listener
[0.113s] [ 50%] Built target sensor_combined_listener
[0.114s] [ 66%] Built target frame_transforms
[0.116s] [ 66%] Built target ament_cmake_python_symlink_px4_ros_com
[0.117s] [100%] Built target offboard_control
[0.117s] [100%] Built target offboard_control_srv
[0.378s] running egg_info
[0.395s] writing px4_ros_com.egg-info/PKG-INFO
[0.396s] writing dependency_links to px4_ros_com.egg-info/dependency_links.txt
[0.396s] writing top-level names to px4_ros_com.egg-info/top_level.txt
[0.439s] reading manifest file 'px4_ros_com.egg-info/SOURCES.txt'
[0.440s] writing manifest file 'px4_ros_com.egg-info/SOURCES.txt'
[0.473s] [100%] Built target ament_cmake_python_build_px4_ros_com_egg
[0.495s] Invoked command in '/home/yubinkim/workspace/common_packages/build_jazzy/px4_ros_com' returned '0': CMAKE_PREFIX_PATH=/home/yubinkim/workspace/common_packages/install_jazzy/px4_msgs:/home/yubinkim/workspace/common_packages/install_jazzy/ros2_optitrack_bridge:/home/yubinkim/workspace/common_packages/install_jazzy/px4_ros_com:/home/yubinkim/workspace/common_packages/install_jazzy/dynamixel_workbench:/home/yubinkim/workspace/common_packages/install_jazzy/dynamixel_workbench_toolbox:/home/yubinkim/workspace/common_packages/install_jazzy/dynamixel_sdk_examples:/home/yubinkim/workspace/common_packages/install_jazzy/dynamixel_sdk_custom_interfaces:/home/yubinkim/workspace/common_packages/install_jazzy/dynamixel_sdk:/opt/ros/jazzy/opt/gz_math_vendor:/opt/ros/jazzy/opt/gz_utils_vendor:/opt/ros/jazzy/opt/gz_cmake_vendor:/opt/ros/jazzy DEBUGINFOD_URLS=https://debuginfod.ubuntu.com LD_LIBRARY_PATH=/home/yubinkim/workspace/common_packages/install_jazzy/px4_msgs/lib:/home/yubinkim/workspace/common_packages/install_jazzy/ros2_optitrack_bridge/lib:/home/yubinkim/workspace/common_packages/install_jazzy/px4_ros_com/lib:/home/yubinkim/workspace/common_packages/install_jazzy/dynamixel_workbench_toolbox/lib:/home/yubinkim/workspace/common_packages/install_jazzy/dynamixel_sdk_custom_interfaces/lib:/home/yubinkim/workspace/common_packages/install_jazzy/dynamixel_sdk/lib:/opt/ros/jazzy/opt/rviz_ogre_vendor/lib:/opt/ros/jazzy/lib/x86_64-linux-gnu:/opt/ros/jazzy/opt/gz_math_vendor/lib:/opt/ros/jazzy/opt/gz_utils_vendor/lib:/opt/ros/jazzy/opt/gz_cmake_vendor/lib:/opt/ros/jazzy/lib PYTHONPATH=/home/yubinkim/workspace/common_packages/install_jazzy/px4_msgs/lib/python3.12/site-packages:/home/yubinkim/workspace/common_packages/install_jazzy/px4_ros_com/lib/python3.12/site-packages:/home/yubinkim/workspace/common_packages/install_jazzy/dynamixel_sdk_custom_interfaces/lib/python3.12/site-packages:/home/yubinkim/workspace/common_packages/install_jazzy/dynamixel_sdk/lib/python3.12/site-packages:/opt/ros/jazzy/lib/python3.12/site-packages /usr/bin/cmake --build /home/yubinkim/workspace/common_packages/build_jazzy/px4_ros_com -- -j16 -l16
[0.498s] Invoking command in '/home/yubinkim/workspace/common_packages/build_jazzy/px4_ros_com': CMAKE_PREFIX_PATH=/home/yubinkim/workspace/common_packages/install_jazzy/px4_msgs:/home/yubinkim/workspace/common_packages/install_jazzy/ros2_optitrack_bridge:/home/yubinkim/workspace/common_packages/install_jazzy/px4_ros_com:/home/yubinkim/workspace/common_packages/install_jazzy/dynamixel_workbench:/home/yubinkim/workspace/common_packages/install_jazzy/dynamixel_workbench_toolbox:/home/yubinkim/workspace/common_packages/install_jazzy/dynamixel_sdk_examples:/home/yubinkim/workspace/common_packages/install_jazzy/dynamixel_sdk_custom_interfaces:/home/yubinkim/workspace/common_packages/install_jazzy/dynamixel_sdk:/opt/ros/jazzy/opt/gz_math_vendor:/opt/ros/jazzy/opt/gz_utils_vendor:/opt/ros/jazzy/opt/gz_cmake_vendor:/opt/ros/jazzy DEBUGINFOD_URLS=https://debuginfod.ubuntu.com LD_LIBRARY_PATH=/home/yubinkim/workspace/common_packages/install_jazzy/px4_msgs/lib:/home/yubinkim/workspace/common_packages/install_jazzy/ros2_optitrack_bridge/lib:/home/yubinkim/workspace/common_packages/install_jazzy/px4_ros_com/lib:/home/yubinkim/workspace/common_packages/install_jazzy/dynamixel_workbench_toolbox/lib:/home/yubinkim/workspace/common_packages/install_jazzy/dynamixel_sdk_custom_interfaces/lib:/home/yubinkim/workspace/common_packages/install_jazzy/dynamixel_sdk/lib:/opt/ros/jazzy/opt/rviz_ogre_vendor/lib:/opt/ros/jazzy/lib/x86_64-linux-gnu:/opt/ros/jazzy/opt/gz_math_vendor/lib:/opt/ros/jazzy/opt/gz_utils_vendor/lib:/opt/ros/jazzy/opt/gz_cmake_vendor/lib:/opt/ros/jazzy/lib PYTHONPATH=/home/yubinkim/workspace/common_packages/install_jazzy/px4_msgs/lib/python3.12/site-packages:/home/yubinkim/workspace/common_packages/install_jazzy/px4_ros_com/lib/python3.12/site-packages:/home/yubinkim/workspace/common_packages/install_jazzy/dynamixel_sdk_custom_interfaces/lib/python3.12/site-packages:/home/yubinkim/workspace/common_packages/install_jazzy/dynamixel_sdk/lib/python3.12/site-packages:/opt/ros/jazzy/lib/python3.12/site-packages /usr/bin/cmake --install /home/yubinkim/workspace/common_packages/build_jazzy/px4_ros_com
[0.513s] -- Install configuration: ""
[0.514s] -- Execute custom install script
[0.515s] -- Up-to-date symlink: /home/yubinkim/workspace/common_packages/install_jazzy/px4_ros_com/lib/px4_ros_com/sensor_combined_listener
[0.515s] -- Up-to-date symlink: /home/yubinkim/workspace/common_packages/install_jazzy/px4_ros_com/lib/px4_ros_com/vehicle_gps_position_listener
[0.516s] -- Up-to-date symlink: /home/yubinkim/workspace/common_packages/install_jazzy/px4_ros_com/lib/px4_ros_com/debug_vect_advertiser
[0.516s] -- Up-to-date symlink: /home/yubinkim/workspace/common_packages/install_jazzy/px4_ros_com/lib/px4_ros_com/offboard_control
[0.517s] -- Up-to-date symlink: /home/yubinkim/workspace/common_packages/install_jazzy/px4_ros_com/lib/px4_ros_com/offboard_control_srv
[0.517s] -- Up-to-date symlink: /home/yubinkim/workspace/common_packages/install_jazzy/px4_ros_com/share/px4_ros_com/environment/library_path.sh
[0.517s] -- Up-to-date symlink: /home/yubinkim/workspace/common_packages/install_jazzy/px4_ros_com/share/px4_ros_com/environment/library_path.dsv
[0.517s] -- Up-to-date symlink: /home/yubinkim/workspace/common_packages/install_jazzy/px4_ros_com/include/px4_ros_com/frame_transforms.h
[0.518s] -- Up-to-date symlink: /home/yubinkim/workspace/common_packages/install_jazzy/px4_ros_com/share/px4_ros_com//launch/offboard_control_launch.yaml
[0.518s] -- Up-to-date symlink: /home/yubinkim/workspace/common_packages/install_jazzy/px4_ros_com/share/px4_ros_com//launch/sensor_combined_listener.launch.py
[0.518s] -- Up-to-date symlink: /home/yubinkim/workspace/common_packages/install_jazzy/px4_ros_com/share/px4_ros_com//test/__init__.py
[0.518s] -- Up-to-date symlink: /home/yubinkim/workspace/common_packages/install_jazzy/px4_ros_com/share/px4_ros_com//test/pipeline_io_test.py
[0.519s] -- Up-to-date symlink: /home/yubinkim/workspace/common_packages/install_jazzy/px4_ros_com/share/px4_ros_com//test/test_input.py
[0.519s] -- Up-to-date symlink: /home/yubinkim/workspace/common_packages/install_jazzy/px4_ros_com/share/px4_ros_com//test/test_output.py
[0.519s] -- Up-to-date symlink: /home/yubinkim/workspace/common_packages/install_jazzy/px4_ros_com/share/px4_ros_com/environment/pythonpath.sh
[0.519s] -- Up-to-date symlink: /home/yubinkim/workspace/common_packages/install_jazzy/px4_ros_com/share/px4_ros_com/environment/pythonpath.dsv
[0.520s] -- Up-to-date symlink: /home/yubinkim/workspace/common_packages/install_jazzy/px4_ros_com/lib/python3.12/site-packages/px4_ros_com-0.1.0-py3.12.egg-info/PKG-INFO
[0.520s] -- Up-to-date symlink: /home/yubinkim/workspace/common_packages/install_jazzy/px4_ros_com/lib/python3.12/site-packages/px4_ros_com-0.1.0-py3.12.egg-info/SOURCES.txt
[0.520s] -- Up-to-date symlink: /home/yubinkim/workspace/common_packages/install_jazzy/px4_ros_com/lib/python3.12/site-packages/px4_ros_com-0.1.0-py3.12.egg-info/dependency_links.txt
[0.520s] -- Up-to-date symlink: /home/yubinkim/workspace/common_packages/install_jazzy/px4_ros_com/lib/python3.12/site-packages/px4_ros_com-0.1.0-py3.12.egg-info/top_level.txt
[0.521s] -- Up-to-date symlink: /home/yubinkim/workspace/common_packages/install_jazzy/px4_ros_com/lib/python3.12/site-packages/px4_ros_com/__init__.py
[0.521s] -- Up-to-date symlink: /home/yubinkim/workspace/common_packages/install_jazzy/px4_ros_com/lib/python3.12/site-packages/px4_ros_com/module_to_import.py
[0.521s] -- Up-to-date symlink: /home/yubinkim/workspace/common_packages/install_jazzy/px4_ros_com/lib/px4_ros_com/offboard_control.py
[0.521s] -- Up-to-date symlink: /home/yubinkim/workspace/common_packages/install_jazzy/px4_ros_com/share/ament_index/resource_index/package_run_dependencies/px4_ros_com
[0.522s] -- Up-to-date symlink: /home/yubinkim/workspace/common_packages/install_jazzy/px4_ros_com/share/ament_index/resource_index/parent_prefix_path/px4_ros_com
[0.522s] -- Up-to-date symlink: /home/yubinkim/workspace/common_packages/install_jazzy/px4_ros_com/share/px4_ros_com/environment/ament_prefix_path.sh
[0.522s] -- Up-to-date symlink: /home/yubinkim/workspace/common_packages/install_jazzy/px4_ros_com/share/px4_ros_com/environment/ament_prefix_path.dsv
[0.522s] -- Up-to-date symlink: /home/yubinkim/workspace/common_packages/install_jazzy/px4_ros_com/share/px4_ros_com/environment/path.sh
[0.522s] -- Up-to-date symlink: /home/yubinkim/workspace/common_packages/install_jazzy/px4_ros_com/share/px4_ros_com/environment/path.dsv
[0.523s] -- Up-to-date symlink: /home/yubinkim/workspace/common_packages/install_jazzy/px4_ros_com/share/px4_ros_com/local_setup.bash
[0.523s] -- Up-to-date symlink: /home/yubinkim/workspace/common_packages/install_jazzy/px4_ros_com/share/px4_ros_com/local_setup.sh
[0.523s] -- Up-to-date symlink: /home/yubinkim/workspace/common_packages/install_jazzy/px4_ros_com/share/px4_ros_com/local_setup.zsh
[0.523s] -- Up-to-date symlink: /home/yubinkim/workspace/common_packages/install_jazzy/px4_ros_com/share/px4_ros_com/local_setup.dsv
[0.523s] -- Symlinking: /home/yubinkim/workspace/common_packages/install_jazzy/px4_ros_com/share/px4_ros_com/package.dsv
[0.540s] -- Up-to-date symlink: /home/yubinkim/workspace/common_packages/install_jazzy/px4_ros_com/share/ament_index/resource_index/packages/px4_ros_com
[0.540s] -- Up-to-date symlink: /home/yubinkim/workspace/common_packages/install_jazzy/px4_ros_com/share/px4_ros_com/cmake/ament_cmake_export_dependencies-extras.cmake
[0.541s] -- Up-to-date symlink: /home/yubinkim/workspace/common_packages/install_jazzy/px4_ros_com/share/px4_ros_com/cmake/ament_cmake_export_targets-extras.cmake
[0.541s] -- Up-to-date symlink: /home/yubinkim/workspace/common_packages/install_jazzy/px4_ros_com/share/px4_ros_com/cmake/ament_cmake_export_include_directories-extras.cmake
[0.541s] -- Up-to-date symlink: /home/yubinkim/workspace/common_packages/install_jazzy/px4_ros_com/share/px4_ros_com/cmake/ament_cmake_export_libraries-extras.cmake
[0.541s] -- Up-to-date symlink: /home/yubinkim/workspace/common_packages/install_jazzy/px4_ros_com/share/px4_ros_com/cmake/px4_ros_comConfig.cmake
[0.541s] -- Up-to-date symlink: /home/yubinkim/workspace/common_packages/install_jazzy/px4_ros_com/share/px4_ros_com/cmake/px4_ros_comConfig-version.cmake
[0.541s] -- Up-to-date symlink: /home/yubinkim/workspace/common_packages/install_jazzy/px4_ros_com/share/px4_ros_com/package.xml
[0.542s] -- Up-to-date: /home/yubinkim/workspace/common_packages/install_jazzy/px4_ros_com/lib/libframe_transforms.so
[0.599s] Listing '/home/yubinkim/workspace/common_packages/install_jazzy/px4_ros_com/lib/python3.12/site-packages/px4_ros_com'...
[0.608s] -- Up-to-date: /home/yubinkim/workspace/common_packages/install_jazzy/px4_ros_com/share/px4_ros_com/cmake/export_frame_transformsExport.cmake
[0.608s] -- Up-to-date: /home/yubinkim/workspace/common_packages/install_jazzy/px4_ros_com/share/px4_ros_com/cmake/export_frame_transformsExport-noconfig.cmake
[0.612s] Invoked command in '/home/yubinkim/workspace/common_packages/build_jazzy/px4_ros_com' returned '0': CMAKE_PREFIX_PATH=/home/yubinkim/workspace/common_packages/install_jazzy/px4_msgs:/home/yubinkim/workspace/common_packages/install_jazzy/ros2_optitrack_bridge:/home/yubinkim/workspace/common_packages/install_jazzy/px4_ros_com:/home/yubinkim/workspace/common_packages/install_jazzy/dynamixel_workbench:/home/yubinkim/workspace/common_packages/install_jazzy/dynamixel_workbench_toolbox:/home/yubinkim/workspace/common_packages/install_jazzy/dynamixel_sdk_examples:/home/yubinkim/workspace/common_packages/install_jazzy/dynamixel_sdk_custom_interfaces:/home/yubinkim/workspace/common_packages/install_jazzy/dynamixel_sdk:/opt/ros/jazzy/opt/gz_math_vendor:/opt/ros/jazzy/opt/gz_utils_vendor:/opt/ros/jazzy/opt/gz_cmake_vendor:/opt/ros/jazzy DEBUGINFOD_URLS=https://debuginfod.ubuntu.com LD_LIBRARY_PATH=/home/yubinkim/workspace/common_packages/install_jazzy/px4_msgs/lib:/home/yubinkim/workspace/common_packages/install_jazzy/ros2_optitrack_bridge/lib:/home/yubinkim/workspace/common_packages/install_jazzy/px4_ros_com/lib:/home/yubinkim/workspace/common_packages/install_jazzy/dynamixel_workbench_toolbox/lib:/home/yubinkim/workspace/common_packages/install_jazzy/dynamixel_sdk_custom_interfaces/lib:/home/yubinkim/workspace/common_packages/install_jazzy/dynamixel_sdk/lib:/opt/ros/jazzy/opt/rviz_ogre_vendor/lib:/opt/ros/jazzy/lib/x86_64-linux-gnu:/opt/ros/jazzy/opt/gz_math_vendor/lib:/opt/ros/jazzy/opt/gz_utils_vendor/lib:/opt/ros/jazzy/opt/gz_cmake_vendor/lib:/opt/ros/jazzy/lib PYTHONPATH=/home/yubinkim/workspace/common_packages/install_jazzy/px4_msgs/lib/python3.12/site-packages:/home/yubinkim/workspace/common_packages/install_jazzy/px4_ros_com/lib/python3.12/site-packages:/home/yubinkim/workspace/common_packages/install_jazzy/dynamixel_sdk_custom_interfaces/lib/python3.12/site-packages:/home/yubinkim/workspace/common_packages/install_jazzy/dynamixel_sdk/lib/python3.12/site-packages:/opt/ros/jazzy/lib/python3.12/site-packages /usr/bin/cmake --install /home/yubinkim/workspace/common_packages/build_jazzy/px4_ros_com
