-- Found ament_cmake: 2.5.4 (/opt/ros/jazzy/share/ament_cmake/cmake)
-- Override CMake install command with custom implementation using symlinks instead of copying resources
-- Found rclcpp: 28.1.12 (/opt/ros/jazzy/share/rclcpp/cmake)
-- Found rosidl_generator_c: 4.6.6 (/opt/ros/jazzy/share/rosidl_generator_c/cmake)
-- Found rosidl_generator_cpp: 4.6.6 (/opt/ros/jazzy/share/rosidl_generator_cpp/cmake)
-- Using all available rosidl_typesupport_c: rosidl_typesupport_fastrtps_c;rosidl_typesupport_introspection_c
-- Using all available rosidl_typesupport_cpp: rosidl_typesupport_fastrtps_cpp;rosidl_typesupport_introspection_cpp
-- Found rmw_implementation_cmake: 7.3.2 (/opt/ros/jazzy/share/rmw_implementation_cmake/cmake)
-- Found rmw_fastrtps_cpp: 8.4.3 (/opt/ros/jazzy/share/rmw_fastrtps_cpp/cmake)
-- Using RMW implementation 'rmw_fastrtps_cpp' as default
-- Found std_msgs: 5.3.6 (/opt/ros/jazzy/share/std_msgs/cmake)
-- Found geometry_msgs: 5.3.6 (/opt/ros/jazzy/share/geometry_msgs/cmake)
-- Found nav_msgs: 5.3.6 (/opt/ros/jazzy/share/nav_msgs/cmake)
-- Found px4_msgs: 2.0.1 (/home/yubinkim/workspace/common_packages/install_jazzy/px4_msgs/share/px4_msgs/cmake)
-- Found ament_lint_auto: 0.17.3 (/opt/ros/jazzy/share/ament_lint_auto/cmake)
-- Added test 'copyright' to check source files copyright and LICENSE
-- Added test 'cppcheck' to perform static code analysis on C / C++ code
-- Configured cppcheck include dirs: /home/yubinkim/workspace/common_packages/src/ros2_optitrack_bridge/include;$<BUILD_INTERFACE:/home/yubinkim/workspace/common_packages/src/ros2_optitrack_bridge/include>
-- Configured cppcheck exclude dirs and/or files: 
-- Added test 'cpplint' to check C / C++ code against the Google style
-- Configured cpplint exclude dirs and/or files: 
-- Added test 'lint_cmake' to check CMake code style
-- Added test 'uncrustify' to check C / C++ code style
-- Configured uncrustify additional arguments: 
-- Added test 'xmllint' to check XML markup files
-- Configuring done (1.1s)
-- Generating done (0.0s)
-- Build files have been written to: /home/yubinkim/workspace/common_packages/build_jazzy/ros2_optitrack_bridge
[ 15%] [32mBuilding CXX object CMakeFiles/pose.dir/src/natnet_wrapper.cpp.o[0m
[ 23%] [32mBuilding CXX object CMakeFiles/odometry.dir/src/natnet_wrapper.cpp.o[0m
[ 15%] [32mBuilding CXX object CMakeFiles/odometry.dir/src/optitrack_bridge_odometry.cpp.o[0m
[ 30%] [32mBuilding CXX object CMakeFiles/odometry.dir/src/linear_kalman_filter.cpp.o[0m
[ 38%] [32mBuilding CXX object CMakeFiles/px4.dir/src/optitrack_bridge_px4.cpp.o[0m
[ 46%] [32mBuilding CXX object CMakeFiles/px4.dir/src/natnet_wrapper.cpp.o[0m
[ 53%] [32mBuilding CXX object CMakeFiles/px4.dir/src/linear_kalman_filter.cpp.o[0m
[ 61%] [32mBuilding CXX object CMakeFiles/pose.dir/src/optitrack_bridge_pose.cpp.o[0m
[ 69%] [32mBuilding CXX object CMakeFiles/dummy.dir/src/optitrack_dummy.cpp.o[0m
[ 76%] [32m[1mLinking CXX executable dummy[0m
[ 76%] Built target dummy
[ 84%] [32m[1mLinking CXX executable pose[0m
[ 84%] Built target pose
[ 92%] [32m[1mLinking CXX executable px4[0m
[ 92%] Built target px4
[100%] [32m[1mLinking CXX executable odometry[0m
[100%] Built target odometry
-- Install configuration: ""
-- Execute custom install script
-- Symlinking: /home/yubinkim/workspace/common_packages/install_jazzy/ros2_optitrack_bridge/share/ros2_optitrack_bridge/environment/library_path.sh
-- Symlinking: /home/yubinkim/workspace/common_packages/install_jazzy/ros2_optitrack_bridge/share/ros2_optitrack_bridge/environment/library_path.dsv
-- Symlinking: /home/yubinkim/workspace/common_packages/install_jazzy/ros2_optitrack_bridge/lib/ros2_optitrack_bridge/pose
-- Symlinking: /home/yubinkim/workspace/common_packages/install_jazzy/ros2_optitrack_bridge/lib/ros2_optitrack_bridge/odometry
-- Symlinking: /home/yubinkim/workspace/common_packages/install_jazzy/ros2_optitrack_bridge/lib/ros2_optitrack_bridge/px4
-- Symlinking: /home/yubinkim/workspace/common_packages/install_jazzy/ros2_optitrack_bridge/lib/ros2_optitrack_bridge/dummy
-- Symlinking: /home/yubinkim/workspace/common_packages/install_jazzy/ros2_optitrack_bridge/lib/libNatNetLibShared.so
-- Symlinking: /home/yubinkim/workspace/common_packages/install_jazzy/ros2_optitrack_bridge/share/ament_index/resource_index/package_run_dependencies/ros2_optitrack_bridge
-- Symlinking: /home/yubinkim/workspace/common_packages/install_jazzy/ros2_optitrack_bridge/share/ament_index/resource_index/parent_prefix_path/ros2_optitrack_bridge
-- Symlinking: /home/yubinkim/workspace/common_packages/install_jazzy/ros2_optitrack_bridge/share/ros2_optitrack_bridge/environment/ament_prefix_path.sh
-- Symlinking: /home/yubinkim/workspace/common_packages/install_jazzy/ros2_optitrack_bridge/share/ros2_optitrack_bridge/environment/ament_prefix_path.dsv
-- Symlinking: /home/yubinkim/workspace/common_packages/install_jazzy/ros2_optitrack_bridge/share/ros2_optitrack_bridge/environment/path.sh
-- Symlinking: /home/yubinkim/workspace/common_packages/install_jazzy/ros2_optitrack_bridge/share/ros2_optitrack_bridge/environment/path.dsv
-- Symlinking: /home/yubinkim/workspace/common_packages/install_jazzy/ros2_optitrack_bridge/share/ros2_optitrack_bridge/local_setup.bash
-- Symlinking: /home/yubinkim/workspace/common_packages/install_jazzy/ros2_optitrack_bridge/share/ros2_optitrack_bridge/local_setup.sh
-- Symlinking: /home/yubinkim/workspace/common_packages/install_jazzy/ros2_optitrack_bridge/share/ros2_optitrack_bridge/local_setup.zsh
-- Symlinking: /home/yubinkim/workspace/common_packages/install_jazzy/ros2_optitrack_bridge/share/ros2_optitrack_bridge/local_setup.dsv
-- Symlinking: /home/yubinkim/workspace/common_packages/install_jazzy/ros2_optitrack_bridge/share/ros2_optitrack_bridge/package.dsv
-- Symlinking: /home/yubinkim/workspace/common_packages/install_jazzy/ros2_optitrack_bridge/share/ament_index/resource_index/packages/ros2_optitrack_bridge
-- Symlinking: /home/yubinkim/workspace/common_packages/install_jazzy/ros2_optitrack_bridge/share/ros2_optitrack_bridge/cmake/ament_cmake_export_libraries-extras.cmake
-- Symlinking: /home/yubinkim/workspace/common_packages/install_jazzy/ros2_optitrack_bridge/share/ros2_optitrack_bridge/cmake/ros2_optitrack_bridgeConfig.cmake
-- Symlinking: /home/yubinkim/workspace/common_packages/install_jazzy/ros2_optitrack_bridge/share/ros2_optitrack_bridge/cmake/ros2_optitrack_bridgeConfig-version.cmake
-- Symlinking: /home/yubinkim/workspace/common_packages/install_jazzy/ros2_optitrack_bridge/share/ros2_optitrack_bridge/package.xml
