[0.017s] Invoking command in '/home/yubinkim/workspace/common_packages/build_jazzy/ros2_optitrack_bridge': CMAKE_PREFIX_PATH=${CMAKE_PREFIX_PATH}:/home/yubinkim/workspace/hexa_teleoperation/install_jazzy/dynamixel_test_ctrl:/home/yubinkim/workspace/omni_hexa/install_jazzy/dynamixel_test_ctrl:/opt/ros/jazzy DEBUGINFOD_URLS=https://debuginfod.ubuntu.com /usr/bin/cmake /home/yubinkim/workspace/common_packages/src/ros2_optitrack_bridge -DAMENT_CMAKE_SYMLINK_INSTALL=1 -DCMAKE_INSTALL_PREFIX=/home/yubinkim/workspace/common_packages/install_jazzy/ros2_optitrack_bridge
[0.035s] -- Found ament_cmake: 2.5.4 (/opt/ros/jazzy/share/ament_cmake/cmake)
[0.395s] -- Override CMake install command with custom implementation using symlinks instead of copying resources
[0.410s] -- Found rclcpp: 28.1.12 (/opt/ros/jazzy/share/rclcpp/cmake)
[0.460s] -- Found rosidl_generator_c: 4.6.6 (/opt/ros/jazzy/share/rosidl_generator_c/cmake)
[0.474s] -- Found rosidl_generator_cpp: 4.6.6 (/opt/ros/jazzy/share/rosidl_generator_cpp/cmake)
[0.493s] -- Using all available rosidl_typesupport_c: rosidl_typesupport_fastrtps_c;rosidl_typesupport_introspection_c
[0.515s] -- Using all available rosidl_typesupport_cpp: rosidl_typesupport_fastrtps_cpp;rosidl_typesupport_introspection_cpp
[0.604s] -- Found rmw_implementation_cmake: 7.3.2 (/opt/ros/jazzy/share/rmw_implementation_cmake/cmake)
[0.606s] -- Found rmw_fastrtps_cpp: 8.4.3 (/opt/ros/jazzy/share/rmw_fastrtps_cpp/cmake)
[0.719s] -- Using RMW implementation 'rmw_fastrtps_cpp' as default
[0.839s] -- Found std_msgs: 5.3.6 (/opt/ros/jazzy/share/std_msgs/cmake)
[0.854s] -- Found geometry_msgs: 5.3.6 (/opt/ros/jazzy/share/geometry_msgs/cmake)
[0.869s] -- Found nav_msgs: 5.3.6 (/opt/ros/jazzy/share/nav_msgs/cmake)
[0.899s] -- Found px4_msgs: 2.0.1 (/home/yubinkim/workspace/common_packages/install_jazzy/px4_msgs/share/px4_msgs/cmake)
[0.930s] -- Found ament_lint_auto: 0.17.3 (/opt/ros/jazzy/share/ament_lint_auto/cmake)
[1.127s] -- Added test 'copyright' to check source files copyright and LICENSE
[1.129s] -- Added test 'cppcheck' to perform static code analysis on C / C++ code
[1.129s] -- Configured cppcheck include dirs: /home/yubinkim/workspace/common_packages/src/ros2_optitrack_bridge/include;$<BUILD_INTERFACE:/home/yubinkim/workspace/common_packages/src/ros2_optitrack_bridge/include>
[1.129s] -- Configured cppcheck exclude dirs and/or files: 
[1.131s] -- Added test 'cpplint' to check C / C++ code against the Google style
[1.131s] -- Configured cpplint exclude dirs and/or files: 
[1.132s] -- Added test 'lint_cmake' to check CMake code style
[1.133s] -- Added test 'uncrustify' to check C / C++ code style
[1.133s] -- Configured uncrustify additional arguments: 
[1.134s] -- Added test 'xmllint' to check XML markup files
[1.137s] -- Configuring done (1.1s)
[1.162s] -- Generating done (0.0s)
[1.169s] -- Build files have been written to: /home/yubinkim/workspace/common_packages/build_jazzy/ros2_optitrack_bridge
[1.180s] Invoked command in '/home/yubinkim/workspace/common_packages/build_jazzy/ros2_optitrack_bridge' returned '0': CMAKE_PREFIX_PATH=${CMAKE_PREFIX_PATH}:/home/yubinkim/workspace/hexa_teleoperation/install_jazzy/dynamixel_test_ctrl:/home/yubinkim/workspace/omni_hexa/install_jazzy/dynamixel_test_ctrl:/opt/ros/jazzy DEBUGINFOD_URLS=https://debuginfod.ubuntu.com /usr/bin/cmake /home/yubinkim/workspace/common_packages/src/ros2_optitrack_bridge -DAMENT_CMAKE_SYMLINK_INSTALL=1 -DCMAKE_INSTALL_PREFIX=/home/yubinkim/workspace/common_packages/install_jazzy/ros2_optitrack_bridge
[1.183s] Invoking command in '/home/yubinkim/workspace/common_packages/build_jazzy/ros2_optitrack_bridge': CMAKE_PREFIX_PATH=${CMAKE_PREFIX_PATH}:/home/yubinkim/workspace/hexa_teleoperation/install_jazzy/dynamixel_test_ctrl:/home/yubinkim/workspace/omni_hexa/install_jazzy/dynamixel_test_ctrl:/opt/ros/jazzy DEBUGINFOD_URLS=https://debuginfod.ubuntu.com /usr/bin/cmake --build /home/yubinkim/workspace/common_packages/build_jazzy/ros2_optitrack_bridge -- -j16 -l16
[1.263s] [ 15%] [32mBuilding CXX object CMakeFiles/pose.dir/src/natnet_wrapper.cpp.o[0m
[1.263s] [ 23%] [32mBuilding CXX object CMakeFiles/odometry.dir/src/natnet_wrapper.cpp.o[0m
[1.263s] [ 15%] [32mBuilding CXX object CMakeFiles/odometry.dir/src/optitrack_bridge_odometry.cpp.o[0m
[1.263s] [ 30%] [32mBuilding CXX object CMakeFiles/odometry.dir/src/linear_kalman_filter.cpp.o[0m
[1.264s] [ 38%] [32mBuilding CXX object CMakeFiles/px4.dir/src/optitrack_bridge_px4.cpp.o[0m
[1.264s] [ 46%] [32mBuilding CXX object CMakeFiles/px4.dir/src/natnet_wrapper.cpp.o[0m
[1.265s] [ 53%] [32mBuilding CXX object CMakeFiles/px4.dir/src/linear_kalman_filter.cpp.o[0m
[1.267s] [ 61%] [32mBuilding CXX object CMakeFiles/pose.dir/src/optitrack_bridge_pose.cpp.o[0m
[1.279s] [ 69%] [32mBuilding CXX object CMakeFiles/dummy.dir/src/optitrack_dummy.cpp.o[0m
[6.050s] [ 76%] [32m[1mLinking CXX executable dummy[0m
[6.428s] [ 76%] Built target dummy
[6.457s] [ 84%] [32m[1mLinking CXX executable pose[0m
[6.821s] [ 84%] Built target pose
[8.165s] [ 92%] [32m[1mLinking CXX executable px4[0m
[9.004s] [ 92%] Built target px4
[9.967s] [100%] [32m[1mLinking CXX executable odometry[0m
[10.419s] [100%] Built target odometry
[10.441s] Invoked command in '/home/yubinkim/workspace/common_packages/build_jazzy/ros2_optitrack_bridge' returned '0': CMAKE_PREFIX_PATH=${CMAKE_PREFIX_PATH}:/home/yubinkim/workspace/hexa_teleoperation/install_jazzy/dynamixel_test_ctrl:/home/yubinkim/workspace/omni_hexa/install_jazzy/dynamixel_test_ctrl:/opt/ros/jazzy DEBUGINFOD_URLS=https://debuginfod.ubuntu.com /usr/bin/cmake --build /home/yubinkim/workspace/common_packages/build_jazzy/ros2_optitrack_bridge -- -j16 -l16
[10.443s] Invoking command in '/home/yubinkim/workspace/common_packages/build_jazzy/ros2_optitrack_bridge': CMAKE_PREFIX_PATH=${CMAKE_PREFIX_PATH}:/home/yubinkim/workspace/hexa_teleoperation/install_jazzy/dynamixel_test_ctrl:/home/yubinkim/workspace/omni_hexa/install_jazzy/dynamixel_test_ctrl:/opt/ros/jazzy DEBUGINFOD_URLS=https://debuginfod.ubuntu.com /usr/bin/cmake --install /home/yubinkim/workspace/common_packages/build_jazzy/ros2_optitrack_bridge
[10.458s] -- Install configuration: ""
[10.458s] -- Execute custom install script
[10.459s] -- Symlinking: /home/yubinkim/workspace/common_packages/install_jazzy/ros2_optitrack_bridge/share/ros2_optitrack_bridge/environment/library_path.sh
[10.475s] -- Symlinking: /home/yubinkim/workspace/common_packages/install_jazzy/ros2_optitrack_bridge/share/ros2_optitrack_bridge/environment/library_path.dsv
[10.491s] -- Symlinking: /home/yubinkim/workspace/common_packages/install_jazzy/ros2_optitrack_bridge/lib/ros2_optitrack_bridge/pose
[10.508s] -- Symlinking: /home/yubinkim/workspace/common_packages/install_jazzy/ros2_optitrack_bridge/lib/ros2_optitrack_bridge/odometry
[10.525s] -- Symlinking: /home/yubinkim/workspace/common_packages/install_jazzy/ros2_optitrack_bridge/lib/ros2_optitrack_bridge/px4
[10.542s] -- Symlinking: /home/yubinkim/workspace/common_packages/install_jazzy/ros2_optitrack_bridge/lib/ros2_optitrack_bridge/dummy
[10.560s] -- Symlinking: /home/yubinkim/workspace/common_packages/install_jazzy/ros2_optitrack_bridge/lib/libNatNetLibShared.so
[10.582s] -- Symlinking: /home/yubinkim/workspace/common_packages/install_jazzy/ros2_optitrack_bridge/share/ament_index/resource_index/package_run_dependencies/ros2_optitrack_bridge
[10.605s] -- Symlinking: /home/yubinkim/workspace/common_packages/install_jazzy/ros2_optitrack_bridge/share/ament_index/resource_index/parent_prefix_path/ros2_optitrack_bridge
[10.629s] -- Symlinking: /home/yubinkim/workspace/common_packages/install_jazzy/ros2_optitrack_bridge/share/ros2_optitrack_bridge/environment/ament_prefix_path.sh
[10.648s] -- Symlinking: /home/yubinkim/workspace/common_packages/install_jazzy/ros2_optitrack_bridge/share/ros2_optitrack_bridge/environment/ament_prefix_path.dsv
[10.675s] -- Symlinking: /home/yubinkim/workspace/common_packages/install_jazzy/ros2_optitrack_bridge/share/ros2_optitrack_bridge/environment/path.sh
[10.693s] -- Symlinking: /home/yubinkim/workspace/common_packages/install_jazzy/ros2_optitrack_bridge/share/ros2_optitrack_bridge/environment/path.dsv
[10.710s] -- Symlinking: /home/yubinkim/workspace/common_packages/install_jazzy/ros2_optitrack_bridge/share/ros2_optitrack_bridge/local_setup.bash
[10.727s] -- Symlinking: /home/yubinkim/workspace/common_packages/install_jazzy/ros2_optitrack_bridge/share/ros2_optitrack_bridge/local_setup.sh
[10.753s] -- Symlinking: /home/yubinkim/workspace/common_packages/install_jazzy/ros2_optitrack_bridge/share/ros2_optitrack_bridge/local_setup.zsh
[10.778s] -- Symlinking: /home/yubinkim/workspace/common_packages/install_jazzy/ros2_optitrack_bridge/share/ros2_optitrack_bridge/local_setup.dsv
[10.805s] -- Symlinking: /home/yubinkim/workspace/common_packages/install_jazzy/ros2_optitrack_bridge/share/ros2_optitrack_bridge/package.dsv
[10.829s] -- Symlinking: /home/yubinkim/workspace/common_packages/install_jazzy/ros2_optitrack_bridge/share/ament_index/resource_index/packages/ros2_optitrack_bridge
[10.851s] -- Symlinking: /home/yubinkim/workspace/common_packages/install_jazzy/ros2_optitrack_bridge/share/ros2_optitrack_bridge/cmake/ament_cmake_export_libraries-extras.cmake
[10.876s] -- Symlinking: /home/yubinkim/workspace/common_packages/install_jazzy/ros2_optitrack_bridge/share/ros2_optitrack_bridge/cmake/ros2_optitrack_bridgeConfig.cmake
[10.899s] -- Symlinking: /home/yubinkim/workspace/common_packages/install_jazzy/ros2_optitrack_bridge/share/ros2_optitrack_bridge/cmake/ros2_optitrack_bridgeConfig-version.cmake
[10.922s] -- Symlinking: /home/yubinkim/workspace/common_packages/install_jazzy/ros2_optitrack_bridge/share/ros2_optitrack_bridge/package.xml
[10.947s] Invoked command in '/home/yubinkim/workspace/common_packages/build_jazzy/ros2_optitrack_bridge' returned '0': CMAKE_PREFIX_PATH=${CMAKE_PREFIX_PATH}:/home/yubinkim/workspace/hexa_teleoperation/install_jazzy/dynamixel_test_ctrl:/home/yubinkim/workspace/omni_hexa/install_jazzy/dynamixel_test_ctrl:/opt/ros/jazzy DEBUGINFOD_URLS=https://debuginfod.ubuntu.com /usr/bin/cmake --install /home/yubinkim/workspace/common_packages/build_jazzy/ros2_optitrack_bridge
