[0.023s] Invoking command in '/home/yubinkim/workspace/common_packages/build_jazzy/px4_msgs': CMAKE_PREFIX_PATH=${CMAKE_PREFIX_PATH}:/home/yubinkim/workspace/hexa_teleoperation/install_jazzy/dynamixel_test_ctrl:/home/yubinkim/workspace/omni_hexa/install_jazzy/dynamixel_test_ctrl:/opt/ros/jazzy DEBUGINFOD_URLS=https://debuginfod.ubuntu.com /usr/bin/cmake /home/yubinkim/workspace/common_packages/src/px4_msgs -DAMENT_CMAKE_SYMLINK_INSTALL=1 -DCMAKE_INSTALL_PREFIX=/home/yubinkim/workspace/common_packages/install_jazzy/px4_msgs
[0.135s] -- The C compiler identification is GNU 13.3.0
[0.235s] -- The CXX compiler identification is GNU 13.3.0
[0.266s] -- Detecting C compiler ABI info
[0.416s] -- Detecting C compiler ABI info - done
[0.431s] -- Check for working C compiler: /usr/bin/cc - skipped
[0.431s] -- Detecting C compile features
[0.432s] -- Detecting C compile features - done
[0.446s] -- Detecting CXX compiler ABI info
[0.615s] -- Detecting CXX compiler ABI info - done
[0.631s] -- Check for working CXX compiler: /usr/bin/c++ - skipped
[0.632s] -- Detecting CXX compile features
[0.633s] -- Detecting CXX compile features - done
[0.637s] -- Found ament_cmake: 2.5.4 (/opt/ros/jazzy/share/ament_cmake/cmake)
[0.901s] -- Found Python3: /usr/bin/python3 (found version "3.12.3") found components: Interpreter 
[1.028s] -- Override CMake install command with custom implementation using symlinks instead of copying resources
[1.082s] -- Found builtin_interfaces: 2.0.3 (/opt/ros/jazzy/share/builtin_interfaces/cmake)
[1.146s] -- Found rosidl_generator_c: 4.6.6 (/opt/ros/jazzy/share/rosidl_generator_c/cmake)
[1.167s] -- Found rosidl_generator_cpp: 4.6.6 (/opt/ros/jazzy/share/rosidl_generator_cpp/cmake)
[1.192s] -- Using all available rosidl_typesupport_c: rosidl_typesupport_fastrtps_c;rosidl_typesupport_introspection_c
[1.222s] -- Using all available rosidl_typesupport_cpp: rosidl_typesupport_fastrtps_cpp;rosidl_typesupport_introspection_cpp
[1.247s] -- Found rosidl_default_generators: 1.6.0 (/opt/ros/jazzy/share/rosidl_default_generators/cmake)
[1.270s] -- Found rosidl_adapter: 4.6.6 (/opt/ros/jazzy/share/rosidl_adapter/cmake)
[3.842s] -- Found ament_cmake_ros: 0.12.0 (/opt/ros/jazzy/share/ament_cmake_ros/cmake)
